BLASTN 2.2.27+


Reference: Zheng Zhang, Scott Schwartz, Lukas Wagner, and Webb
Miller (2000), "A greedy algorithm for aligning DNA sequences", J
Comput Biol 2000; 7(1-2):203-14.



Database: /var/www/html/neurobase/seq_view/database/5/NTDatabaseFile.fas
           39,349 sequences; 39,028,800 total letters



Query= 
Length=1816


***** No hits found *****



Lambda      K        H
    1.33    0.621     1.12 

Gapped
Lambda      K        H
    1.28    0.460    0.850 

Effective search space used: 68030249540


  Database: /var/www/html/neurobase/seq_view/database/5/NTDatabaseFile.fas
    Posted date:  Mar 7, 2013  4:15 PM
  Number of letters in database: 39,028,800
  Number of sequences in database:  39,349



Matrix: blastn matrix 1 -2
Gap Penalties: Existence: 0, Extension: 2.5
