100 367
101 389
102 358
103 374
104 319
105 146
106 332
107 161
108 356
109 301
110 357
111 306
112 211
113 260
114 326
115 488
116 425
117 233
118 300
119 184
120 257
121 160
122 120
123 423
124 334
125 376
126 350
127 413
128 360
129 306
130 354
131 272
132 326
133 363
134 276
135 279
136 238
137 356
138 286
139 457
140 400
141 355
142 304
143 382
144 230
145 196
146 343
147 382
148 275
149 318
150 181
151 238
152 190
153 304
154 312
155 358
156 379
157 296
158 374
159 393
160 281
161 310
162 298
163 339
164 305
165 307
166 49
167 219
168 299
169 414
170 345
171 200
172 269
173 302
174 295
175 153
176 316
177 292
178 351
179 301
180 369
181 30
182 252
183 292
184 348
185 225
186 244
187 290
188 310
189 239
190 326
191 284
192 283
193 268
194 411
195 334
196 309
197 204
198 304
199 166
200 348
201 518
202 309
203 390
204 323
205 363
206 139
207 325
208 291
209 339
210 379
211 238
212 259
213 329
214 261
215 328
216 273
217 153
218 231
219 284
220 280
221 349
222 244
223 199
224 337
225 308
226 223
227 252
228 219
229 265
230 155
231 262
232 244
233 279
234 159
235 262
236 329
237 289
238 438
239 307
240 210
241 78
242 146
243 177
244 382
245 261
246 288
247 161
248 181
249 214
250 138
251 278
252 192
253 296
254 268
255 170
256 307
257 224
258 186
259 210
260 233
261 292
262 412
263 265
264 266
265 114
266 225
267 421
268 207
269 42
270 264
271 238
272 257
273 289
274 186
275 264
276 176
277 252
278 265
279 294
280 285
281 238
282 247
283 265
284 290
285 213
286 282
287 232
288 348
289 257
290 243
291 233
292 323
293 256
294 224
295 268
296 255
297 238
298 193
299 342
300 272
301 271
302 248
303 252
304 274
305 217
306 130
307 226
308 267
309 230
310 238
311 223
312 199
313 284
314 230
315 234
316 259
317 283
318 199
319 252
320 258
321 165
322 257
323 315
324 217
325 347
326 211
327 262
328 282
329 219
330 160
331 139
332 302
333 210
334 155
335 227
336 233
337 125
338 174
339 208
340 157
341 327
342 252
343 225
344 222
345 240
346 254
347 135
348 173
349 226
350 231
351 226
352 200
353 226
354 281
355 224
356 234
357 227
358 214
359 205
360 243
361 165
362 174
363 236
364 181
365 255
366 189
367 135
368 219
369 239
370 209
371 162
372 255
373 242
374 143
375 213
376 201
377 271
378 197
379 151
380 119
381 254
382 200
383 281
384 211
385 207
386 186
387 165
388 185
389 182
390 206
391 225
392 202
393 284
394 206
395 207
396 153
397 170
398 134
399 179
400 237
401 145
402 206
403 262
404 56
405 129
406 256
407 243
408 256
409 218
410 102
411 203
412 248
413 237
414 193
415 228
416 202
417 239
418 235
419 192
420 189
421 220
422 151
423 244
424 114
425 194
426 156
427 136
428 181
429 377
430 156
431 255
432 108
433 240
434 215
435 225
436 124
437 208
438 193
439 178
440 265
441 244
442 146
443 213
444 244
445 186
446 177
447 140
448 372
449 194
45 482
450 179
451 168
452 258
453 253
454 227
455 133
456 106
457 213
458 167
459 187
46 399
460 150
461 232
462 100
463 301
464 231
465 152
466 170
467 230
468 215
469 223
47 476
470 265
471 207
472 161
473 162
474 199
475 215
476 201
477 174
478 152
479 200
48 473
480 218
481 184
482 156
483 225
484 176
485 197
486 222
487 205
488 208
489 271
49 582
490 178
491 183
492 189
493 211
494 174
495 144
496 100
497 101
498 207
499 206
50 409
500 150
501 178
502 128
503 243
504 164
505 163
506 198
507 286
508 142
509 105
51 460
510 114
511 193
512 158
513 213
514 173
515 459
516 98
517 183
518 203
519 206
52 478
520 137
521 221
522 207
523 230
524 186
525 285
526 198
527 210
528 30
529 179
53 575
530 179
531 141
532 101
533 22
534 135
535 160
536 187
537 202
538 142
539 168
54 432
540 200
541 184
542 182
543 171
544 205
545 194
546 139
547 187
548 207
549 202
55 376
550 146
551 210
552 191
553 158
554 157
555 198
556 160
557 227
558 216
559 224
56 670
560 192
561 89
562 211
563 140
564 210
565 271
566 169
567 163
568 226
569 393
57 451
570 199
571 261
572 95
573 201
574 103
575 135
576 694
577 208
578 172
579 145
58 455
580 37
581 155
582 151
583 191
584 219
585 103
586 133
587 148
588 119
589 193
59 429
590 106
591 182
592 203
593 164
594 161
595 127
596 198
597 182
598 142
599 191
60 414
600 132
601 68
602 155
603 222
604 144
605 138
606 192
607 174
608 164
609 150
61 394
610 202
611 160
612 157
613 152
614 200
615 165
616 192
617 117
618 204
619 181
62 444
620 213
621 238
622 116
623 81
624 242
625 193
626 110
627 173
628 57
629 138
63 484
630 158
631 157
632 155
633 183
634 154
635 109
636 185
637 176
638 194
639 102
64 399
640 218
641 131
642 204
643 210
644 104
645 170
646 104
647 156
648 122
649 163
65 311
650 179
651 105
652 153
653 142
654 174
655 157
656 154
657 209
658 156
659 242
66 270
660 103
661 131
662 153
663 117
664 136
665 149
666 260
67 497
68 399
69 481
70 525
71 390
72 409
73 479
74 398
75 478
76 350
77 324
78 385
79 502
80 396
81 364
82 451
83 407
84 309
85 412
86 399
87 359
88 491
89 370
90 394
91 491
92 392
93 508
94 317
95 605
96 281
97 363
98 338
99 396
