100 0.038 0.050 0.041 0.063 0.000 0.126 0.000 0.000 0.132 0.116 0.964 0.949 0.958 0.939 0.999 0.873 1.002 0.999 0.867 0.883 
101 0.072 0.000 0.047 0.000 0.047 0.069 0.069 0.041 0.031 0.041 0.928 1.000 0.953 1.000 0.953 0.931 0.931 0.959 0.969 0.959 
102 0.176 0.532 0.094 0.255 0.123 0.025 0.264 0.214 0.261 0.494 0.825 0.469 0.907 0.743 0.878 0.976 0.733 0.787 0.740 0.504 
103 0.000 0.098 0.000 0.151 0.038 0.038 0.038 0.041 0.000 0.041 1.002 0.901 1.002 0.848 0.961 0.964 0.961 0.961 0.999 0.958 
104 0.088 0.025 0.025 0.022 0.000 0.073 0.022 0.000 0.098 0.528 0.913 0.973 0.976 0.976 1.002 0.926 0.979 0.998 0.904 0.471 
105 0.238 0.260 0.079 0.038 0.048 0.032 0.041 0.000 0.076 0.076 0.764 0.739 0.920 0.964 0.951 0.967 0.961 0.999 0.923 0.923 
106 0.000 0.102 0.057 0.000 0.133 0.000 0.000 0.000 0.000 0.044 1.001 0.899 0.944 0.998 0.867 1.001 0.998 1.001 1.001 0.953 
107 0.271 0.516 0.650 0.099 0.000 0.000 0.000 0.000 0.000 0.204 0.729 0.484 0.350 0.901 1.000 1.000 1.000 1.000 1.000 0.796 
108 0.051 0.000 0.000 0.112 0.000 0.000 0.172 0.198 0.083 0.038 0.950 1.001 1.001 0.886 1.001 1.001 0.826 0.803 0.918 0.960 
109 0.061 0.000 0.390 0.090 0.132 0.090 0.171 0.970 0.999 0.890 0.941 0.999 0.609 0.909 0.867 0.912 0.828 0.029 0.000 0.110 
110 0.081 0.175 0.000 0.039 0.000 0.127 0.000 0.032 0.094 0.094 0.919 0.825 1.000 0.961 1.000 0.874 1.000 0.968 0.906 0.903 
111 0.000 0.058 0.136 0.000 0.000 0.000 0.127 0.000 0.042 0.130 1.001 0.942 0.864 1.001 0.997 1.001 0.874 1.001 0.958 0.867 
112 0.574 1.001 0.698 0.046 0.065 0.000 0.280 0.085 0.205 0.082 0.427 0.000 0.303 0.952 0.936 1.001 0.717 0.916 0.796 0.916 
113 0.000 0.036 0.000 0.114 0.052 0.170 0.062 0.101 0.085 0.186 1.003 0.963 0.999 0.885 0.947 0.833 0.937 0.898 0.914 0.813 
114 0.000 0.000 0.082 0.082 0.082 0.000 0.043 0.000 0.000 0.000 1.001 1.001 0.919 0.919 0.915 1.001 0.958 1.001 1.001 0.997 
115 0.105 0.043 0.049 0.184 0.223 0.092 0.095 0.256 0.095 0.207 0.897 0.956 0.952 0.814 0.778 0.906 0.906 0.742 0.906 0.791 
116 0.003 0.030 0.000 0.125 0.000 0.000 0.000 0.000 0.000 0.053 1.000 0.970 1.000 0.875 1.000 1.000 1.000 1.000 1.000 0.947 
117 0.033 0.040 0.000 0.468 0.629 0.280 0.635 0.468 0.257 0.250 0.968 0.961 1.001 0.530 0.372 0.721 0.362 0.533 0.744 0.747 
118 0.026 0.115 0.046 0.115 0.040 0.000 0.106 0.000 0.132 0.132 0.976 0.884 0.953 0.884 0.960 1.003 0.894 0.999 0.867 0.867 
119 0.080 0.056 0.116 0.083 0.063 0.040 0.106 0.169 0.176 0.000 0.923 0.943 0.883 0.917 0.937 0.960 0.893 0.830 0.824 1.000 
120 0.040 0.103 0.043 0.387 0.317 0.293 0.253 0.796 0.900 0.043 0.963 0.896 0.956 0.613 0.683 0.706 0.746 0.203 0.100 0.956 
121 0.170 0.124 0.120 0.147 0.087 0.347 0.174 0.144 0.207 0.080 0.832 0.875 0.882 0.852 0.912 0.655 0.825 0.858 0.792 0.919 
122 0.200 0.174 0.190 0.418 0.999 0.461 0.658 0.999 0.999 0.879 0.802 0.825 0.809 0.585 0.000 0.538 0.344 0.000 0.000 0.120 
123 0.084 0.040 0.000 0.000 0.030 0.000 0.030 0.030 0.000 0.124 0.918 0.961 0.998 1.001 0.968 1.001 0.971 0.968 1.001 0.874 
124 0.094 0.094 0.000 0.000 0.114 0.030 0.141 0.289 0.275 0.944 0.907 0.907 1.001 1.001 0.883 0.970 0.860 0.712 0.725 0.054 
125 0.074 0.081 0.592 0.000 0.319 0.484 0.249 0.471 0.195 0.444 0.928 0.918 0.410 0.999 0.679 0.518 0.750 0.531 0.804 0.555 
126 0.044 0.040 0.000 0.000 0.000 0.067 0.000 0.000 0.087 0.303 0.959 0.959 0.999 0.999 0.999 0.935 0.999 0.999 0.912 0.697 
127 0.034 0.732 0.998 0.796 0.192 0.175 0.202 0.131 0.013 0.111 0.968 0.270 0.000 0.206 0.806 0.826 0.799 0.866 0.988 0.887 
128 0.165 0.081 0.094 0.105 0.159 0.094 0.081 0.101 0.101 0.135 0.836 0.917 0.907 0.894 0.843 0.904 0.921 0.897 0.901 0.863 
129 0.095 0.058 0.085 0.044 0.054 0.044 0.149 0.098 1.000 0.753 0.905 0.942 0.915 0.956 0.946 0.956 0.851 0.902 0.000 0.247 
130 0.339 0.292 0.231 0.281 0.180 0.485 0.322 0.000 0.139 0.546 0.661 0.709 0.770 0.719 0.821 0.515 0.678 1.000 0.861 0.451 
131 0.185 0.185 0.851 0.998 0.350 0.436 0.089 0.082 0.062 0.000 0.816 0.813 0.151 0.000 0.652 0.563 0.913 0.916 0.940 0.998 
132 0.090 0.293 0.048 0.231 0.000 0.048 0.000 0.000 0.121 0.038 0.913 0.706 0.951 0.772 0.999 0.951 1.002 0.999 0.878 0.961 
133 0.129 0.105 0.000 0.073 0.174 0.108 0.209 0.268 0.669 0.244 0.871 0.895 1.000 0.927 0.826 0.892 0.791 0.732 0.331 0.756 
134 0.293 0.000 0.373 0.803 0.000 0.077 0.115 0.080 0.621 0.782 0.709 0.998 0.628 0.195 1.002 0.921 0.887 0.918 0.380 0.216 
135 0.147 0.214 0.364 0.252 0.000 0.035 0.000 0.035 0.000 0.189 0.854 0.788 0.637 0.746 1.001 0.966 0.998 0.966 1.001 0.809 
136 0.000 0.025 0.028 0.056 0.046 0.099 0.053 0.183 0.208 0.381 1.001 0.976 0.973 0.944 0.951 0.902 0.948 0.817 0.793 0.617 
137 0.049 0.236 0.000 0.063 0.000 0.000 0.000 0.067 0.095 0.049 0.952 0.765 0.998 0.938 0.998 1.001 1.001 0.931 0.906 0.949 
138 0.050 0.043 0.199 0.071 0.035 0.000 0.124 0.007 0.000 0.085 0.954 0.957 0.801 0.929 0.964 1.000 0.876 0.993 1.000 0.915 
139 0.925 1.000 1.000 0.889 0.468 1.000 1.000 0.111 0.096 0.000 0.075 0.000 0.000 0.111 0.532 0.000 0.000 0.889 0.904 1.000 
140 0.082 0.332 0.250 0.043 0.000 0.054 0.000 0.150 0.036 0.229 0.918 0.668 0.750 0.957 1.000 0.947 1.000 0.850 0.965 0.768 
141 0.244 0.494 0.115 0.136 0.025 0.036 0.025 0.036 0.000 0.036 0.759 0.505 0.885 0.863 0.974 0.967 0.974 0.963 0.999 0.963 
142 0.050 0.000 0.050 0.090 0.108 0.000 0.047 0.000 0.154 0.000 0.950 1.000 0.950 0.910 0.892 1.000 0.953 1.000 0.846 1.000 
143 0.000 0.000 0.212 0.122 0.385 0.202 0.184 0.353 0.184 0.061 1.001 1.001 0.789 0.875 0.616 0.799 0.814 0.648 0.817 0.936 
144 0.000 0.069 0.000 0.043 0.054 0.473 0.166 0.043 0.098 0.051 1.001 0.932 1.001 0.957 0.943 0.527 0.835 0.957 0.903 0.947 
145 0.036 0.000 0.000 0.000 0.051 0.054 0.000 0.000 0.000 0.173 0.965 1.001 1.001 0.997 0.950 0.947 0.997 1.001 1.001 0.824 
146 0.058 0.054 0.000 0.199 0.025 0.329 0.083 0.080 0.025 0.391 0.945 0.945 0.999 0.803 0.974 0.670 0.919 0.919 0.974 0.608 
147 0.080 0.000 0.000 0.000 0.000 0.000 0.000 0.000 0.000 0.410 0.922 0.998 1.002 0.998 1.002 0.998 1.002 0.998 1.002 0.588 
148 0.000 0.000 0.000 0.000 0.000 0.000 0.000 0.000 0.040 0.040 1.000 1.000 1.000 1.000 1.000 1.000 1.000 1.000 0.960 0.957 
149 0.455 0.815 0.233 0.480 0.582 0.269 0.047 0.142 0.073 0.215 0.546 0.186 0.768 0.520 0.415 0.731 0.953 0.859 0.928 0.782 
150 0.120 0.062 0.058 0.000 0.044 0.044 0.168 0.998 1.002 0.470 0.882 0.936 0.944 0.998 0.958 0.954 0.834 0.000 0.000 0.528 
151 0.179 0.263 0.507 0.106 0.077 0.161 0.000 0.000 0.051 0.051 0.821 0.737 0.493 0.894 0.924 0.840 1.000 1.000 0.949 0.946 
152 0.081 0.040 0.157 0.231 0.044 0.659 0.695 0.044 0.183 0.359 0.922 0.959 0.842 0.769 0.955 0.344 0.304 0.955 0.816 0.641 
153 0.114 0.553 0.370 0.260 0.176 0.070 0.059 0.154 0.040 0.308 0.887 0.447 0.630 0.740 0.824 0.931 0.942 0.846 0.960 0.689 
154 0.147 0.000 0.059 0.000 0.040 0.040 0.176 0.000 0.136 0.044 0.855 1.001 0.939 1.001 0.957 0.961 0.825 0.998 0.866 0.954 
155 0.239 0.155 0.272 0.000 0.059 0.000 0.000 0.066 0.225 0.055 0.762 0.847 0.725 1.001 0.939 1.001 1.001 0.932 0.777 0.943 
156 0.081 0.000 0.000 0.077 0.000 0.000 0.000 0.000 0.000 0.074 0.921 0.999 0.999 0.925 0.999 0.999 1.003 0.999 0.999 0.925 
157 0.041 0.044 0.000 0.092 0.218 0.114 0.096 0.000 0.048 0.000 0.963 0.955 1.000 0.907 0.782 0.885 0.904 1.000 0.952 1.000 
158 0.085 0.000 0.225 0.052 0.000 0.000 0.144 0.144 0.107 0.000 0.915 1.000 0.775 0.948 1.000 1.000 0.856 0.856 0.893 1.000 
159 0.048 0.233 0.214 0.392 0.137 0.000 0.000 0.085 0.166 0.018 0.954 0.765 0.787 0.606 0.865 0.998 1.002 0.913 0.835 0.980 
160 0.123 0.219 0.000 0.059 0.000 0.082 0.082 0.453 0.197 0.000 0.881 0.780 1.000 0.940 1.000 0.918 0.918 0.546 0.803 1.000 
161 0.000 0.606 0.108 0.000 0.048 0.037 0.037 0.000 0.045 0.063 1.000 0.394 0.892 1.000 0.952 0.963 0.963 1.000 0.955 0.937 
162 0.033 0.033 0.115 0.000 0.000 0.000 0.000 0.000 0.227 0.171 0.967 0.967 0.885 1.000 1.000 1.000 1.000 1.000 0.773 0.829 
163 0.056 0.116 0.101 0.056 0.056 0.000 0.004 0.146 0.000 0.000 0.945 0.885 0.900 0.945 0.941 1.001 0.997 0.855 1.001 0.997 
164 0.060 0.000 0.000 0.000 0.000 0.209 0.045 0.131 0.112 0.120 0.941 1.001 1.001 0.997 1.001 0.792 0.953 0.870 0.889 0.878 
165 0.172 0.183 0.000 0.333 0.116 0.392 0.000 0.254 0.022 0.000 0.830 0.818 0.998 0.669 0.882 0.609 1.001 0.744 0.979 0.998 
166 0.132 0.075 0.116 0.116 0.158 0.154 0.188 0.154 0.120 0.154 0.872 0.924 0.883 0.883 0.842 0.846 0.812 0.846 0.879 0.846 
167 0.000 0.139 0.053 0.226 0.169 0.102 0.218 0.094 0.049 0.120 1.000 0.861 0.948 0.775 0.831 0.899 0.782 0.906 0.951 0.876 
168 0.045 0.132 0.395 0.000 0.440 0.139 0.045 0.102 0.135 0.530 0.956 0.869 0.606 1.001 0.557 0.862 0.956 0.899 0.865 0.467 
169 0.339 0.128 0.000 0.132 0.346 0.094 0.613 0.181 0.015 0.000 0.662 0.873 1.001 0.866 0.655 0.907 0.384 0.820 0.986 0.997 
170 0.060 0.000 0.000 0.151 0.000 0.211 0.354 0.222 0.362 0.000 0.942 0.999 0.999 0.852 0.999 0.788 0.648 0.776 0.637 0.999 
171 0.147 0.000 0.060 0.057 0.000 0.057 0.057 0.075 0.000 0.106 0.856 0.999 0.939 0.946 0.999 0.942 0.946 0.923 0.999 0.893 
172 0.053 0.076 0.049 0.129 0.000 0.117 0.102 0.185 0.049 0.291 0.949 0.922 0.953 0.870 1.002 0.881 0.900 0.813 0.953 0.707 
173 0.542 0.299 0.508 0.508 0.220 0.163 0.000 0.049 0.064 0.000 0.458 0.701 0.492 0.492 0.780 0.837 1.000 0.951 0.936 1.000 
174 0.000 0.000 0.000 0.000 0.099 0.000 0.000 0.000 0.046 0.130 1.002 0.998 1.002 0.998 0.903 0.998 1.002 0.998 0.956 0.869 
175 0.054 0.088 0.088 0.134 0.000 0.111 0.539 1.002 0.998 0.650 0.949 0.910 0.914 0.865 0.998 0.891 0.459 0.000 0.000 0.348 
176 0.042 0.000 0.042 0.176 0.050 0.123 0.107 0.000 0.000 0.000 0.961 1.000 0.957 0.823 0.950 0.877 0.892 1.000 1.000 1.000 
177 0.080 0.111 0.253 0.057 0.146 0.467 0.123 0.038 0.046 0.000 0.920 0.889 0.747 0.943 0.854 0.533 0.877 0.962 0.954 1.000 
178 0.184 0.027 0.153 0.073 0.111 0.023 0.138 0.077 0.069 0.057 0.816 0.974 0.847 0.928 0.889 0.977 0.862 0.924 0.931 0.939 
179 0.127 0.165 0.042 0.219 0.289 0.088 0.042 0.000 0.000 0.281 0.873 0.835 0.958 0.781 0.712 0.912 0.958 1.000 1.000 0.716 
180 0.104 0.096 0.050 0.116 0.270 0.000 0.050 0.185 0.246 0.146 0.897 0.905 0.951 0.882 0.732 1.001 0.947 0.816 0.755 0.851 
181 0.890 0.998 1.002 0.998 1.002 0.998 1.002 0.640 0.432 0.890 0.112 0.000 0.000 0.000 0.000 0.000 0.000 0.358 0.570 0.108 
182 0.000 0.000 0.062 0.000 0.100 0.100 0.000 0.000 0.000 0.000 1.002 0.998 0.940 0.998 0.902 0.898 1.002 0.998 1.002 0.998 
183 0.356 0.600 0.217 0.116 0.155 0.000 0.066 0.070 0.043 0.170 0.647 0.399 0.782 0.883 0.844 1.003 0.933 0.930 0.957 0.829 
184 0.000 0.000 0.113 0.043 0.101 0.093 0.051 0.187 0.490 0.191 1.000 1.000 0.887 0.957 0.899 0.907 0.949 0.813 0.510 0.809 
185 0.121 0.000 0.000 0.000 0.000 0.000 0.039 0.058 0.000 0.070 0.880 1.001 1.001 0.997 1.001 1.001 0.958 0.943 1.001 0.927 
186 0.227 0.090 0.110 0.114 0.000 0.317 0.180 0.164 0.301 0.184 0.775 0.908 0.892 0.885 1.002 0.681 0.822 0.834 0.701 0.814 
187 0.035 0.235 0.000 0.000 0.047 0.047 0.000 0.067 0.000 0.442 0.967 0.764 1.002 0.998 0.951 0.955 0.998 0.936 0.998 0.556 
188 0.047 0.067 0.027 0.043 0.016 0.063 0.063 0.000 0.000 0.145 0.956 0.932 0.971 0.960 0.983 0.936 0.940 0.999 0.999 0.854 
189 0.000 0.000 0.204 0.416 0.082 0.000 0.051 0.043 0.082 0.000 1.000 1.000 0.796 0.584 0.918 1.000 0.949 0.957 0.918 1.000 
190 0.086 0.102 0.043 0.008 0.031 0.106 0.055 0.000 0.161 0.000 0.914 0.899 0.958 0.993 0.965 0.895 0.946 1.001 0.840 0.997 
191 0.000 0.099 0.000 0.063 0.075 0.043 0.063 0.075 0.000 0.071 1.002 0.900 1.002 0.935 0.923 0.959 0.935 0.927 0.998 0.927 
192 0.103 0.055 0.000 0.000 0.103 0.114 0.000 0.000 0.000 0.087 0.900 0.944 0.999 1.003 0.896 0.884 1.003 0.999 0.999 0.912 
193 0.700 0.483 0.123 0.134 0.150 0.245 0.047 0.858 0.562 0.095 0.301 0.518 0.878 0.866 0.847 0.756 0.953 0.142 0.439 0.902 
194 0.036 0.095 0.131 0.123 0.123 0.000 0.000 0.032 0.103 0.000 0.966 0.903 0.871 0.875 0.879 0.998 1.002 0.966 0.899 0.998 
195 0.000 0.000 0.000 0.064 0.000 0.072 0.072 0.111 0.103 0.135 1.002 1.002 0.998 0.938 0.998 0.930 0.930 0.886 0.898 0.862 
196 0.000 0.000 0.100 0.000 0.068 0.000 0.163 0.040 0.000 0.084 1.004 1.000 0.900 1.000 0.932 1.000 0.836 0.960 1.000 0.916 
197 0.845 0.578 0.048 0.052 0.068 0.108 0.056 0.120 0.032 0.032 0.155 0.422 0.952 0.948 0.932 0.892 0.944 0.880 0.968 0.968 
198 0.901 1.001 0.404 0.180 0.124 0.048 0.060 0.152 0.372 0.052 0.100 0.000 0.596 0.821 0.873 0.953 0.941 0.849 0.629 0.945 
199 0.088 0.080 0.008 0.072 0.100 0.000 0.036 0.032 0.000 0.000 0.913 0.921 0.993 0.929 0.897 1.001 0.965 0.969 1.001 0.997 
200 0.056 0.044 0.032 0.028 0.048 0.000 0.044 0.000 0.000 0.000 0.946 0.958 0.966 0.974 0.950 1.002 0.958 0.998 1.002 0.998 
201 0.076 0.104 0.052 0.108 0.104 0.100 0.060 0.156 0.449 0.994 0.926 0.894 0.950 0.890 0.898 0.898 0.942 0.842 0.553 0.004 
202 0.000 0.112 0.060 0.044 0.000 0.000 0.020 0.453 0.200 0.209 1.002 0.886 0.942 0.954 0.998 1.002 0.978 0.549 0.798 0.790 
203 0.092 0.209 0.181 0.092 0.080 0.132 0.325 0.237 0.144 0.365 0.911 0.790 0.818 0.911 0.919 0.866 0.678 0.762 0.854 0.634 
204 0.285 0.241 0.229 0.173 0.345 0.072 0.177 0.177 0.281 0.152 0.718 0.758 0.770 0.827 0.654 0.931 0.823 0.823 0.718 0.847 
205 0.000 0.056 0.113 0.000 0.060 0.048 0.157 0.282 0.415 0.435 1.002 0.942 0.890 0.998 0.938 0.954 0.841 0.721 0.584 0.564 
206 0.927 0.999 0.294 0.210 0.024 0.056 0.351 0.149 0.048 0.089 0.077 0.000 0.705 0.790 0.975 0.947 0.649 0.850 0.951 0.911 
207 0.000 0.089 0.000 0.118 0.000 0.000 0.138 0.000 0.126 0.077 1.001 0.912 1.001 0.883 0.997 1.001 0.863 1.001 0.875 0.920 
208 0.146 0.130 0.000 0.000 0.195 0.450 0.341 0.142 0.057 0.045 0.856 0.869 1.002 0.998 0.804 0.552 0.657 0.860 0.942 0.954 
209 0.110 0.073 0.000 0.000 0.000 0.000 0.000 0.000 0.053 0.118 0.893 0.926 0.999 1.003 0.999 0.999 1.003 0.999 0.946 0.881 
210 0.094 0.224 0.000 0.130 0.085 0.000 0.000 0.142 0.000 0.220 0.908 0.777 1.001 0.867 0.916 1.001 0.997 0.859 1.001 0.777 
211 0.020 0.110 0.314 0.282 0.151 0.000 0.469 0.184 0.069 0.057 0.980 0.890 0.686 0.718 0.849 1.000 0.531 0.816 0.931 0.943 
212 0.335 0.163 0.270 0.065 0.061 0.212 0.519 0.364 0.580 0.069 0.666 0.837 0.731 0.935 0.935 0.788 0.482 0.637 0.421 0.927 
213 0.061 0.057 0.049 0.000 0.049 0.098 0.000 0.115 0.000 0.086 0.939 0.943 0.951 1.000 0.951 0.902 1.000 0.885 1.000 0.914 
214 0.000 0.000 0.000 0.070 0.000 0.000 0.070 0.144 0.049 0.000 1.000 1.000 1.000 0.931 1.000 1.000 0.931 0.857 0.951 0.996 
215 0.275 0.562 0.115 0.000 0.000 0.000 0.131 0.049 0.000 0.049 0.726 0.439 0.886 1.000 1.000 1.000 0.869 0.951 1.000 0.947 
216 0.000 0.000 0.049 0.053 0.144 0.000 0.057 0.053 0.209 0.164 1.001 1.001 0.952 0.944 0.858 1.001 0.940 0.948 0.792 0.833 
217 0.569 1.001 0.882 0.350 1.001 1.001 0.449 0.301 0.045 0.218 0.433 0.000 0.119 0.647 0.000 0.000 0.548 0.700 0.956 0.779 
218 0.136 0.062 0.000 0.272 0.354 0.000 0.070 0.082 0.054 0.000 0.866 0.940 0.998 0.730 0.643 1.002 0.932 0.915 0.948 0.998 
219 0.000 0.000 0.223 0.153 0.363 0.260 0.000 0.153 0.116 0.000 1.002 0.998 0.780 0.846 0.635 0.743 0.998 0.850 0.883 0.998 
220 0.000 0.058 0.062 0.075 0.000 0.137 0.000 0.000 0.000 0.166 1.000 0.942 0.938 0.926 1.000 0.863 1.000 1.000 1.000 0.830 
221 0.287 0.000 0.000 0.000 0.000 0.000 0.000 0.225 0.100 0.183 0.715 0.998 1.002 0.998 0.998 1.002 0.998 0.778 0.899 0.815 
222 0.133 0.000 0.000 0.042 0.000 0.042 0.000 0.000 0.046 0.104 0.870 0.999 0.999 0.961 0.999 0.957 1.003 0.999 0.953 0.895 
223 0.483 0.383 0.699 0.712 0.695 0.520 0.508 0.266 0.266 0.062 0.520 0.616 0.300 0.287 0.304 0.483 0.491 0.733 0.733 0.937 
224 0.258 0.000 0.000 0.000 0.000 0.000 0.000 0.058 0.029 0.358 0.742 1.000 1.000 1.000 1.000 1.000 1.000 0.942 0.971 0.638 
225 0.209 0.038 0.050 0.201 0.523 0.192 0.192 0.050 0.000 0.000 0.794 0.962 0.949 0.798 0.477 0.811 0.807 0.949 0.999 0.999 
226 0.117 0.280 0.347 0.439 0.427 0.565 1.000 0.301 0.222 0.297 0.883 0.720 0.653 0.561 0.573 0.435 0.000 0.699 0.778 0.703 
227 0.075 0.055 0.335 0.335 0.000 0.046 0.029 0.109 0.075 0.000 0.927 0.943 0.667 0.662 1.002 0.952 0.973 0.889 0.927 0.998 
228 0.617 0.000 0.000 0.000 0.000 0.000 0.088 0.076 0.076 0.000 0.386 0.999 0.999 1.003 0.999 0.999 0.915 0.923 0.923 0.999 
229 0.051 0.101 0.101 0.156 0.076 0.051 0.206 0.097 0.110 0.000 0.952 0.897 0.901 0.842 0.922 0.952 0.792 0.906 0.889 0.998 
230 0.076 0.088 0.000 0.000 0.000 0.042 0.122 0.139 0.084 0.000 0.927 0.910 0.999 1.003 0.999 0.957 0.881 0.860 0.914 0.999 
231 0.529 0.681 0.000 0.360 0.000 0.190 0.068 0.051 0.254 0.047 0.474 0.317 0.999 0.643 0.999 0.808 0.935 0.948 0.745 0.952 
232 0.042 0.323 0.242 0.000 0.204 0.284 0.297 0.025 0.255 0.191 0.959 0.679 0.756 1.002 0.794 0.717 0.705 0.972 0.747 0.806 
233 0.328 0.188 0.107 0.072 0.102 0.000 0.000 0.000 0.000 0.098 0.674 0.810 0.896 0.925 0.900 0.998 1.002 0.998 1.002 0.900 
234 0.000 0.000 0.000 0.000 0.111 0.000 0.000 0.000 0.000 0.102 1.003 0.999 0.999 0.999 0.888 1.003 0.999 0.999 0.999 0.897 
235 0.295 0.038 0.017 0.000 0.000 0.068 0.081 0.500 0.359 0.141 0.705 0.962 0.983 1.000 1.000 0.932 0.919 0.500 0.641 0.859 
236 0.000 0.038 0.026 0.000 0.000 0.000 0.000 0.043 0.338 0.316 1.000 0.962 0.975 1.000 1.000 1.000 1.000 0.958 0.663 0.680 
237 0.000 0.000 0.051 0.000 0.000 0.000 0.009 0.317 0.000 0.270 1.002 1.002 0.946 1.002 0.997 1.002 0.993 0.681 1.002 0.728 
238 0.193 0.056 0.125 0.056 0.129 0.099 0.176 0.352 0.296 0.073 0.808 0.945 0.876 0.945 0.868 0.902 0.825 0.649 0.704 0.924 
239 0.000 0.172 0.052 0.069 0.000 0.043 0.000 0.000 0.000 0.000 1.003 0.827 0.947 0.934 0.999 0.956 1.003 0.999 0.999 0.999 
240 0.108 0.142 0.000 0.108 0.142 0.000 0.159 0.134 0.009 0.000 0.896 0.857 0.999 0.891 0.857 1.003 0.840 0.866 0.991 0.999 
241 0.056 0.000 0.090 0.801 1.000 1.000 0.681 0.095 0.000 0.095 0.948 1.000 0.909 0.198 0.000 0.000 0.319 0.905 1.000 0.905 
242 0.164 0.065 0.000 0.250 0.078 0.138 0.142 1.000 1.000 0.957 0.836 0.935 1.000 0.750 0.922 0.862 0.858 0.000 0.000 0.043 
243 0.582 0.284 0.181 0.353 0.241 0.690 0.983 0.000 0.121 0.121 0.418 0.716 0.819 0.647 0.759 0.310 0.017 1.000 0.879 0.879 
244 0.177 0.065 0.078 0.380 0.293 0.142 0.078 0.129 0.000 0.000 0.824 0.937 0.924 0.617 0.708 0.859 0.919 0.872 1.001 0.997 
245 0.052 0.000 0.000 0.065 0.026 0.000 0.256 0.104 0.143 0.169 0.949 1.001 1.001 0.932 0.975 1.001 0.741 0.897 0.858 0.828 
246 0.035 0.030 0.000 0.139 0.048 0.100 0.061 0.061 0.000 0.000 0.968 0.968 1.003 0.859 0.951 0.903 0.938 0.942 0.998 0.998 
247 0.056 0.474 1.000 1.000 0.995 0.126 0.165 0.000 0.000 0.265 0.947 0.526 0.000 0.000 0.004 0.874 0.834 1.000 1.000 0.734 
248 0.088 0.000 0.044 0.000 0.000 0.109 0.000 0.000 0.114 0.000 0.915 0.998 0.959 0.998 0.998 0.893 0.998 1.003 0.884 0.998 
249 0.272 0.988 0.061 0.066 0.000 0.000 0.000 0.000 0.000 0.843 0.729 0.013 0.939 0.935 0.996 1.001 1.001 1.001 1.001 0.154 
250 0.088 0.048 0.154 0.000 0.479 0.998 1.002 0.998 0.655 0.264 0.914 0.949 0.848 0.998 0.523 0.000 0.000 0.000 0.347 0.734 
251 0.379 0.440 0.330 0.286 0.163 0.251 0.136 0.242 0.216 0.053 0.625 0.559 0.669 0.713 0.836 0.753 0.863 0.757 0.783 0.946 
252 0.185 0.022 0.040 0.000 0.000 0.048 0.000 0.304 0.053 0.000 0.815 0.978 0.961 1.000 1.000 0.952 1.000 0.696 0.948 0.996 
253 0.044 0.199 0.163 0.163 0.141 0.115 0.428 0.093 0.000 0.057 0.957 0.803 0.838 0.834 0.860 0.887 0.569 0.909 1.001 0.940 
254 0.049 0.349 0.049 0.358 0.084 0.071 0.862 0.177 0.199 0.000 0.954 0.650 0.950 0.645 0.915 0.928 0.141 0.822 0.800 0.999 
255 0.146 0.500 0.619 0.942 0.473 0.186 0.040 0.000 0.000 0.000 0.858 0.500 0.380 0.057 0.526 0.818 0.959 0.999 0.999 0.999 
256 0.125 0.160 0.258 0.383 0.178 0.245 0.000 0.183 0.463 0.530 0.877 0.841 0.739 0.619 0.819 0.757 1.002 0.815 0.539 0.467 
257 0.036 0.000 0.098 0.000 0.000 0.089 0.000 0.631 1.002 0.528 0.966 1.002 0.899 1.002 0.997 0.912 1.002 0.367 0.000 0.470 
258 0.112 0.049 0.058 0.000 0.000 0.121 0.000 0.000 0.054 0.000 0.890 0.949 0.944 0.998 1.002 0.877 1.002 0.998 0.949 0.998 
259 0.000 0.000 0.000 0.000 0.000 0.000 0.054 0.063 0.000 0.058 1.003 0.998 1.003 0.998 0.998 1.003 0.944 0.940 0.998 0.940 
260 0.000 0.000 0.000 0.148 0.067 0.000 0.067 0.000 0.067 0.220 1.000 1.000 1.000 0.852 0.933 1.000 0.933 1.000 0.933 0.776 
261 0.140 0.000 0.140 0.000 0.315 0.410 0.000 0.000 0.000 0.059 0.860 1.000 0.860 1.000 0.685 0.590 1.000 1.000 1.000 0.941 
262 0.063 0.072 0.000 0.000 0.000 0.086 0.000 0.104 0.239 0.771 0.938 0.929 1.001 1.001 0.996 0.915 1.001 0.897 0.762 0.225 
263 0.054 0.054 0.000 0.081 0.063 0.059 0.081 0.000 0.000 0.000 0.948 0.944 1.002 0.916 0.939 0.939 0.921 0.998 1.002 0.998 
264 0.077 0.059 0.000 0.000 0.000 0.000 0.000 0.000 0.000 0.041 0.923 0.942 1.000 1.000 1.000 1.000 1.000 1.000 1.000 0.955 
265 0.676 0.590 0.000 0.803 0.944 0.000 0.676 0.590 0.000 0.000 0.327 0.409 0.999 0.200 0.054 0.999 0.327 0.409 0.999 0.999 
266 0.272 0.041 0.000 0.000 0.127 0.064 0.064 0.000 0.000 0.000 0.731 0.958 0.999 0.999 0.872 0.940 0.936 0.999 0.999 0.999 
267 0.970 0.505 0.487 0.546 0.100 0.000 0.187 0.009 0.250 0.164 0.032 0.496 0.510 0.455 0.897 1.002 0.815 0.988 0.751 0.833 
268 0.000 0.059 0.000 0.000 0.137 0.000 0.059 0.000 0.141 0.046 1.004 0.940 0.999 0.999 0.862 1.004 0.940 0.999 0.858 0.953 
269 0.000 0.000 0.000 0.018 0.233 0.105 0.233 0.155 0.160 0.082 1.000 1.000 1.000 0.982 0.767 0.895 0.767 0.845 0.841 0.914 
270 0.270 0.000 0.000 0.220 0.000 0.064 0.000 0.073 0.000 0.000 0.733 0.998 1.003 0.778 0.998 0.939 0.998 0.929 0.998 0.998 
271 0.000 0.000 0.000 0.183 0.225 0.197 0.142 0.096 0.064 0.050 1.004 0.999 0.999 0.816 0.775 0.807 0.857 0.903 0.935 0.949 
272 0.101 0.000 0.060 0.032 0.000 0.000 0.000 0.000 0.000 0.115 0.901 1.002 0.938 0.970 0.997 1.002 1.002 0.997 1.002 0.882 
273 0.069 0.055 0.000 0.042 0.111 0.203 0.000 0.295 0.139 0.055 0.933 0.946 0.997 0.960 0.886 0.799 1.002 0.702 0.863 0.942 
274 0.000 0.000 0.000 0.000 0.000 0.000 0.291 0.541 0.083 0.060 1.003 0.998 1.003 0.998 0.998 1.003 0.707 0.462 0.915 0.938 
275 0.227 0.051 0.436 1.002 0.997 0.320 0.028 0.056 0.000 0.148 0.775 0.951 0.561 0.000 0.000 0.682 0.974 0.942 1.002 0.849 
276 0.566 1.002 0.997 0.863 0.144 0.000 0.060 0.000 0.125 0.000 0.436 0.000 0.000 0.139 0.853 1.002 0.942 0.997 0.877 0.997 
277 0.056 0.084 0.632 0.200 0.000 0.023 0.279 0.237 0.228 0.111 0.948 0.915 0.367 0.804 0.999 0.975 0.725 0.762 0.771 0.887 
278 0.270 0.065 0.070 0.000 0.107 0.088 0.153 0.000 0.116 0.181 0.734 0.934 0.929 0.999 0.892 0.915 0.846 0.999 0.883 0.818 
279 0.163 0.233 0.047 0.098 0.000 0.000 0.000 0.000 0.000 0.056 0.838 0.768 0.954 0.903 1.000 1.000 1.000 1.000 1.000 0.940 
280 0.000 0.000 0.000 0.042 0.000 0.243 0.056 0.000 0.000 0.173 1.000 1.000 1.000 0.958 1.000 0.757 0.944 1.000 1.000 0.827 
281 0.445 0.098 0.000 0.056 0.000 0.000 0.000 0.000 0.056 0.009 0.558 0.900 0.999 0.947 0.999 0.999 1.003 0.999 0.942 0.989 
282 0.052 0.000 0.000 0.155 0.061 0.113 0.061 0.000 0.000 0.085 0.949 1.001 1.001 0.846 0.935 0.888 0.940 1.001 1.001 0.912 
283 0.123 0.127 0.184 0.127 0.118 0.066 0.217 0.226 0.000 0.132 0.882 0.872 0.816 0.872 0.882 0.934 0.783 0.773 1.000 0.868 
284 0.000 0.151 0.151 0.052 0.019 0.071 0.000 0.061 0.000 0.170 1.001 0.850 0.850 0.945 0.983 0.931 0.997 0.940 1.001 0.827 
285 0.128 0.274 0.161 0.232 0.165 0.071 0.137 0.000 0.057 0.194 0.875 0.723 0.842 0.766 0.837 0.927 0.865 0.998 0.946 0.804 
286 0.275 0.251 0.000 0.000 0.000 0.043 0.360 0.279 0.090 0.303 0.730 0.748 1.000 1.000 1.000 0.957 0.640 0.720 0.910 0.696 
287 0.000 0.066 0.062 0.000 0.000 0.000 0.052 0.223 0.498 0.014 1.001 0.935 0.940 0.997 1.001 1.001 0.944 0.778 0.503 0.982 
288 0.048 0.043 0.067 0.000 0.337 0.998 0.803 0.000 0.608 0.000 0.955 0.955 0.936 0.998 0.665 0.000 0.200 0.998 0.394 0.998 
289 0.052 0.304 0.318 0.171 0.000 0.000 0.304 0.062 0.029 0.000 0.951 0.694 0.684 0.827 0.998 1.003 0.694 0.941 0.970 0.998 
290 0.000 0.000 0.091 0.000 0.172 0.143 0.000 0.276 0.319 0.620 1.001 1.001 0.910 1.001 0.825 0.858 1.001 0.724 0.682 0.377 
291 0.000 0.000 0.000 0.000 0.043 0.019 0.062 0.000 0.057 0.000 1.003 0.999 0.999 1.003 0.956 0.979 0.941 0.999 0.941 0.999 
292 0.000 0.000 0.139 0.000 0.162 0.000 0.000 0.139 0.091 0.000 1.003 0.999 0.860 1.003 0.836 0.999 1.003 0.860 0.908 0.999 
293 0.000 0.000 0.077 0.077 0.000 0.000 0.000 0.000 0.000 0.000 1.000 1.000 0.923 0.923 1.000 1.000 1.000 1.000 1.000 1.000 
294 0.058 0.247 0.053 0.000 0.000 0.000 0.000 0.000 0.000 0.068 0.945 0.751 0.945 1.003 0.999 0.999 1.003 0.999 0.999 0.931 
295 0.184 0.179 0.058 0.000 0.000 0.078 0.034 0.044 0.000 0.000 0.819 0.819 0.940 1.003 0.999 0.921 0.969 0.955 0.999 0.999 
296 0.000 0.068 0.068 0.378 0.082 0.000 0.000 0.136 0.058 0.000 1.004 0.932 0.932 0.621 0.917 1.000 1.000 0.864 0.941 1.000 
297 0.000 0.165 0.019 0.000 0.063 0.058 0.000 0.078 0.160 0.078 1.001 0.836 0.982 1.001 0.933 0.943 1.001 0.923 0.841 0.918 
298 0.088 0.165 0.083 0.000 0.000 0.131 0.185 0.112 0.000 0.000 0.914 0.836 0.919 0.997 1.001 0.870 0.812 0.890 1.001 0.997 
299 0.209 0.000 0.000 0.000 0.000 0.141 0.413 0.199 0.146 0.165 0.792 1.001 1.001 0.997 1.001 0.860 0.583 0.802 0.856 0.831 
300 0.190 0.102 0.122 0.102 0.058 0.000 0.068 0.107 0.068 0.409 0.812 0.900 0.875 0.900 0.939 1.002 0.934 0.890 0.934 0.589 
301 0.375 0.000 0.063 0.209 0.317 0.214 0.312 0.487 0.658 0.448 0.628 0.999 0.935 0.794 0.682 0.784 0.692 0.511 0.341 0.550 
302 0.000 0.112 0.034 0.000 0.000 0.000 0.078 0.015 0.000 0.000 1.003 0.887 0.964 1.003 0.999 0.999 0.925 0.984 0.999 0.999 
303 0.122 0.000 0.239 0.000 0.137 0.132 0.049 0.054 0.161 0.107 0.879 1.001 0.762 1.001 0.859 0.869 0.952 0.947 0.840 0.889 
304 0.147 0.000 0.068 0.000 0.000 0.000 0.303 0.000 0.059 0.132 0.855 1.001 0.933 0.997 1.001 1.001 0.694 1.001 0.943 0.865 
305 0.000 0.000 0.000 0.000 0.000 0.000 0.000 0.000 0.093 0.034 1.004 1.000 1.000 1.000 1.000 1.000 1.000 1.000 0.906 0.965 
306 0.930 0.827 0.025 0.059 0.000 0.000 0.192 0.000 0.034 0.143 0.074 0.172 0.974 0.940 0.999 1.004 0.807 0.999 0.965 0.856 
307 0.000 0.000 0.000 0.000 0.000 0.054 0.000 0.079 0.000 0.000 1.004 0.999 0.999 0.999 0.999 0.950 0.999 0.920 0.999 0.999 
308 0.069 0.221 0.000 0.079 0.000 0.069 0.212 0.064 0.000 0.069 0.935 0.778 0.999 0.920 0.999 0.935 0.787 0.935 0.999 0.930 
309 0.000 0.394 1.000 1.000 0.103 0.064 0.059 0.030 0.000 0.030 1.000 0.606 0.000 0.000 0.897 0.936 0.941 0.970 1.000 0.970 
310 0.030 0.173 0.113 0.113 0.000 0.000 0.000 0.123 0.059 0.118 0.971 0.828 0.888 0.888 0.996 1.001 1.001 0.878 0.942 0.878 
311 0.000 0.000 0.153 0.000 0.203 0.000 0.054 0.040 0.025 0.064 1.003 0.998 0.850 0.998 0.795 1.003 0.944 0.963 0.973 0.934 
312 0.391 0.218 0.519 0.326 0.534 0.678 0.865 0.410 0.109 0.000 0.613 0.781 0.480 0.673 0.465 0.326 0.134 0.589 0.890 0.999 
313 0.069 0.060 0.139 0.060 0.000 0.069 0.060 0.000 0.129 0.000 0.933 0.938 0.864 0.938 1.002 0.928 0.943 0.998 0.873 0.998 
314 0.000 0.000 0.000 0.129 0.000 0.060 0.000 0.000 0.000 0.313 1.003 0.999 0.999 0.874 0.999 0.939 1.003 0.999 0.999 0.686 
315 0.089 0.000 0.089 0.000 0.045 0.080 0.736 0.060 0.000 0.000 0.915 0.999 0.910 0.999 0.954 0.924 0.263 0.939 0.999 0.999 
316 0.000 0.000 0.055 0.144 0.304 0.398 0.090 0.000 0.000 0.110 1.001 1.001 0.946 0.857 0.692 0.603 0.911 1.001 1.001 0.886 
317 0.135 0.361 0.045 0.090 0.165 0.050 0.000 0.070 0.000 0.586 0.866 0.641 0.956 0.906 0.836 0.951 0.996 0.931 1.002 0.411 
318 0.000 0.000 0.266 0.150 0.266 0.000 0.000 0.000 0.000 0.085 1.003 0.998 0.737 0.848 0.732 1.003 0.998 1.003 0.998 0.913 
319 0.000 0.000 0.312 0.513 0.266 0.000 0.307 0.000 0.196 0.146 1.000 1.000 0.688 0.487 0.734 1.000 0.693 1.000 0.804 0.854 
320 0.000 0.061 0.126 0.000 0.000 0.308 0.000 0.308 0.000 0.050 1.005 0.939 0.873 0.999 0.999 0.692 0.999 0.692 0.999 0.949 
321 0.157 0.152 0.728 1.001 0.996 0.748 0.000 0.091 0.263 0.137 0.844 0.849 0.273 0.000 0.000 0.253 1.001 0.910 0.738 0.859 
322 0.704 0.223 0.390 0.233 0.137 0.557 0.132 0.147 0.436 0.000 0.299 0.775 0.613 0.765 0.861 0.446 0.866 0.856 0.562 0.998 
323 0.066 0.132 0.304 0.167 0.203 0.000 0.000 0.000 0.122 0.000 0.938 0.867 0.695 0.832 0.796 1.004 0.999 0.999 0.877 0.999 
324 0.107 0.000 0.000 0.615 0.081 0.000 0.000 0.000 0.000 0.772 0.894 1.001 1.001 0.386 0.915 1.001 1.001 1.001 1.001 0.224 
325 0.300 0.259 0.544 0.417 0.346 0.315 0.488 0.341 0.315 0.488 0.702 0.742 0.458 0.580 0.656 0.686 0.508 0.661 0.686 0.508 
326 0.168 0.000 0.081 0.234 0.092 0.000 0.000 0.214 0.264 0.081 0.834 1.002 0.916 0.768 0.905 1.002 1.002 0.783 0.738 0.916 
327 0.000 0.193 0.158 0.214 0.066 0.209 0.366 0.000 0.000 0.000 1.002 0.809 0.839 0.788 0.931 0.793 0.636 0.997 1.002 0.997 
328 0.356 0.483 0.585 0.402 0.158 0.219 0.000 0.081 0.031 0.290 0.646 0.519 0.412 0.600 0.839 0.783 1.002 0.916 0.972 0.707 
329 0.000 0.305 0.825 0.998 0.998 0.804 0.000 0.076 0.616 0.163 1.003 0.692 0.178 0.000 0.000 0.199 0.998 0.927 0.382 0.835 
330 0.173 0.998 0.998 0.856 0.066 0.000 0.000 0.000 0.127 0.183 0.830 0.000 0.000 0.148 0.932 0.998 1.004 0.998 0.871 0.815 
331 0.000 0.495 0.709 0.872 0.734 0.265 0.474 0.999 0.520 0.143 1.005 0.505 0.291 0.127 0.265 0.734 0.525 0.000 0.479 0.857 
332 0.000 0.020 0.122 0.000 0.000 0.000 0.000 0.133 0.000 0.102 1.000 0.980 0.878 1.000 1.000 1.000 1.000 0.867 1.000 0.898 
333 0.082 0.000 0.000 0.250 0.250 0.000 0.000 0.000 0.148 0.261 0.920 1.002 1.002 0.746 0.751 1.002 0.996 1.002 0.853 0.736 
334 0.317 0.998 1.003 0.599 0.000 0.000 0.169 0.205 0.000 0.113 0.686 0.000 0.000 0.399 0.998 1.003 0.829 0.798 0.998 0.885 
335 0.000 0.000 0.072 0.000 0.072 0.000 0.072 0.338 0.231 0.138 1.004 0.999 0.927 0.999 0.927 1.004 0.927 0.661 0.768 0.861 
336 0.179 0.169 0.087 0.067 0.000 0.000 0.051 0.123 0.046 0.062 0.825 0.830 0.912 0.933 0.999 0.999 0.948 0.876 0.953 0.938 
337 0.283 0.968 0.999 0.999 0.566 0.165 0.124 0.041 0.015 0.067 0.721 0.031 0.000 0.000 0.433 0.839 0.875 0.958 0.984 0.932 
338 0.000 0.062 0.000 0.000 0.077 0.000 0.077 0.000 0.196 0.082 1.005 0.938 0.999 0.999 0.922 0.999 0.922 0.999 0.804 0.917 
339 0.067 0.000 0.088 0.211 0.062 0.000 0.000 0.000 0.000 0.000 0.933 1.001 0.913 0.789 0.939 1.001 1.001 1.001 1.001 0.995 
340 0.057 0.140 0.078 0.062 0.000 0.248 0.155 0.222 0.000 0.000 0.947 0.859 0.921 0.942 0.998 0.750 0.848 0.776 0.998 0.998 
341 0.067 0.000 0.062 0.000 0.000 0.467 0.814 0.736 0.088 0.000 0.933 1.001 0.938 1.001 1.001 0.534 0.187 0.264 0.912 0.995 
342 0.000 0.067 0.207 0.062 0.114 0.062 0.150 0.176 0.161 0.062 1.001 0.934 0.794 0.939 0.882 0.939 0.851 0.825 0.840 0.934 
343 0.000 0.000 0.203 0.099 0.062 0.151 0.000 0.141 0.000 0.125 1.005 0.999 0.796 0.901 0.937 0.849 0.999 0.859 0.999 0.875 
344 0.182 0.000 0.057 0.109 0.000 0.000 0.354 0.094 0.276 0.208 0.822 0.999 0.942 0.890 0.999 0.999 0.645 0.906 0.724 0.791 
345 0.062 0.000 0.130 0.078 0.000 0.000 0.182 0.000 0.000 0.052 0.942 0.999 0.869 0.921 0.999 0.999 0.817 0.999 0.999 0.947 
346 0.083 0.219 0.000 0.000 0.156 0.000 0.526 0.198 0.385 0.094 0.917 0.781 1.000 1.000 0.844 1.000 0.474 0.802 0.615 0.906 
347 0.063 0.000 0.000 0.000 0.073 0.125 0.000 0.057 0.052 0.422 0.938 1.001 1.001 1.001 0.928 0.875 1.001 0.943 0.948 0.573 
348 0.047 0.638 0.999 0.999 0.330 0.031 0.073 0.000 0.110 0.000 0.958 0.361 0.000 0.000 0.670 0.968 0.926 0.999 0.890 0.999 
349 0.236 0.110 0.000 0.000 0.000 0.000 0.000 0.000 0.000 0.000 0.765 0.891 1.001 1.001 1.001 1.001 1.001 1.001 1.001 0.995 
350 0.000 0.120 0.220 0.000 0.189 0.000 0.230 0.283 0.068 0.000 1.001 0.880 0.781 1.001 0.812 1.001 0.770 0.718 0.932 0.995 
351 0.000 0.000 0.000 0.000 0.000 0.000 0.000 0.000 0.000 0.000 1.002 1.002 1.002 0.996 1.002 1.002 0.996 1.002 1.002 0.996 
352 0.000 0.063 0.069 0.000 0.221 0.000 0.000 0.000 0.053 0.121 1.002 0.938 0.933 0.996 0.780 1.002 0.996 1.002 0.949 0.875 
353 0.000 0.063 0.000 0.000 0.063 0.000 0.074 0.111 0.063 0.000 1.003 0.934 1.003 0.997 0.939 0.997 0.929 0.887 0.939 0.997 
354 0.000 0.000 0.000 0.000 0.285 0.069 0.206 0.000 0.000 0.512 1.003 0.998 1.003 0.998 0.713 0.935 0.792 1.003 0.998 0.486 
355 0.307 0.196 0.376 0.085 0.000 0.053 0.132 0.000 0.000 0.000 0.693 0.804 0.624 0.915 1.000 0.947 0.868 1.000 1.000 1.000 
356 0.000 0.064 0.000 0.154 0.122 0.138 0.159 0.000 0.138 0.048 1.001 0.937 1.001 0.847 0.879 0.863 0.842 1.001 0.863 0.948 
357 0.000 0.000 0.032 0.032 0.075 0.117 0.085 0.000 0.000 0.085 1.001 1.001 0.969 0.969 0.926 0.883 0.915 1.001 1.001 0.910 
358 0.320 0.101 0.346 0.229 0.208 0.368 0.256 0.490 0.602 0.267 0.682 0.901 0.650 0.773 0.789 0.634 0.746 0.506 0.400 0.730 
359 0.000 0.491 0.037 0.363 0.326 0.000 0.000 0.000 0.000 0.000 1.004 0.507 0.962 0.636 0.673 1.004 0.999 0.999 0.999 0.999 
360 0.000 0.086 0.000 0.000 0.000 0.075 0.000 0.000 0.000 0.000 1.000 0.914 1.000 1.000 1.000 0.925 1.000 1.000 1.000 1.000 
361 0.064 0.000 0.000 0.086 0.182 0.000 0.107 0.000 0.080 0.086 0.937 1.002 1.002 0.911 0.819 1.002 0.889 1.002 0.921 0.911 
362 0.070 0.064 0.220 0.000 0.000 0.220 0.139 0.000 0.000 0.000 0.932 0.938 0.777 1.002 0.997 0.782 0.863 0.997 1.002 0.997 
363 0.064 0.000 0.145 0.000 0.000 0.171 0.021 0.048 0.075 0.000 0.938 1.002 0.852 1.002 0.997 0.831 0.981 0.949 0.927 0.997 
364 0.054 0.000 0.387 0.134 0.075 0.005 0.161 0.693 0.381 0.371 0.951 0.999 0.612 0.865 0.924 0.999 0.838 0.306 0.618 0.628 
365 0.000 0.070 0.075 0.140 0.215 0.000 0.269 0.269 0.166 0.000 1.004 0.929 0.924 0.859 0.784 1.004 0.730 0.730 0.832 0.999 
366 0.000 0.081 0.000 0.081 0.000 0.064 0.000 0.081 0.000 0.064 1.005 0.919 0.999 0.919 0.999 0.935 0.999 0.919 0.999 0.935 
367 0.000 0.059 0.000 0.000 0.005 0.215 0.113 0.000 0.091 0.000 1.005 0.940 0.999 0.999 0.994 0.785 0.887 0.999 0.908 0.999 
368 0.086 0.000 0.065 0.242 0.102 0.097 0.065 0.000 0.070 0.000 0.914 1.001 0.936 0.758 0.898 0.904 0.936 1.001 0.931 0.995 
369 0.000 0.000 0.146 0.146 0.205 0.043 0.167 0.000 0.065 0.000 1.003 0.997 0.857 0.852 0.798 0.954 0.836 0.997 0.938 0.997 
370 0.054 0.000 0.076 0.054 0.124 0.432 0.000 0.059 0.000 0.000 0.950 0.998 0.923 0.950 0.874 0.567 1.004 0.939 0.998 0.998 
371 0.000 0.146 0.000 0.065 0.151 0.238 0.000 0.168 0.000 0.000 1.001 0.855 1.001 0.936 0.849 0.763 1.001 0.833 1.001 0.995 
372 0.000 0.000 0.000 0.000 0.000 0.000 0.000 0.000 0.000 0.000 1.001 1.001 1.001 1.001 0.996 1.001 1.001 1.001 1.001 0.996 
373 0.146 0.401 0.016 0.087 0.065 0.385 0.298 0.081 0.000 0.000 0.857 0.597 0.987 0.911 0.933 0.618 0.700 0.922 0.998 0.998 
374 0.000 0.103 0.000 0.060 0.000 0.516 0.179 0.098 0.092 0.429 1.004 0.896 0.999 0.939 0.999 0.489 0.820 0.901 0.907 0.570 
375 0.033 0.000 0.065 0.223 0.223 0.000 0.169 0.131 0.000 0.000 0.968 1.001 0.936 0.778 0.773 1.001 0.832 0.871 1.001 0.996 
376 0.000 0.000 0.000 0.000 0.098 0.000 0.098 0.103 0.000 0.000 1.002 1.002 1.002 0.996 0.904 1.002 0.898 0.898 1.002 0.996 
377 0.174 0.310 0.087 0.310 0.087 0.158 0.000 0.000 0.000 0.000 0.828 0.692 0.910 0.692 0.910 0.844 1.002 0.997 1.002 0.997 
378 0.403 0.098 0.120 0.000 0.245 0.926 0.523 0.120 0.000 0.158 0.599 0.904 0.877 1.002 0.752 0.076 0.479 0.877 1.002 0.839 
379 0.327 0.000 0.120 0.224 0.207 0.044 0.000 0.573 0.660 0.000 0.676 0.998 0.883 0.774 0.791 0.960 0.998 0.431 0.338 0.998 
380 0.202 0.371 0.999 0.999 0.453 0.000 0.409 0.164 0.115 0.000 0.802 0.628 0.000 0.000 0.546 1.004 0.590 0.835 0.884 0.999 
381 0.071 0.191 0.000 0.000 0.000 0.000 0.000 0.000 0.000 0.000 0.933 0.808 0.999 0.999 0.999 1.004 0.999 0.999 0.999 0.999 
382 0.000 0.214 0.066 0.121 0.115 0.000 0.066 0.000 0.000 0.159 1.004 0.784 0.933 0.883 0.883 0.998 0.938 0.998 0.998 0.839 
383 0.192 0.423 0.396 0.280 0.000 0.055 0.352 0.571 0.335 0.000 0.808 0.577 0.604 0.720 1.000 0.945 0.648 0.429 0.665 1.000 
384 0.000 0.143 0.077 0.000 0.083 0.083 0.000 0.000 0.000 0.286 1.001 0.858 0.924 1.001 0.913 0.919 1.001 1.001 1.001 0.710 
385 0.110 0.083 0.132 0.000 0.077 0.435 0.000 0.215 0.066 0.000 0.892 0.920 0.865 1.002 0.920 0.567 1.002 0.782 0.936 0.997 
386 0.000 0.066 0.193 0.000 0.000 0.055 0.000 0.077 0.000 0.083 1.003 0.931 0.810 0.997 1.003 0.942 1.003 0.920 1.003 0.915 
387 0.000 0.000 0.000 0.000 0.000 0.000 0.061 0.000 0.000 0.000 1.004 0.999 0.999 0.999 0.999 1.004 0.938 0.999 0.999 0.999 
388 0.160 0.000 0.205 0.149 0.000 0.072 0.088 0.852 0.553 0.000 0.841 1.001 0.796 0.852 0.996 0.929 0.913 0.149 0.448 0.996 
389 0.000 0.000 0.000 0.149 0.000 0.000 0.000 0.083 0.000 0.083 1.001 1.001 1.001 0.852 0.996 1.001 1.001 0.918 1.001 0.913 
390 0.066 0.000 0.000 0.000 0.000 0.000 0.000 0.000 0.000 0.000 0.935 1.002 1.002 0.996 1.002 1.002 0.996 1.002 1.002 0.996 
391 0.000 0.028 0.061 0.255 0.415 0.465 0.537 0.504 0.310 0.000 1.002 0.974 0.941 0.742 0.587 0.537 0.459 0.498 0.692 0.996 
392 0.000 0.039 0.443 1.002 0.997 0.199 0.000 0.000 0.055 0.183 1.002 0.963 0.554 0.000 0.000 0.803 1.002 0.997 0.947 0.814 
393 0.055 0.261 0.599 0.388 0.000 0.277 0.033 0.000 0.067 0.000 0.948 0.737 0.405 0.610 0.998 0.726 0.965 1.003 0.931 0.998 
394 0.000 0.000 0.000 0.000 0.100 0.000 0.000 0.000 0.139 0.000 1.003 0.998 1.003 0.998 0.898 1.003 0.998 1.003 0.859 0.998 
395 0.411 0.139 0.378 0.250 0.189 0.078 0.072 0.000 0.105 0.039 0.594 0.861 0.622 0.750 0.811 0.922 0.927 0.999 0.894 0.961 
396 0.039 0.000 0.000 0.217 0.000 0.000 0.000 0.056 0.000 0.056 0.961 1.000 1.000 0.783 1.000 1.000 1.000 0.944 1.000 0.944 
397 0.278 0.000 0.000 0.000 0.000 0.256 0.000 0.273 0.428 0.061 0.723 1.002 1.002 0.996 1.002 0.746 0.996 0.729 0.573 0.935 
398 0.000 0.000 0.111 0.996 1.002 0.384 0.056 0.000 0.195 0.000 1.002 1.002 0.890 0.000 0.000 0.618 0.940 1.002 0.807 0.996 
399 0.083 0.000 0.150 0.061 0.000 0.056 0.178 0.000 0.150 0.072 0.918 1.002 0.851 0.935 1.002 0.946 0.818 1.002 0.851 0.924 
400 0.625 0.000 0.000 0.000 0.000 0.078 0.000 0.223 0.067 0.429 0.379 0.998 0.998 1.004 0.998 0.920 1.004 0.775 0.931 0.569 
401 0.000 0.095 0.580 0.999 0.999 0.882 0.106 0.056 0.530 0.179 1.004 0.904 0.419 0.000 0.000 0.123 0.893 0.943 0.469 0.820 
402 0.000 0.000 0.000 0.000 0.000 0.022 0.045 0.000 0.000 0.000 1.002 1.002 0.997 1.002 0.997 0.980 0.957 0.997 1.002 0.997 
403 0.118 0.241 0.000 0.090 0.000 0.000 0.134 0.000 0.101 0.000 0.885 0.761 0.997 0.913 0.997 1.002 0.868 0.997 0.901 0.997 
404 0.067 0.000 0.000 0.000 0.000 0.078 0.067 0.067 0.000 0.000 0.936 0.997 1.003 0.997 1.003 0.919 0.936 0.930 1.003 0.997 
405 0.011 0.998 1.003 0.992 0.426 0.000 0.034 0.039 0.050 0.090 0.992 0.000 0.000 0.006 0.572 1.003 0.964 0.964 0.947 0.908 
406 0.000 0.084 0.000 0.000 0.006 0.090 0.000 0.000 0.000 0.000 1.003 0.914 1.003 0.998 0.992 0.914 0.998 1.003 0.998 0.998 
407 0.095 0.157 0.410 0.410 0.000 0.062 0.000 0.275 0.146 0.000 0.909 0.842 0.589 0.589 0.999 0.943 0.999 0.724 0.853 0.999 
408 0.000 0.000 0.000 0.000 0.062 0.000 0.197 0.331 0.230 0.079 1.005 0.999 0.999 0.999 0.938 0.999 0.803 0.668 0.769 0.921 
409 0.000 0.090 0.062 0.000 0.000 0.000 0.068 0.000 0.000 0.349 1.002 0.912 0.940 0.996 1.002 1.002 0.929 1.002 1.002 0.647 
410 0.090 0.000 0.051 0.000 0.000 0.214 0.062 0.298 0.220 0.073 0.912 1.002 0.946 1.002 0.997 0.788 0.940 0.698 0.783 0.923 
411 0.073 0.000 0.248 0.146 0.000 0.000 0.000 0.101 0.231 0.197 0.929 1.002 0.749 0.856 0.997 1.002 1.002 0.895 0.771 0.800 
412 0.000 0.073 0.102 0.000 0.310 0.316 0.282 0.000 0.237 0.073 1.004 0.925 0.897 1.004 0.688 0.682 0.722 0.998 0.761 0.925 
413 0.000 0.073 0.090 0.000 0.130 0.000 0.000 0.000 0.068 0.198 1.000 0.927 0.910 1.000 0.870 1.000 1.000 1.000 0.932 0.802 
414 0.136 0.158 0.000 0.000 0.000 0.096 0.068 0.006 0.000 0.062 0.865 0.842 1.001 1.001 1.001 0.904 0.933 0.995 1.001 0.933 
415 0.045 0.000 0.085 0.000 0.000 0.000 0.000 0.000 0.000 0.000 0.955 1.001 0.916 1.001 1.001 1.001 1.001 1.001 1.001 0.995 
416 0.085 0.096 0.000 0.068 0.243 0.000 0.000 0.266 0.311 0.198 0.916 0.905 1.001 0.933 0.752 1.001 1.001 0.735 0.690 0.798 
417 0.091 0.000 0.074 0.091 0.000 0.108 0.108 0.000 0.312 0.193 0.912 0.997 0.929 0.907 1.003 0.890 0.895 0.997 0.691 0.805 
418 0.068 0.000 0.000 0.068 0.403 0.136 0.000 0.000 0.000 0.442 0.936 0.998 0.998 0.936 0.596 0.862 1.004 0.998 0.998 0.556 
419 0.153 0.000 0.000 0.000 0.079 0.068 0.000 0.079 0.108 0.148 0.851 0.999 0.999 0.999 0.919 0.936 0.999 0.919 0.891 0.851 
420 0.596 0.153 0.324 0.329 0.000 0.261 0.204 0.080 0.102 0.182 0.409 0.846 0.676 0.670 0.999 0.738 0.795 0.920 0.897 0.818 
421 0.000 0.000 0.000 0.000 0.000 0.000 0.000 0.000 0.000 0.000 1.005 0.999 0.999 0.999 0.999 0.999 0.999 0.999 0.999 0.999 
422 0.000 0.057 0.000 0.000 0.068 0.063 0.000 0.864 1.000 0.506 1.000 0.943 1.000 1.000 0.932 0.938 1.000 0.136 0.000 0.494 
423 0.068 0.000 0.068 0.063 0.000 0.972 0.000 0.102 0.102 0.091 0.932 1.000 0.932 0.938 1.000 0.028 1.000 0.898 0.898 0.909 
424 0.136 0.000 0.000 0.000 0.000 0.000 0.085 0.085 0.000 0.000 0.864 1.000 1.000 1.000 1.000 1.000 0.915 0.915 1.000 1.000 
425 0.114 0.182 0.375 0.347 0.142 0.290 0.171 0.222 0.273 0.540 0.887 0.819 0.626 0.654 0.853 0.711 0.830 0.779 0.728 0.455 
426 0.068 0.108 0.074 0.000 0.000 0.006 0.068 0.000 0.000 0.000 0.933 0.894 0.928 0.996 1.002 0.996 0.928 1.002 1.002 0.996 
427 0.000 0.000 0.000 0.000 0.000 0.000 0.000 0.103 0.137 0.051 1.003 0.997 1.003 0.997 1.003 0.997 1.003 0.895 0.866 0.946 
428 0.046 0.000 0.143 0.000 0.000 0.000 0.063 0.000 0.000 0.000 0.959 0.999 0.857 0.999 0.999 0.999 0.937 0.999 0.999 0.999 
429 0.143 0.103 0.275 0.824 0.126 0.395 0.824 0.206 0.000 0.000 0.858 0.898 0.727 0.177 0.870 0.606 0.177 0.795 1.001 0.995 
430 0.201 0.304 0.144 0.132 0.511 0.281 0.235 0.000 0.080 0.000 0.804 0.695 0.856 0.867 0.488 0.718 0.764 0.999 0.919 0.999 
431 0.264 0.385 0.126 0.293 0.224 0.316 0.356 0.264 0.621 0.178 0.736 0.615 0.874 0.707 0.776 0.684 0.644 0.736 0.379 0.822 
432 0.161 0.000 0.000 0.000 0.000 0.184 0.000 0.000 0.178 0.000 0.841 1.002 1.002 0.996 1.002 0.818 0.996 1.002 0.823 0.996 
433 0.000 0.000 0.058 0.000 0.000 0.000 0.213 0.104 0.075 0.242 1.002 1.002 0.944 0.996 1.002 1.002 0.783 0.898 0.927 0.754 
434 0.202 0.225 0.403 0.121 0.599 0.294 0.311 0.478 0.127 0.000 0.801 0.778 0.593 0.881 0.397 0.709 0.691 0.518 0.876 0.997 
435 0.000 0.202 0.046 0.000 0.087 0.000 0.000 0.069 0.058 0.260 1.003 0.796 0.957 0.998 0.911 1.003 0.998 0.934 0.940 0.738 
436 0.179 0.110 0.000 0.173 0.999 1.005 0.398 0.069 0.000 0.000 0.826 0.889 0.999 0.826 0.000 0.000 0.600 0.930 0.999 0.999 
437 0.064 0.214 0.313 0.000 0.156 0.122 0.000 0.000 0.000 0.069 0.938 0.787 0.689 0.996 0.845 0.880 0.996 1.002 1.002 0.926 
438 0.000 0.000 0.000 0.000 0.313 0.000 0.493 0.348 0.087 0.000 1.003 0.998 1.003 0.998 0.684 1.003 0.505 0.655 0.911 0.998 
439 0.000 0.087 0.081 0.000 0.093 0.000 0.087 0.360 0.731 0.122 1.003 0.911 0.922 0.998 0.905 1.003 0.911 0.644 0.267 0.876 
440 0.000 0.000 0.000 0.157 0.000 0.093 0.000 0.000 0.192 0.070 1.005 0.999 0.999 0.842 0.999 0.912 0.999 0.999 0.807 0.929 
441 0.000 0.000 0.314 0.838 0.064 0.494 0.279 0.384 0.268 0.512 1.001 1.001 0.686 0.163 0.937 0.506 0.721 0.617 0.733 0.483 
442 0.100 0.585 1.001 1.001 0.995 0.006 0.000 0.006 0.158 0.310 0.902 0.416 0.000 0.000 0.000 0.995 1.001 0.995 0.843 0.685 
443 0.070 0.117 0.029 0.000 0.000 0.000 0.094 0.000 0.000 0.141 0.931 0.885 0.972 0.996 1.002 1.002 0.902 1.002 1.002 0.855 
444 0.082 0.199 0.340 0.358 0.123 0.047 0.569 0.082 0.123 0.299 0.920 0.803 0.657 0.645 0.873 0.955 0.434 0.914 0.879 0.698 
445 0.082 0.000 0.188 0.000 0.000 0.000 0.000 0.000 0.000 0.000 0.921 0.997 0.815 0.997 1.003 0.997 1.003 0.997 1.003 0.997 
446 0.423 0.000 0.000 0.000 0.047 0.094 0.135 0.094 0.176 0.000 0.581 0.998 1.004 0.998 0.951 0.910 0.863 0.910 0.822 0.998 
447 0.000 0.100 0.000 0.035 0.000 0.100 0.000 0.076 0.088 0.135 1.004 0.898 0.998 0.969 0.998 0.898 1.004 0.922 0.910 0.863 
448 0.458 0.000 0.082 0.000 0.000 0.082 0.000 0.035 0.217 0.088 0.546 0.998 0.916 1.004 0.998 0.916 1.004 0.963 0.781 0.910 
449 0.000 0.194 0.194 0.000 0.000 0.000 0.000 0.000 0.071 0.000 1.005 0.805 0.805 0.999 0.999 1.005 0.999 0.999 0.928 0.999 
45 0.040 0.043 0.000 0.043 0.000 0.000 0.075 0.000 0.186 0.035 0.961 0.958 1.001 0.956 1.001 1.001 0.923 1.001 0.815 0.963 
450 0.106 0.212 0.041 0.270 0.000 0.000 0.394 0.999 0.682 0.223 0.899 0.788 0.958 0.729 0.999 0.999 0.606 0.000 0.317 0.776 
451 0.200 0.170 0.088 0.000 0.000 0.459 0.176 0.312 0.088 0.000 0.805 0.829 0.911 0.999 0.999 0.541 0.823 0.688 0.911 0.999 
452 0.000 0.106 0.171 0.053 0.294 0.000 0.094 0.112 0.265 0.388 1.000 0.894 0.829 0.947 0.706 1.000 0.906 0.888 0.735 0.612 
453 0.112 0.477 0.341 0.071 0.000 0.077 0.000 0.053 0.077 0.312 0.889 0.524 0.659 0.930 1.001 0.924 1.001 0.948 0.924 0.683 
454 0.059 0.260 0.266 0.000 0.000 0.077 0.000 0.000 0.000 0.136 0.945 0.738 0.738 0.998 0.998 0.927 0.998 1.004 0.998 0.862 
455 0.000 0.000 0.656 1.004 0.998 0.998 0.307 0.000 0.000 0.260 1.004 0.998 0.343 0.000 0.000 0.000 0.697 0.998 0.998 0.738 
456 0.148 0.998 0.998 1.004 0.998 0.171 0.000 0.939 0.490 0.000 0.856 0.000 0.000 0.000 0.000 0.827 1.004 0.059 0.508 0.998 
457 0.254 0.148 0.118 0.136 0.100 0.000 0.000 0.071 0.183 0.000 0.751 0.851 0.881 0.863 0.898 1.005 0.999 0.928 0.816 0.999 
458 0.610 0.000 0.586 0.344 0.160 0.077 0.089 0.136 0.083 0.142 0.391 1.001 0.415 0.658 0.835 0.924 0.912 0.865 0.918 0.853 
459 0.071 0.000 0.071 0.036 0.000 0.154 0.000 0.053 0.433 0.741 0.931 1.002 0.931 0.960 1.002 0.848 0.996 0.948 0.569 0.255 
46 0.148 0.030 0.000 0.060 0.000 0.055 0.065 0.171 0.940 0.088 0.852 0.971 1.001 0.938 1.001 0.945 0.933 0.830 0.060 0.910 
460 0.107 0.000 0.000 0.077 0.000 0.089 0.848 1.002 0.379 0.000 0.895 1.002 1.002 0.919 1.002 0.913 0.148 0.000 0.622 0.996 
461 0.000 0.000 0.000 0.000 0.000 0.000 0.000 0.000 0.000 0.000 1.002 1.002 1.002 0.996 1.002 1.002 0.996 1.002 1.002 0.996 
462 0.220 0.089 0.534 0.279 0.202 0.226 0.226 0.588 0.463 0.226 0.783 0.908 0.469 0.718 0.801 0.772 0.777 0.409 0.540 0.772 
463 0.000 0.000 0.000 0.000 0.000 0.077 0.000 0.000 0.000 0.000 1.004 0.998 1.004 0.998 0.998 0.926 0.998 1.004 0.998 0.998 
464 0.148 0.000 0.000 0.000 0.445 0.445 0.077 0.000 0.000 0.000 0.855 0.998 1.004 0.998 0.552 0.558 0.920 1.004 0.998 0.998 
465 0.208 0.226 0.422 0.345 0.178 0.095 0.434 0.006 0.351 0.190 0.796 0.772 0.576 0.660 0.820 0.903 0.570 0.992 0.648 0.808 
466 0.000 0.000 0.548 0.101 0.000 0.000 0.470 0.161 0.000 0.000 1.000 1.000 0.452 0.899 1.000 1.000 0.530 0.839 1.000 1.000 
467 0.191 0.066 0.000 0.000 0.000 0.000 0.000 0.000 0.000 0.071 0.810 0.935 1.001 1.001 1.001 1.001 1.001 1.001 1.001 0.923 
468 0.119 0.000 0.000 0.000 0.000 0.167 0.077 0.322 0.393 0.000 0.881 1.001 1.001 1.001 1.001 0.834 0.923 0.679 0.608 0.995 
469 0.083 0.036 0.238 0.340 0.077 0.107 0.387 0.226 0.000 0.083 0.918 0.965 0.763 0.662 0.918 0.894 0.614 0.775 1.001 0.912 
47 0.122 0.055 0.049 0.283 0.010 0.031 0.049 0.236 0.491 0.426 0.880 0.945 0.950 0.717 0.989 0.969 0.950 0.763 0.509 0.574 
470 0.250 0.000 0.042 0.149 0.000 0.066 0.000 0.077 0.340 0.334 0.751 1.001 0.959 0.852 0.995 0.936 1.001 0.924 0.662 0.662 
471 0.000 0.000 0.000 0.000 0.072 0.000 0.000 0.000 0.000 0.000 1.002 1.002 0.996 1.002 0.925 1.002 1.002 0.996 1.002 0.996 
472 0.000 0.000 0.000 0.107 0.060 0.000 0.072 0.084 0.000 0.000 1.003 0.997 1.003 0.890 0.943 0.997 0.931 0.913 1.003 0.997 
473 0.000 0.107 0.078 0.000 0.000 0.173 0.000 0.000 0.000 0.000 1.003 0.890 0.925 0.997 1.003 0.824 1.003 0.997 1.003 0.997 
474 0.000 0.078 0.107 0.113 0.054 0.227 0.281 0.000 0.090 0.078 1.003 0.919 0.896 0.884 0.949 0.770 0.722 0.997 0.913 0.919 
475 0.000 0.000 0.000 0.000 0.000 0.078 0.072 0.000 0.078 0.149 1.004 0.998 1.004 0.998 0.998 0.926 0.926 1.004 0.920 0.848 
476 0.090 0.365 0.137 0.514 0.353 0.484 0.173 0.000 0.102 0.161 0.915 0.634 0.861 0.490 0.646 0.514 0.831 0.998 0.897 0.837 
477 0.000 0.000 0.000 0.000 0.000 0.000 0.000 0.000 0.173 0.000 1.004 0.998 0.998 1.004 0.998 0.998 1.004 0.998 0.825 0.998 
478 0.209 0.078 0.156 0.108 0.000 0.084 0.186 0.000 0.144 0.000 0.796 0.922 0.844 0.892 0.999 0.916 0.814 0.999 0.856 0.999 
479 0.000 0.000 0.060 0.084 0.000 0.084 0.108 0.078 0.030 0.000 1.001 1.001 0.941 0.917 1.001 0.917 0.893 0.923 0.971 0.995 
48 0.000 0.091 0.158 0.400 0.036 0.031 0.031 0.158 0.148 0.099 1.000 0.909 0.842 0.600 0.964 0.969 0.969 0.842 0.852 0.901 
480 0.384 0.390 0.270 0.306 0.000 0.000 0.000 0.000 0.000 0.000 0.619 0.607 0.733 0.691 1.003 0.997 1.003 0.997 1.003 0.997 
481 0.096 0.000 0.252 0.114 0.000 0.036 0.030 0.000 0.060 0.060 0.907 0.998 0.751 0.883 0.998 0.968 0.968 1.004 0.938 0.938 
482 0.096 0.000 0.000 0.000 0.000 0.000 0.060 0.144 0.000 0.228 0.907 0.998 1.004 0.998 0.998 1.004 0.938 0.859 0.998 0.769 
483 0.120 0.066 0.072 0.078 0.138 0.421 0.397 0.235 0.084 0.000 0.884 0.933 0.927 0.921 0.860 0.584 0.602 0.764 0.915 0.999 
484 0.078 0.114 0.259 0.000 0.169 0.271 0.133 0.283 0.265 0.000 0.922 0.886 0.741 1.000 0.831 0.729 0.867 0.717 0.735 1.000 
485 0.000 0.000 0.000 0.000 0.000 0.000 0.000 0.000 0.000 0.145 1.000 1.000 1.000 1.000 1.000 1.000 1.000 1.000 1.000 0.855 
486 0.000 0.054 0.000 0.073 0.000 0.139 0.157 0.242 0.344 0.060 1.003 0.943 1.003 0.924 1.003 0.858 0.846 0.755 0.659 0.937 
487 0.000 0.000 0.000 0.109 0.000 0.000 0.054 0.073 0.000 0.073 1.003 0.997 1.003 0.888 1.003 0.997 0.949 0.924 1.003 0.924 
488 0.079 0.073 0.000 0.000 0.000 0.000 0.151 0.079 0.073 0.000 0.925 0.925 1.004 0.998 0.998 1.004 0.846 0.925 0.925 0.998 
489 0.055 0.000 0.097 0.109 0.145 0.212 0.212 0.000 0.170 0.006 0.951 0.999 0.902 0.890 0.854 0.787 0.787 0.999 0.830 0.993 
49 0.112 0.078 0.328 0.400 0.302 0.135 0.000 0.218 0.148 0.036 0.889 0.923 0.673 0.598 0.699 0.866 0.998 0.782 0.853 0.962 
490 0.000 0.000 0.085 0.000 0.000 0.000 0.073 0.024 0.000 0.097 1.005 0.999 0.915 0.999 0.999 0.999 0.927 0.975 0.999 0.902 
491 0.061 0.000 0.000 0.000 0.000 0.000 0.000 0.000 0.164 0.000 0.939 1.000 1.000 1.000 1.000 1.000 1.000 1.000 0.836 1.000 
492 0.000 0.000 0.000 0.000 0.000 0.225 0.128 0.097 0.091 0.000 1.002 1.002 1.002 0.996 1.002 0.777 0.868 0.905 0.911 0.996 
493 0.000 0.000 0.000 0.000 0.115 0.000 0.128 0.000 0.079 0.079 1.002 1.002 1.002 0.996 0.886 1.002 0.868 1.002 0.923 0.917 
494 0.000 0.012 0.061 0.000 0.000 0.000 0.000 0.097 1.003 0.675 1.003 0.985 0.942 0.997 1.003 0.997 1.003 0.900 0.000 0.322 
495 0.895 0.998 0.536 0.207 0.000 0.073 0.183 0.000 0.341 0.067 0.110 0.000 0.463 0.797 0.998 0.925 0.822 0.998 0.657 0.931 
496 0.237 0.231 0.584 0.231 0.237 0.213 0.231 0.554 0.493 0.195 0.767 0.767 0.414 0.773 0.761 0.785 0.773 0.444 0.505 0.803 
497 0.000 0.012 0.146 0.000 0.073 0.000 0.073 0.000 0.000 0.152 1.005 0.987 0.853 0.999 0.926 0.999 0.926 0.999 0.999 0.847 
498 0.000 0.000 0.171 0.104 0.000 0.000 0.000 0.000 0.000 0.000 1.000 1.000 0.829 0.896 1.000 1.000 1.000 1.000 1.000 1.000 
499 0.000 0.000 0.134 0.000 0.073 0.000 0.073 0.000 0.287 0.000 1.001 1.001 0.867 1.001 0.922 1.001 0.928 1.001 0.714 0.995 
50 0.052 0.078 0.000 0.078 0.101 0.081 0.044 0.036 0.031 0.000 0.950 0.921 1.002 0.921 0.898 0.921 0.955 0.965 0.968 0.999 
500 0.000 0.000 0.000 0.000 0.000 0.000 0.000 0.000 0.000 0.000 1.002 1.002 1.002 0.996 1.002 1.002 0.996 1.002 1.002 0.996 
501 0.000 0.489 0.996 0.947 0.941 0.947 0.947 0.941 0.966 0.782 1.002 0.513 0.000 0.055 0.055 0.055 0.055 0.055 0.037 0.214 
502 0.232 0.000 0.000 0.000 0.092 0.208 0.098 0.000 0.018 0.348 0.770 1.002 0.996 1.002 0.905 0.795 0.905 0.996 0.984 0.648 
503 0.000 0.098 0.000 0.104 0.355 0.116 0.318 0.294 0.202 0.171 1.003 0.899 1.003 0.893 0.648 0.881 0.685 0.703 0.801 0.826 
504 0.000 0.073 0.000 0.177 0.000 0.116 0.000 0.116 0.153 0.208 1.004 0.924 1.004 0.820 0.998 0.887 0.998 0.887 0.845 0.789 
505 0.000 0.000 0.000 0.000 0.000 0.000 0.000 0.227 0.000 0.000 1.004 0.998 0.998 1.004 0.998 0.998 1.004 0.772 0.998 0.998 
506 0.086 0.000 0.000 0.000 0.000 0.000 0.000 0.000 0.000 0.000 0.919 0.998 0.998 1.004 0.998 0.998 1.004 0.998 0.998 0.998 
507 0.411 0.521 0.453 0.214 0.692 0.282 0.276 0.325 0.551 0.331 0.594 0.478 0.545 0.784 0.306 0.723 0.723 0.674 0.447 0.668 
508 0.000 0.000 0.159 0.000 0.000 0.000 0.000 0.000 0.000 0.092 1.005 0.999 0.839 0.999 0.999 1.005 0.999 0.999 0.999 0.907 
509 0.000 0.000 0.080 0.135 0.092 0.227 0.000 0.000 0.086 0.000 1.000 1.000 0.920 0.865 0.908 0.773 1.000 1.000 0.914 1.000 
51 0.036 0.065 0.036 0.000 0.036 0.089 0.089 0.091 0.104 0.000 0.964 0.936 0.964 0.998 0.964 0.912 0.910 0.910 0.897 0.998 
510 0.092 0.080 0.000 0.000 0.000 0.000 0.602 1.001 1.001 0.602 0.909 0.921 1.001 1.001 1.001 1.001 0.399 0.000 0.000 0.393 
511 0.123 0.123 0.092 0.000 0.000 0.258 0.417 0.110 0.000 0.000 0.878 0.878 0.909 1.001 1.001 0.743 0.583 0.890 1.001 0.994 
512 0.000 0.000 0.000 0.258 0.000 0.000 0.000 0.000 0.000 0.086 1.001 1.001 1.001 0.743 1.001 1.001 1.001 1.001 1.001 0.909 
513 0.000 0.000 0.000 0.000 0.000 0.000 0.319 0.000 0.000 0.000 1.001 1.001 1.001 1.001 0.995 1.001 0.682 1.001 1.001 0.995 
514 0.178 0.068 0.086 0.117 0.000 0.000 0.000 0.000 0.000 0.246 0.823 0.934 0.915 0.885 0.995 1.001 1.001 1.001 1.001 0.749 
515 0.074 0.000 0.264 0.197 0.000 0.000 0.000 0.166 0.000 0.000 0.928 1.001 0.737 0.805 0.995 1.001 1.001 0.835 1.001 0.995 
516 0.061 0.000 0.000 0.141 0.043 0.086 0.037 0.055 0.092 0.000 0.940 1.001 1.001 0.860 0.952 0.915 0.964 0.946 0.909 0.995 
517 0.000 0.000 0.000 0.000 0.000 0.000 0.000 0.000 0.000 0.092 1.002 1.002 0.996 1.002 0.996 1.002 1.002 0.996 1.002 0.904 
518 0.000 0.074 0.000 0.000 0.129 0.000 0.000 0.000 0.117 0.191 1.003 0.923 1.003 0.997 0.874 0.997 1.003 0.997 0.886 0.806 
519 0.178 0.178 0.062 0.000 0.012 0.037 0.062 0.000 0.000 0.000 0.825 0.818 0.942 0.997 0.991 0.960 0.942 0.997 1.003 0.997 
52 0.040 0.061 0.042 0.095 0.116 0.000 0.106 0.092 0.000 0.087 0.961 0.940 0.958 0.905 0.882 1.001 0.895 0.908 1.001 0.911 
520 0.074 0.068 0.240 0.068 0.092 0.246 1.004 0.487 0.092 0.000 0.930 0.930 0.758 0.937 0.906 0.752 0.000 0.511 0.906 0.998 
521 0.160 0.382 0.320 0.228 0.000 0.000 0.000 0.000 0.111 0.000 0.844 0.616 0.678 0.776 0.998 0.998 1.004 0.998 0.887 0.998 
522 0.000 0.179 0.000 0.062 0.086 0.241 0.179 0.000 0.099 0.000 1.000 0.821 1.000 0.938 0.914 0.759 0.821 1.000 0.901 1.000 
523 0.000 0.087 0.105 0.000 0.093 0.000 0.000 0.093 0.012 0.112 1.004 0.911 0.898 0.998 0.905 1.004 0.998 0.911 0.985 0.886 
524 0.304 0.056 0.087 0.000 0.000 0.143 0.000 0.000 0.000 0.112 0.700 0.942 0.917 0.998 0.998 0.861 0.998 1.004 0.998 0.886 
525 0.874 0.905 0.682 0.577 0.546 0.626 0.521 0.595 0.502 0.651 0.130 0.093 0.316 0.428 0.453 0.372 0.484 0.403 0.496 0.347 
526 0.000 0.000 0.000 0.093 0.000 0.000 0.000 0.000 0.000 0.000 1.005 0.999 0.999 0.906 0.999 1.005 0.999 0.999 0.999 0.999 
527 0.615 0.000 0.000 0.093 0.093 0.093 0.000 0.000 0.000 0.230 0.385 1.000 1.000 0.907 0.907 0.907 1.000 1.000 1.000 0.770 
528 0.596 0.665 0.503 0.491 0.472 0.646 0.764 0.689 0.634 0.410 0.404 0.335 0.497 0.509 0.528 0.354 0.236 0.311 0.366 0.590 
529 0.000 0.062 0.181 0.000 0.305 0.187 0.592 0.000 0.131 0.000 1.004 0.935 0.823 0.998 0.692 0.817 0.405 1.004 0.867 0.998 
53 0.185 0.090 0.000 0.222 0.090 0.159 0.090 0.021 0.079 0.000 0.815 0.911 1.001 0.776 0.911 0.842 0.908 0.980 0.921 0.998 
530 0.000 0.000 0.000 0.000 0.618 0.000 0.000 0.000 0.000 0.000 1.005 0.999 0.999 0.999 0.381 1.005 0.999 0.999 0.999 0.999 
531 0.000 0.075 0.106 0.075 0.000 0.000 0.000 0.000 0.000 0.000 1.006 0.924 0.893 0.924 0.999 0.999 0.999 0.999 0.999 0.999 
532 0.106 0.256 0.175 0.000 0.081 0.088 0.081 0.081 0.000 0.413 0.894 0.744 0.826 1.001 0.919 0.913 0.919 0.919 1.001 0.582 
533 0.000 0.826 1.001 1.001 1.001 1.001 1.001 1.001 1.001 0.525 1.001 0.175 0.000 0.000 0.000 0.000 0.000 0.000 0.000 0.469 
534 0.025 0.276 0.075 0.063 0.000 0.000 0.169 0.050 0.000 0.000 0.977 0.727 0.921 0.940 0.996 1.003 0.833 0.946 1.003 0.996 
535 0.188 0.000 0.000 0.276 0.338 0.332 0.056 0.144 0.000 0.050 0.815 1.003 0.996 0.727 0.658 0.670 0.946 0.852 1.003 0.946 
536 0.483 0.796 0.652 0.263 0.000 0.000 0.671 0.125 0.000 0.082 0.520 0.201 0.351 0.734 1.003 0.997 0.332 0.871 1.003 0.915 
537 0.408 0.000 0.000 0.075 0.069 0.107 0.627 0.031 0.207 0.000 0.596 0.997 1.004 0.922 0.928 0.897 0.370 0.972 0.790 0.997 
538 0.000 0.000 0.000 0.107 0.169 0.000 0.000 0.000 0.088 0.207 1.004 0.997 1.004 0.891 0.828 1.004 0.997 1.004 0.910 0.790 
539 0.000 0.000 0.164 0.000 0.120 0.000 0.120 0.000 0.000 0.000 1.001 1.001 0.837 1.001 0.881 1.001 0.881 1.001 1.001 0.994 
54 0.141 0.090 0.050 0.050 0.064 0.212 0.220 0.313 0.117 0.064 0.859 0.910 0.950 0.950 0.936 0.788 0.780 0.687 0.883 0.936 
540 0.000 0.120 0.378 0.063 0.000 0.000 0.202 0.082 0.101 0.366 1.003 0.883 0.618 0.939 0.996 1.003 0.801 0.914 0.902 0.631 
541 0.190 0.000 0.076 0.203 1.001 0.443 0.241 0.000 0.399 0.000 0.811 1.001 0.925 0.798 0.000 0.557 0.760 1.001 0.602 0.994 
542 0.000 0.000 0.095 0.082 0.000 0.000 0.000 0.095 0.082 0.000 1.001 1.001 0.906 0.919 0.995 1.001 1.001 0.906 0.919 0.995 
543 0.171 0.000 0.000 0.051 0.000 0.000 0.000 0.349 0.000 0.000 0.831 1.003 0.996 0.952 0.996 1.003 1.003 0.647 1.003 0.996 
544 0.381 0.349 0.121 0.400 0.400 0.387 0.000 0.000 0.000 0.159 0.622 0.654 0.876 0.603 0.596 0.615 1.003 0.996 1.003 0.838 
545 0.076 0.235 0.000 0.000 0.667 0.839 0.000 0.000 0.102 0.108 0.928 0.762 1.004 0.997 0.330 0.165 0.997 1.004 0.896 0.889 
546 0.000 0.000 0.000 0.000 0.000 0.000 0.000 0.000 0.102 0.000 1.004 0.998 0.998 1.004 0.998 0.998 1.004 0.998 0.896 0.998 
547 0.000 0.000 0.000 0.019 0.369 0.000 0.407 0.286 0.070 0.146 1.005 0.999 0.999 0.980 0.630 1.005 0.592 0.712 0.929 0.852 
548 0.732 0.999 0.999 0.999 0.910 0.999 0.999 0.999 0.134 0.153 0.274 0.000 0.000 0.000 0.089 0.000 0.000 0.000 0.866 0.847 
549 0.000 0.000 0.000 0.000 0.057 0.115 0.000 0.000 0.127 0.000 1.006 0.999 0.999 0.999 0.942 0.885 0.999 0.999 0.872 0.999 
55 0.032 0.000 0.029 0.048 0.000 0.503 0.434 0.051 0.000 0.082 0.968 1.000 0.971 0.952 1.000 0.497 0.566 0.949 1.000 0.918 
550 0.000 0.045 0.160 0.089 0.000 0.000 0.000 0.000 0.000 0.000 1.002 0.957 0.842 0.906 1.002 1.002 0.996 1.002 1.002 0.996 
551 0.000 0.345 0.147 0.351 0.000 0.000 0.466 0.211 0.211 0.045 1.003 0.652 0.856 0.645 1.003 0.997 0.537 0.786 0.792 0.952 
552 0.000 0.000 0.000 0.000 0.000 0.000 0.000 0.000 0.077 0.083 1.004 0.997 1.004 0.997 0.997 1.004 0.997 1.004 0.921 0.914 
553 0.288 0.340 0.397 0.269 0.000 0.307 0.423 0.250 0.468 0.327 0.717 0.660 0.602 0.730 0.999 0.692 0.577 0.750 0.532 0.673 
554 0.000 0.000 0.122 0.250 0.295 0.179 0.000 0.000 0.288 0.000 1.000 1.000 0.878 0.750 0.705 0.821 1.000 1.000 0.712 1.000 
555 0.000 0.077 0.000 0.077 0.000 0.000 0.077 0.000 0.077 0.000 1.001 0.924 1.001 0.924 1.001 1.001 0.924 1.001 0.924 0.994 
556 0.000 0.218 0.687 0.000 0.039 0.039 0.000 0.000 0.000 0.000 1.001 0.783 0.315 1.001 0.956 0.963 1.001 1.001 1.001 0.995 
557 0.212 0.000 0.000 0.000 0.083 0.167 0.000 0.424 1.001 0.982 0.789 1.001 1.001 1.001 0.911 0.834 1.001 0.578 0.000 0.013 
558 0.193 0.276 0.161 0.000 0.122 0.180 0.148 0.096 0.161 0.000 0.809 0.726 0.841 0.996 0.880 0.822 0.848 0.906 0.841 0.996 
559 0.077 0.000 0.000 0.109 0.000 0.000 0.000 0.090 0.103 0.000 0.926 0.997 1.003 0.887 1.003 0.997 1.003 0.907 0.900 0.997 
56 0.000 0.088 0.043 0.080 0.043 0.080 0.000 0.085 0.040 0.037 1.002 0.912 0.957 0.920 0.957 0.922 0.999 0.914 0.959 0.962 
560 0.000 0.000 0.000 0.457 0.747 0.000 0.000 0.000 0.000 0.000 1.005 0.998 0.998 0.547 0.251 0.998 1.005 0.998 0.998 0.998 
561 0.077 0.000 0.755 1.000 1.000 0.948 0.400 0.000 0.284 0.000 0.923 1.000 0.245 0.000 0.000 0.052 0.600 1.000 0.716 1.000 
562 0.103 0.149 0.439 0.226 0.103 0.149 0.207 0.459 0.000 0.000 0.898 0.853 0.562 0.775 0.891 0.853 0.795 0.543 1.001 0.995 
563 0.000 0.091 0.000 0.078 0.000 0.000 0.000 0.000 0.000 0.000 1.004 0.907 1.004 0.920 0.997 1.004 0.997 1.004 0.997 0.997 
564 0.000 0.104 0.117 0.117 0.000 0.162 0.065 0.000 0.000 0.000 1.005 0.895 0.882 0.882 0.999 0.843 0.934 0.999 0.999 0.999 
565 0.091 0.312 0.084 0.117 0.039 0.312 0.000 0.117 0.169 0.097 0.909 0.688 0.916 0.883 0.961 0.688 1.000 0.883 0.831 0.903 
566 0.000 0.000 0.000 0.000 0.000 0.000 0.000 0.000 0.000 0.000 1.001 1.001 1.001 1.001 0.995 1.001 1.001 1.001 1.001 0.995 
567 0.000 0.007 0.117 0.000 0.000 0.000 0.000 0.176 0.989 0.065 1.002 0.995 0.885 0.995 1.002 1.002 0.995 0.826 0.013 0.930 
568 0.365 0.437 0.098 0.000 0.000 0.000 0.078 0.228 0.000 0.228 0.639 0.561 0.906 0.997 0.997 1.004 0.919 0.776 0.997 0.769 
569 0.163 0.222 0.509 0.731 0.000 0.124 0.548 0.509 0.189 0.202 0.842 0.777 0.490 0.268 0.999 0.881 0.450 0.490 0.809 0.796 
57 0.000 0.209 0.153 0.032 0.000 0.324 0.000 0.021 0.123 0.083 1.000 0.791 0.847 0.968 1.000 0.676 1.000 0.979 0.877 0.914 
570 0.078 0.104 0.000 0.000 0.072 0.117 0.104 0.000 0.000 0.078 0.927 0.894 0.999 0.999 0.927 0.888 0.894 0.999 0.999 0.920 
571 0.137 0.072 0.268 0.000 0.078 0.085 0.131 0.078 0.268 0.000 0.868 0.927 0.731 0.999 0.920 0.920 0.868 0.920 0.731 0.999 
572 0.288 0.079 0.059 0.033 0.092 0.000 0.000 0.000 0.000 0.000 0.713 0.923 0.942 0.969 0.903 1.001 1.001 1.001 1.001 0.995 
573 0.092 0.000 0.000 0.092 0.000 0.000 0.000 0.000 0.000 0.000 0.910 1.001 1.001 0.910 0.995 1.001 1.001 1.001 1.001 0.995 
574 0.000 0.000 0.242 0.209 0.151 0.000 0.242 0.209 0.170 0.079 1.001 1.001 0.759 0.792 0.844 1.001 0.759 0.792 0.831 0.916 
575 0.183 0.000 0.111 0.000 0.111 0.000 0.203 0.000 0.105 0.000 0.819 1.002 0.891 0.995 0.891 1.002 0.792 1.002 0.897 0.995 
576 0.413 1.002 0.858 0.995 1.002 1.002 0.995 1.002 1.002 0.989 0.589 0.000 0.144 0.000 0.000 0.000 0.000 0.000 0.000 0.007 
577 0.000 0.000 0.112 0.289 0.545 0.289 0.236 0.092 0.282 0.000 1.004 0.997 0.892 0.709 0.453 0.715 0.761 0.912 0.715 0.997 
578 0.191 0.171 0.059 0.105 0.000 0.085 0.118 0.131 0.000 0.000 0.815 0.828 0.940 0.894 0.999 0.920 0.880 0.867 0.999 0.999 
579 0.000 0.092 0.125 0.092 0.000 0.000 0.072 0.000 0.316 0.164 1.006 0.907 0.874 0.907 0.999 0.999 0.927 0.999 0.684 0.835 
58 0.046 0.389 0.193 0.062 0.000 0.330 0.480 0.400 0.424 0.038 0.955 0.612 0.807 0.939 0.998 0.671 0.520 0.601 0.577 0.960 
580 0.849 0.843 1.001 1.001 1.001 1.001 1.001 0.810 0.441 0.000 0.151 0.158 0.000 0.000 0.000 0.000 0.000 0.191 0.560 0.994 
581 0.119 0.000 0.000 0.112 0.633 0.257 0.323 0.105 0.119 0.099 0.883 1.002 1.002 0.883 0.369 0.745 0.672 0.897 0.883 0.897 
582 0.079 0.079 0.000 0.092 0.000 0.086 0.000 0.000 0.000 0.000 0.923 0.923 1.002 0.903 1.002 0.916 0.995 1.002 1.002 0.995 
583 0.000 0.000 0.185 0.000 0.000 0.079 0.000 0.000 0.138 0.073 1.002 1.002 0.817 0.995 1.002 0.923 0.995 1.002 0.864 0.923 
584 0.000 0.237 0.237 0.099 0.092 0.297 0.218 0.000 0.000 0.000 1.003 0.765 0.759 0.904 0.904 0.706 0.785 0.996 1.003 0.996 
585 0.885 0.997 1.004 0.997 0.231 0.132 0.000 0.000 0.244 0.079 0.119 0.000 0.000 0.000 0.766 0.872 0.997 1.004 0.753 0.918 
586 0.185 0.000 0.185 0.000 0.185 0.000 0.073 0.053 0.053 0.079 0.820 0.998 0.813 1.005 0.813 0.998 0.932 0.945 0.945 0.919 
587 0.000 0.000 0.000 0.000 0.000 0.000 0.000 0.000 0.000 0.000 1.005 0.999 0.999 0.999 0.999 1.005 0.999 0.999 0.999 0.999 
588 0.046 0.000 0.357 0.079 0.265 0.033 0.258 0.073 0.477 0.000 0.960 0.999 0.642 0.920 0.735 0.966 0.741 0.927 0.523 0.999 
589 0.000 0.000 0.000 0.000 0.000 0.000 0.079 0.000 0.000 0.046 1.006 0.999 0.999 0.999 0.999 0.999 0.920 0.999 0.999 0.953 
59 0.249 0.000 0.111 0.049 0.320 0.182 0.108 0.138 0.176 0.000 0.751 1.000 0.889 0.951 0.680 0.818 0.892 0.862 0.824 1.000 
590 0.000 0.185 0.079 0.119 0.000 0.000 0.000 0.053 0.000 0.053 1.000 0.815 0.921 0.881 1.000 1.000 1.000 0.947 1.000 0.947 
591 0.060 0.238 0.411 0.146 0.430 0.199 0.325 0.132 0.159 0.298 0.940 0.762 0.589 0.854 0.570 0.801 0.675 0.868 0.841 0.702 
592 0.000 0.000 0.000 0.000 0.000 0.000 0.152 0.000 0.000 0.000 1.001 1.001 1.001 1.001 1.001 1.001 0.848 1.001 1.001 0.994 
593 0.889 0.113 0.000 0.000 0.338 0.570 0.000 0.053 0.000 0.080 0.113 0.889 1.001 1.001 0.656 0.431 1.001 0.948 1.001 0.915 
594 0.000 0.000 0.000 0.000 0.000 0.000 0.000 0.066 0.000 0.179 1.001 1.001 1.001 1.001 0.995 1.001 1.001 0.935 1.001 0.816 
595 0.225 0.371 0.776 0.000 0.000 0.000 0.000 0.000 0.000 0.000 0.776 0.630 0.225 1.001 0.995 1.001 1.001 1.001 1.001 0.995 
596 0.000 0.000 0.080 0.000 0.000 0.000 0.000 0.179 0.000 0.000 1.002 1.002 0.922 0.995 1.002 1.002 0.995 0.823 1.002 0.995 
597 0.106 0.000 0.173 0.000 0.119 0.086 0.000 0.100 0.060 0.060 0.896 1.002 0.829 0.995 0.883 0.916 0.995 0.902 0.942 0.936 
598 0.080 0.531 0.764 0.803 0.996 0.830 0.133 0.000 0.000 0.066 0.923 0.471 0.232 0.199 0.000 0.173 0.870 0.996 1.003 0.930 
599 0.239 0.000 0.000 0.000 0.000 0.000 0.086 0.000 0.000 0.000 0.765 0.997 1.004 0.997 0.997 1.004 0.911 1.004 0.997 0.997 
60 0.000 0.049 0.046 0.046 0.126 0.131 0.309 0.082 0.112 0.260 1.001 0.951 0.954 0.954 0.872 0.869 0.692 0.919 0.888 0.738 
600 0.000 0.000 0.100 0.093 0.000 0.000 0.100 0.000 0.080 0.080 1.005 0.998 0.898 0.912 0.998 0.998 0.905 0.998 0.918 0.918 
601 0.000 0.000 0.000 0.153 0.140 0.605 0.579 0.120 0.153 0.100 1.005 0.998 0.998 0.852 0.858 0.393 0.426 0.878 0.845 0.898 
602 0.473 0.060 0.120 0.133 0.027 0.213 0.000 0.000 0.699 0.140 0.533 0.939 0.879 0.866 0.972 0.792 0.999 0.999 0.300 0.859 
603 0.000 0.000 0.000 0.000 0.087 0.053 0.000 0.000 0.000 0.113 1.006 0.999 0.999 0.999 0.913 0.946 0.999 0.999 0.999 0.886 
604 0.093 0.000 0.000 0.000 0.000 0.000 0.000 0.133 0.000 0.000 0.913 0.999 0.999 0.999 0.999 0.999 0.999 0.866 0.999 0.999 
605 0.000 0.000 0.000 0.000 0.000 0.000 0.260 0.307 0.080 0.000 1.000 1.000 1.000 1.000 1.000 1.000 0.740 0.693 0.920 1.000 
606 0.000 0.000 0.000 0.000 0.000 0.000 0.000 0.000 0.053 0.000 1.001 1.001 1.001 1.001 0.995 1.001 1.001 1.001 0.948 0.995 
607 0.368 0.000 0.000 0.000 0.141 0.308 0.027 0.141 0.187 0.228 0.636 0.997 1.004 0.997 0.857 0.696 0.971 0.863 0.810 0.770 
608 0.000 0.080 0.121 0.000 0.054 0.054 0.100 0.764 0.643 0.000 1.005 0.918 0.877 1.005 0.944 0.944 0.904 0.234 0.355 0.998 
609 0.000 0.000 0.000 0.134 0.664 1.005 0.999 0.040 0.134 0.000 1.005 0.999 0.999 0.865 0.335 0.000 0.000 0.958 0.865 0.999 
61 0.132 0.211 0.518 0.195 0.261 0.505 0.000 0.036 0.000 0.197 0.869 0.790 0.480 0.806 0.738 0.496 1.001 0.963 1.001 0.801 
610 0.148 0.154 0.148 0.060 0.074 0.148 0.060 0.228 0.000 0.000 0.858 0.845 0.852 0.939 0.926 0.852 0.939 0.771 0.999 0.999 
611 0.000 0.101 0.000 0.074 0.101 0.000 0.000 0.134 0.724 0.463 1.006 0.899 0.999 0.926 0.899 0.999 0.999 0.865 0.275 0.537 
612 0.436 0.148 0.369 0.087 0.000 0.403 0.000 0.000 0.087 0.188 0.564 0.852 0.631 0.913 1.000 0.597 1.000 1.000 0.913 0.812 
613 0.215 0.208 0.000 0.000 0.000 0.000 0.000 0.000 0.000 0.000 0.785 0.792 1.000 1.000 1.000 1.000 1.000 1.000 1.000 1.000 
614 0.087 0.000 0.000 0.000 0.282 0.094 0.000 0.000 0.322 0.000 0.913 1.001 1.001 1.001 0.719 0.907 1.001 1.001 0.678 0.994 
615 0.081 0.000 0.000 0.081 0.000 0.000 0.081 0.081 0.000 0.067 0.921 1.002 1.002 0.915 1.002 1.002 0.915 0.921 1.002 0.928 
616 0.000 0.000 0.000 0.081 0.101 0.101 0.000 0.000 0.121 0.067 1.002 1.002 1.002 0.915 0.901 0.901 0.995 1.002 0.881 0.928 
617 0.087 0.094 0.000 0.323 0.000 0.000 0.000 0.155 0.545 0.834 0.915 0.908 0.996 0.680 0.996 1.003 1.003 0.841 0.458 0.162 
618 0.000 0.101 0.000 0.168 0.162 0.168 0.155 0.000 0.074 0.000 1.003 0.902 0.996 0.834 0.834 0.834 0.848 0.996 0.929 0.996 
619 0.000 0.101 0.000 0.000 0.000 0.067 0.074 0.000 0.000 0.000 1.004 0.896 1.004 0.997 0.997 0.937 0.923 1.004 0.997 0.997 
62 0.033 0.039 0.030 0.000 0.030 0.000 0.052 0.000 0.033 0.030 0.968 0.960 0.971 0.999 0.971 0.999 0.949 0.999 0.968 0.968 
620 0.000 0.310 0.000 0.094 0.108 0.202 0.000 0.094 0.000 0.000 1.005 0.688 0.998 0.910 0.890 0.796 1.005 0.904 0.998 0.998 
621 0.041 0.581 0.034 0.000 0.203 0.270 0.628 0.223 0.311 0.581 0.966 0.419 0.966 0.999 0.797 0.729 0.371 0.777 0.689 0.419 
622 0.912 0.115 0.000 0.115 0.000 0.054 0.128 0.000 0.000 0.000 0.095 0.885 0.999 0.885 0.999 0.945 0.871 0.999 0.999 0.999 
623 0.953 1.000 1.000 1.000 0.426 0.000 0.216 0.007 0.223 0.162 0.047 0.000 0.000 0.000 0.574 1.000 0.784 0.993 0.777 0.838 
624 0.000 0.128 0.000 0.000 0.128 0.000 0.000 0.000 0.000 0.000 1.001 0.872 1.001 1.001 0.872 1.001 1.001 1.001 1.001 0.994 
625 0.081 0.000 0.000 0.000 0.000 0.068 0.034 0.000 0.000 0.000 0.921 1.003 0.996 1.003 0.996 0.935 0.969 0.996 1.003 0.996 
626 0.122 0.196 0.000 0.081 0.047 0.000 0.210 0.136 0.203 0.142 0.881 0.806 0.996 0.921 0.949 1.003 0.793 0.860 0.799 0.854 
627 0.081 0.000 0.095 0.000 0.000 0.000 0.095 0.000 0.000 0.000 0.922 0.997 0.908 0.997 1.003 0.997 0.908 0.997 1.003 0.997 
628 0.081 0.000 0.000 0.177 0.000 0.156 0.000 0.081 0.000 0.000 0.923 0.998 0.998 0.828 0.998 0.842 1.005 0.916 0.998 0.998 
629 0.109 0.000 0.000 0.000 0.000 0.088 0.115 0.000 0.204 0.000 0.897 0.999 0.999 0.999 0.999 0.917 0.883 0.999 0.795 0.999 
63 0.075 0.114 0.114 0.000 0.000 0.000 0.000 0.307 0.173 0.131 0.926 0.884 0.887 0.999 1.001 0.999 1.001 0.692 0.828 0.868 
630 0.000 0.000 0.000 0.354 0.000 0.197 0.000 0.000 0.000 0.082 1.000 1.000 1.000 0.646 1.000 0.803 1.000 1.000 1.000 0.918 
631 0.082 0.061 0.000 0.000 0.000 0.000 0.000 0.000 0.000 0.000 0.918 0.939 1.000 1.000 1.000 1.000 1.000 1.000 1.000 1.000 
632 0.000 0.000 0.000 0.075 0.000 0.000 0.000 0.000 0.082 0.388 1.000 1.000 1.000 0.925 1.000 1.000 1.000 1.000 0.918 0.612 
633 0.490 0.313 0.000 0.000 0.123 0.000 0.000 0.000 0.123 0.000 0.511 0.688 1.001 1.001 0.878 1.001 1.001 1.001 0.878 0.994 
634 0.164 0.259 0.300 0.000 0.000 0.000 0.000 0.000 0.000 0.000 0.840 0.737 0.703 0.997 1.003 0.997 1.003 0.997 1.003 0.997 
635 0.000 0.000 0.000 0.260 0.212 0.000 0.000 0.587 0.936 0.649 1.004 0.997 1.004 0.738 0.786 1.004 0.997 0.417 0.061 0.348 
636 0.533 0.000 0.150 0.000 0.000 0.096 0.000 0.000 0.130 0.505 0.471 0.997 0.854 0.997 0.997 0.908 0.997 1.004 0.867 0.492 
637 0.239 0.164 0.116 0.178 0.171 0.082 0.000 0.000 0.000 0.226 0.766 0.834 0.882 0.821 0.828 0.923 0.999 0.999 0.999 0.773 
638 0.178 0.000 0.185 0.356 0.349 0.000 0.000 0.616 0.999 0.185 0.828 0.999 0.814 0.643 0.650 1.005 0.999 0.383 0.000 0.814 
639 0.110 0.979 1.000 1.000 1.000 1.000 0.904 0.000 0.267 0.000 0.890 0.021 0.000 0.000 0.000 0.000 0.096 1.000 0.733 1.000 
64 0.064 0.064 0.168 0.000 0.056 0.296 0.081 0.000 0.213 0.059 0.937 0.937 0.831 1.001 0.942 0.705 0.920 0.998 0.789 0.940 
640 0.226 0.000 0.158 0.089 0.000 0.254 0.288 0.000 0.000 0.000 0.775 1.001 0.843 0.912 1.001 0.747 0.713 1.001 1.001 0.994 
641 0.075 0.000 0.418 0.062 0.308 0.240 0.089 0.000 0.000 0.000 0.925 1.001 0.583 0.939 0.692 0.761 0.912 1.001 1.001 0.994 
642 0.830 0.706 0.432 0.487 0.213 0.000 0.000 0.000 0.110 0.110 0.171 0.295 0.569 0.514 0.782 1.001 1.001 1.001 0.892 0.885 
643 0.000 0.000 0.124 0.000 0.000 0.000 0.000 0.000 0.000 0.165 1.003 0.997 0.880 0.997 1.003 0.997 1.003 0.997 1.003 0.832 
644 0.021 0.997 1.003 0.997 0.234 0.165 0.186 0.330 0.000 0.000 0.983 0.000 0.000 0.000 0.770 0.832 0.818 0.667 1.003 0.997 
645 0.007 0.330 0.000 0.000 0.000 0.000 0.000 0.000 0.055 0.000 0.998 0.668 0.998 1.005 0.998 0.998 1.005 0.998 0.943 0.998 
646 0.000 0.200 0.172 0.000 0.000 0.069 0.000 0.358 0.062 0.186 1.005 0.798 0.826 1.005 0.998 0.929 1.005 0.640 0.936 0.812 
647 0.000 0.000 0.000 0.000 0.234 0.131 0.090 0.076 0.124 0.000 1.006 0.999 0.999 0.999 0.764 0.875 0.909 0.923 0.875 0.999 
648 0.110 0.317 0.062 0.000 0.000 0.000 0.000 0.034 0.000 0.000 0.895 0.682 0.937 0.999 0.999 1.006 0.999 0.964 0.999 0.999 
649 0.159 0.000 0.096 0.083 0.000 0.000 0.000 0.000 0.000 0.296 0.848 0.999 0.903 0.917 0.999 0.999 0.999 0.999 0.999 0.703 
65 0.000 0.000 0.000 0.000 0.040 0.059 0.099 0.079 0.031 0.040 1.001 1.001 1.001 1.001 0.958 0.941 0.902 0.921 0.969 0.958 
650 0.110 0.062 0.000 0.000 0.000 0.427 0.124 0.214 0.000 0.000 0.896 0.937 0.999 0.999 0.999 0.572 0.875 0.786 0.999 0.999 
651 0.090 0.138 0.076 0.000 0.882 0.999 0.214 0.000 0.000 0.000 0.917 0.861 0.924 0.999 0.117 0.000 0.786 0.999 0.999 0.999 
652 0.103 0.000 0.000 0.000 0.000 0.034 0.048 0.069 0.593 0.972 0.897 1.000 1.000 1.000 1.000 0.966 0.952 0.931 0.407 0.028 
653 0.000 0.000 0.000 0.000 0.000 0.000 0.000 0.083 0.124 0.187 1.002 1.002 1.002 0.995 1.002 1.002 0.995 0.919 0.878 0.809 
654 0.249 0.083 0.159 0.201 0.118 0.104 0.111 0.104 0.000 0.000 0.754 0.920 0.837 0.802 0.878 0.899 0.892 0.892 1.003 0.996 
655 0.090 0.000 0.727 0.997 0.187 0.533 0.235 0.090 0.000 0.069 0.913 0.997 0.277 0.000 0.817 0.464 0.768 0.907 1.003 0.927 
656 0.000 0.173 0.000 0.000 0.000 0.000 0.069 0.069 0.298 0.215 1.006 0.825 0.999 0.999 0.999 1.006 0.929 0.929 0.700 0.784 
657 0.000 0.000 0.000 0.000 0.076 0.000 0.097 0.125 0.000 0.104 1.006 0.999 0.999 0.999 0.923 0.999 0.902 0.874 0.999 0.895 
658 0.125 0.000 0.000 0.000 0.000 0.097 0.208 0.111 0.111 0.062 0.881 0.999 0.999 0.999 0.999 0.902 0.791 0.888 0.888 0.937 
659 0.000 0.104 0.000 0.312 0.424 0.194 0.382 1.000 0.542 0.542 1.000 0.896 1.000 0.687 0.576 0.806 0.618 0.000 0.458 0.458 
66 0.026 0.031 0.165 0.819 0.987 0.250 0.162 0.128 0.472 0.862 0.976 0.967 0.836 0.179 0.014 0.748 0.839 0.871 0.529 0.137 
660 0.000 0.083 0.069 0.320 0.000 0.000 0.000 0.730 1.001 0.910 1.001 0.917 0.931 0.681 1.001 1.001 1.001 0.271 0.000 0.083 
661 0.000 0.000 0.278 0.361 0.368 0.236 0.181 0.250 0.188 0.250 1.001 1.001 0.723 0.639 0.632 0.764 0.820 0.751 0.813 0.744 
662 0.000 0.000 0.000 0.000 0.000 0.000 0.215 0.000 0.264 0.000 1.001 1.001 1.001 1.001 1.001 1.001 0.785 1.001 0.737 0.994 
663 0.000 0.000 0.000 0.000 0.000 0.000 0.111 0.042 0.111 0.195 1.001 1.001 1.001 1.001 1.001 1.001 0.890 0.959 0.890 0.799 
664 0.000 0.000 0.000 0.000 0.014 0.243 0.063 0.083 0.257 0.000 1.001 1.001 1.001 1.001 0.981 0.758 0.939 0.918 0.744 0.994 
665 0.104 0.000 0.445 0.292 0.000 0.104 0.000 0.508 0.404 0.285 0.898 1.002 0.557 0.703 1.002 0.898 0.995 0.494 0.598 0.710 
666 0.390 0.292 0.000 0.619 0.285 0.125 0.118 0.000 0.042 0.118 0.612 0.710 1.002 0.376 0.717 0.877 0.877 1.002 0.960 0.877 
67 0.063 0.524 0.473 0.298 0.218 0.183 0.123 0.000 0.152 0.152 0.940 0.476 0.527 0.702 0.782 0.816 0.877 1.000 0.848 0.848 
68 0.100 0.000 0.000 0.000 0.201 0.000 0.290 0.207 0.037 0.000 0.901 0.999 1.002 0.999 0.798 1.002 0.709 0.795 0.962 0.999 
69 0.078 0.000 0.035 0.329 0.107 0.156 0.179 0.095 0.090 0.000 0.924 0.999 0.965 0.670 0.893 0.846 0.820 0.904 0.910 0.999 
70 0.038 0.000 0.047 0.000 0.047 0.000 0.000 0.047 0.049 0.177 0.962 1.000 0.953 1.000 0.953 1.000 1.000 0.953 0.951 0.823 
71 0.606 0.105 0.041 0.000 0.047 0.125 0.052 0.052 0.000 0.151 0.396 0.894 0.961 0.999 0.955 0.873 0.949 0.946 1.001 0.847 
72 0.000 0.000 0.035 0.000 0.000 0.026 0.126 0.457 0.243 0.000 1.002 0.999 0.964 0.999 0.999 0.976 0.873 0.542 0.756 0.999 
73 0.287 1.000 0.237 0.422 0.378 0.070 0.235 0.067 0.434 0.205 0.715 0.000 0.762 0.578 0.622 0.929 0.765 0.932 0.566 0.794 
74 0.056 0.041 0.000 0.000 0.056 0.000 0.000 0.088 0.088 0.000 0.945 0.960 1.001 0.998 0.945 1.001 0.998 0.913 0.913 0.998 
75 0.168 0.517 0.056 0.188 0.071 0.520 0.123 0.212 0.074 0.000 0.835 0.482 0.944 0.812 0.929 0.479 0.876 0.788 0.926 1.000 
76 0.000 0.332 0.118 0.000 0.056 0.127 0.062 0.330 0.368 0.000 1.000 0.668 0.883 1.000 0.944 0.874 0.939 0.671 0.633 0.997 
77 0.044 0.000 0.044 0.029 0.725 0.813 0.074 0.000 0.000 0.000 0.958 0.999 0.955 0.973 0.274 0.186 0.928 0.999 0.999 0.999 
78 0.711 0.497 0.030 0.172 0.000 0.009 0.021 0.000 0.038 0.036 0.290 0.503 0.971 0.826 1.001 0.992 0.977 1.001 0.962 0.962 
79 0.122 0.000 0.000 0.039 0.119 0.000 0.572 0.967 0.139 0.113 0.881 0.999 0.999 0.961 0.881 1.002 0.427 0.033 0.860 0.887 
80 0.452 0.149 0.098 0.036 0.000 0.294 0.059 0.062 0.152 0.250 0.550 0.850 0.901 0.966 0.999 0.705 0.943 0.937 0.847 0.749 
81 0.199 0.226 0.190 0.042 0.000 0.000 0.051 0.116 0.586 0.729 0.801 0.774 0.810 0.958 1.000 1.000 0.949 0.884 0.414 0.271 
82 0.000 0.238 0.220 0.277 0.131 0.083 0.176 0.048 0.039 0.000 1.001 0.763 0.780 0.721 0.870 0.917 0.822 0.953 0.962 0.998 
83 0.051 0.036 0.081 0.039 0.000 0.000 0.188 0.000 0.119 0.051 0.951 0.963 0.919 0.963 0.999 0.999 0.814 0.999 0.880 0.948 
84 0.231 0.096 0.000 0.132 0.078 0.060 0.078 0.642 0.999 0.057 0.771 0.903 0.999 0.867 0.921 0.942 0.921 0.357 0.000 0.942 
85 0.000 0.921 0.557 0.400 1.000 0.452 0.078 1.000 1.000 0.909 1.003 0.078 0.443 0.599 0.000 0.548 0.921 0.000 0.000 0.090 
86 0.000 0.000 0.030 0.060 0.067 0.021 0.000 0.045 0.088 0.000 1.001 1.001 0.971 0.937 0.934 0.980 0.998 0.956 0.913 0.998 
87 0.045 0.197 0.248 0.112 0.151 0.130 0.082 0.194 0.082 0.027 0.956 0.805 0.750 0.889 0.847 0.871 0.920 0.805 0.920 0.971 
88 0.891 0.882 0.036 0.018 0.091 0.170 0.170 0.000 0.036 0.042 0.112 0.118 0.963 0.982 0.909 0.830 0.830 1.000 0.963 0.957 
89 0.182 0.049 0.000 0.213 0.367 0.085 0.082 0.000 0.091 0.036 0.820 0.950 1.002 0.786 0.631 0.917 0.917 1.002 0.908 0.962 
90 0.000 0.198 0.106 0.106 0.000 0.058 0.037 0.046 0.082 0.073 1.001 0.803 0.894 0.891 1.001 0.943 0.961 0.955 0.919 0.925 
91 0.037 0.000 0.000 0.107 0.131 0.000 0.034 0.000 0.052 0.000 0.966 1.000 1.000 0.893 0.869 1.000 0.966 1.000 0.948 1.000 
92 0.046 0.034 0.000 0.076 0.302 0.000 0.034 0.113 0.000 0.052 0.955 0.967 1.000 0.924 0.698 1.000 0.967 0.887 1.000 0.945 
93 0.000 0.000 0.000 0.000 0.265 0.034 0.000 0.037 0.049 0.000 1.001 1.001 1.001 1.001 0.732 0.967 1.001 0.964 0.952 0.998 
94 0.101 0.154 0.138 0.114 0.138 0.031 0.049 0.052 0.000 0.178 0.900 0.848 0.860 0.888 0.860 0.971 0.952 0.946 1.001 0.820 
95 0.154 0.098 0.344 0.292 0.058 0.409 0.412 0.221 0.270 0.175 0.848 0.900 0.658 0.707 0.940 0.593 0.587 0.781 0.728 0.824 
96 0.065 0.046 0.102 0.043 0.092 0.065 0.782 0.000 0.043 0.252 0.936 0.954 0.899 0.958 0.905 0.936 0.219 1.001 0.958 0.745 
97 0.031 0.552 0.354 0.000 0.050 0.000 0.000 0.062 0.071 0.000 0.971 0.447 0.646 0.999 0.950 1.002 0.999 0.937 0.928 0.999 
98 0.000 0.000 0.137 0.100 0.000 0.000 0.016 0.028 0.084 0.000 1.002 0.999 0.862 0.903 0.999 0.999 0.987 0.971 0.915 0.999 
99 0.146 0.153 0.093 0.097 0.000 0.044 0.050 0.062 0.502 0.000 0.854 0.848 0.907 0.904 1.000 0.957 0.950 0.938 0.499 0.997 
