100 3183
101 3180
102 3177
103 3174
104 3165
105 3153
106 3147
107 3140
108 3137
109 3102
110 3079
111 3078
112 3067
113 3062
114 3048
115 3045
116 3041
117 3037
118 3032
119 3011
120 3001
121 2994
122 2993
123 2986
124 2978
125 2974
126 2972
127 2966
128 2965
129 2950
130 2949
131 2915
132 2903
133 2870
134 2865
135 2857
136 2838
137 2836
138 2821
139 2800
140 2799
141 2792
142 2790
143 2777
144 2768
145 2767
146 2763
147 2755
148 2749
149 2748
150 2745
151 2739
152 2732
153 2729
154 2726
155 2716
156 2713
157 2711
158 2710
159 2705
160 2691
161 2690
162 2690
163 2678
164 2677
165 2676
166 2661
167 2659
168 2658
169 2657
170 2653
171 2653
172 2645
173 2640
174 2625
175 2614
176 2611
177 2610
178 2609
179 2599
180 2597
181 2595
182 2595
183 2582
184 2570
185 2567
186 2555
187 2554
188 2553
189 2550
190 2548
191 2534
192 2533
193 2528
194 2525
195 2516
196 2511
197 2510
198 2498
199 2498
200 2496
201 2495
202 2494
203 2493
204 2492
205 2484
206 2482
207 2468
208 2464
209 2463
210 2457
211 2450
212 2448
213 2440
214 2439
215 2439
216 2437
217 2427
218 2426
219 2424
220 2409
221 2404
222 2403
223 2402
224 2399
225 2392
226 2390
227 2385
228 2383
229 2374
230 2373
231 2363
232 2356
233 2345
234 2342
235 2340
236 2339
237 2336
238 2328
239 2323
240 2322
241 2321
242 2320
243 2320
244 2317
245 2307
246 2304
247 2301
248 2284
249 2278
250 2275
251 2272
252 2269
253 2267
254 2263
255 2262
256 2246
257 2236
258 2235
259 2234
260 2229
261 2220
262 2218
263 2215
264 2209
265 2203
266 2202
267 2196
268 2192
269 2189
270 2184
271 2182
272 2176
273 2166
274 2164
275 2156
276 2156
277 2153
278 2152
279 2149
280 2140
281 2133
282 2128
283 2121
284 2117
285 2115
286 2111
287 2107
288 2105
289 2104
290 2098
291 2093
292 2093
293 2070
294 2063
295 2063
296 2061
297 2058
298 2057
299 2057
300 2056
301 2053
302 2053
303 2048
304 2047
305 2041
306 2032
307 2032
308 2032
309 2030
310 2028
311 2024
312 2022
313 2015
314 2013
315 2012
316 2008
317 1997
318 1994
319 1990
320 1981
321 1978
322 1974
323 1972
324 1968
325 1967
326 1966
327 1966
328 1966
329 1964
330 1963
331 1961
332 1960
333 1957
334 1954
335 1952
336 1951
337 1942
338 1941
339 1939
340 1933
341 1929
342 1928
343 1921
344 1921
345 1921
346 1920
347 1919
348 1911
349 1909
350 1909
351 1907
352 1897
353 1895
354 1894
355 1890
356 1889
357 1879
358 1876
359 1872
360 1870
361 1867
362 1866
363 1866
364 1862
365 1862
366 1861
367 1861
368 1859
369 1855
370 1853
371 1849
372 1848
373 1844
374 1842
375 1838
376 1837
377 1836
378 1836
379 1834
380 1832
381 1832
382 1823
383 1820
384 1818
385 1816
386 1815
387 1812
388 1808
389 1808
390 1807
391 1807
392 1806
393 1804
394 1804
395 1801
396 1800
397 1797
398 1797
399 1797
400 1793
401 1792
402 1786
403 1786
404 1785
405 1784
406 1784
407 1782
408 1781
409 1777
410 1776
411 1776
412 1773
413 1770
414 1769
415 1769
416 1768
417 1765
418 1763
419 1762
420 1761
421 1761
422 1760
423 1760
424 1760
425 1758
426 1757
427 1755
428 1751
429 1748
430 1741
431 1740
432 1737
433 1737
434 1736
435 1734
436 1732
437 1727
438 1724
439 1724
440 1722
441 1719
442 1708
443 1707
444 1706
445 1705
446 1704
447 1703
448 1703
449 1702
45 3987
450 1701
451 1701
452 1700
453 1699
454 1694
455 1693
456 1693
457 1692
458 1688
459 1687
46 3977
460 1687
461 1687
462 1685
463 1684
464 1684
465 1683
466 1680
467 1679
468 1679
469 1678
47 3851
470 1678
471 1676
472 1675
473 1675
474 1675
475 1674
476 1673
477 1673
478 1671
479 1669
48 3850
480 1665
481 1664
482 1664
483 1662
484 1660
485 1660
486 1655
487 1655
488 1654
489 1651
49 3847
490 1651
491 1650
492 1647
493 1647
494 1645
495 1643
496 1643
497 1641
498 1640
499 1638
50 3844
500 1637
501 1636
502 1636
503 1635
504 1634
505 1633
506 1633
507 1632
508 1632
509 1630
51 3837
510 1629
511 1629
512 1629
513 1628
514 1628
515 1628
516 1628
517 1626
518 1625
519 1625
52 3788
520 1623
521 1623
522 1620
523 1614
524 1614
525 1613
526 1612
527 1610
528 1610
529 1604
53 3777
530 1602
531 1601
532 1599
533 1599
534 1596
535 1596
536 1595
537 1594
538 1594
539 1589
54 3770
540 1586
541 1579
542 1578
543 1576
544 1576
545 1574
546 1573
547 1572
548 1571
549 1571
55 3760
550 1567
551 1565
552 1564
553 1561
554 1560
555 1559
556 1558
557 1558
558 1557
559 1555
56 3752
560 1553
561 1550
562 1548
563 1544
564 1542
565 1540
566 1538
567 1537
568 1534
569 1532
57 3729
570 1532
571 1532
572 1528
573 1528
574 1528
575 1527
576 1527
577 1524
578 1522
579 1521
58 3728
580 1519
581 1517
582 1517
583 1517
584 1516
585 1514
586 1513
587 1512
588 1511
589 1511
59 3690
590 1510
591 1510
592 1509
593 1508
594 1508
595 1508
596 1507
597 1507
598 1506
599 1504
60 3658
600 1503
601 1503
602 1502
603 1501
604 1501
605 1500
606 1498
607 1494
608 1493
609 1492
61 3646
610 1491
611 1491
612 1490
613 1490
614 1489
615 1487
616 1487
617 1486
618 1486
619 1484
62 3635
620 1483
621 1481
622 1481
623 1480
624 1479
625 1476
626 1476
627 1475
628 1473
629 1472
63 3585
630 1470
631 1470
632 1470
633 1469
634 1465
635 1464
636 1464
637 1462
638 1462
639 1460
64 3576
640 1459
641 1459
642 1458
643 1455
644 1455
645 1453
646 1453
647 1452
648 1452
649 1451
65 3538
650 1451
651 1451
652 1450
653 1447
654 1446
655 1445
656 1442
657 1441
658 1441
659 1440
66 3515
660 1439
661 1439
662 1439
663 1439
664 1438
665 1437
666 1437
67 3491
68 3484
69 3462
70 3440
71 3435
72 3412
73 3411
74 3407
75 3401
76 3399
77 3393
78 3377
79 3372
80 3363
81 3360
82 3357
83 3353
84 3332
85 3321
86 3307
87 3306
88 3301
89 3294
90 3287
91 3281
92 3279
93 3278
94 3256
95 3254
96 3248
97 3222
98 3213
99 3209
