100 0.000 0.000 0.000 0.000 0.331 1.001 1.001 0.999 1.001 0.631 0.000 0.000 0.000 0.000 0.036 1 
101 0.000 0.000 0.000 0.000 0.000 1.000 1.000 1.000 1.000 1.000 0.000 0.000 0.000 0.000 0.000 0 
102 0.000 0.000 0.000 0.000 0.000 1.001 0.999 1.001 0.999 0.999 0.000 0.000 0.000 0.000 0.000 0 
103 0.000 0.000 0.000 0.000 0.000 1.000 1.000 1.000 1.000 0.999 0.000 0.000 0.000 0.000 0.000 0 
104 0.000 0.000 0.000 0.000 0.000 1.000 1.000 1.000 1.000 1.000 0.000 0.000 0.000 0.000 0.000 0 
105 0.000 0.000 0.000 0.000 0.533 1.001 1.001 0.999 1.001 0.393 0.000 0.000 0.000 0.000 0.073 1 
106 0.070 0.356 0.000 0.102 0.102 0.752 0.535 1.001 0.683 0.683 0.180 0.108 0.000 0.214 0.214 1 
107 0.000 0.000 0.000 0.000 0.116 1.000 1.000 1.000 1.000 0.847 0.000 0.000 0.000 0.000 0.037 1 
108 0.000 0.000 0.000 0.000 0.000 1.001 0.999 1.001 0.999 0.999 0.000 0.000 0.000 0.000 0.000 0 
109 0.000 0.000 0.000 0.048 0.147 1.001 0.999 1.001 0.580 0.074 0.000 0.000 0.000 0.371 0.779 1 
110 0.000 0.000 0.000 0.000 0.179 1.000 1.000 1.000 1.000 0.417 0.000 0.000 0.000 0.000 0.403 1 
111 0.000 0.000 0.018 0.032 0.083 1.001 1.001 0.939 0.861 0.692 0.000 0.000 0.042 0.107 0.224 1 
112 0.130 0.039 0.000 0.000 0.000 0.078 0.665 1.001 0.999 0.999 0.792 0.295 0.000 0.000 0.000 1 
113 0.000 0.000 0.000 0.000 0.191 1.001 0.999 1.001 0.999 0.771 0.000 0.000 0.000 0.000 0.038 1 
114 0.000 0.000 0.000 0.000 0.033 1.001 1.001 0.999 1.001 0.891 0.000 0.000 0.000 0.000 0.075 1 
115 0.000 0.000 0.000 0.000 0.000 1.000 1.000 1.000 1.000 1.000 0.000 0.000 0.000 0.000 0.000 0 
116 0.000 0.000 0.000 0.000 0.000 1.001 1.000 1.000 1.000 1.000 0.000 0.000 0.000 0.000 0.000 0 
117 0.020 0.077 0.000 0.003 0.514 0.910 0.770 1.001 0.958 0.188 0.071 0.151 0.000 0.038 0.298 1 
118 0.000 0.000 0.000 0.000 0.000 1.001 0.999 1.001 0.999 0.999 0.000 0.000 0.000 0.000 0.000 0 
119 0.000 0.000 0.000 0.000 0.000 1.001 1.000 1.000 1.000 1.000 0.000 0.000 0.000 0.000 0.000 0 
120 0.000 0.035 0.000 0.000 0.000 1.001 0.811 1.000 1.000 1.000 0.000 0.153 0.000 0.000 0.000 1 
121 0.000 0.000 0.000 0.000 0.000 1.000 1.000 1.000 1.000 0.999 0.000 0.000 0.000 0.000 0.000 0 
122 0.000 0.020 0.401 0.234 0.100 1.001 0.845 0.080 0.110 0.134 0.000 0.135 0.518 0.657 0.765 1 
123 0.266 0.000 0.000 0.000 0.000 0.697 1.000 1.000 1.000 1.000 0.039 0.000 0.000 0.000 0.000 1 
124 0.000 0.000 0.000 0.000 0.000 1.001 1.001 0.999 1.001 0.999 0.000 0.000 0.000 0.000 0.000 0 
125 0.000 0.000 0.000 0.000 0.000 1.000 1.000 1.000 1.000 0.999 0.000 0.000 0.000 0.000 0.000 0 
126 0.000 0.000 0.000 0.000 0.678 1.001 0.999 1.001 0.972 0.271 0.000 0.000 0.000 0.027 0.050 1 
127 0.002 0.000 0.081 0.056 0.064 0.922 1.000 0.764 0.546 0.892 0.078 0.000 0.155 0.398 0.044 1 
128 0.000 0.000 0.000 0.000 0.008 1.000 1.000 1.000 1.000 0.953 0.000 0.000 0.000 0.000 0.039 1 
129 0.000 0.000 0.000 0.010 0.200 1.000 1.000 1.000 0.951 0.098 0.000 0.000 0.000 0.039 0.702 1 
130 0.000 0.000 0.000 0.000 0.000 1.000 1.000 1.000 1.000 0.999 0.000 0.000 0.000 0.000 0.000 0 
131 0.914 0.184 0.031 0.000 0.000 0.007 0.093 0.707 1.000 1.000 0.079 0.724 0.262 0.000 0.000 1 
132 0.002 0.000 0.000 0.000 0.000 0.920 1.001 0.999 1.001 0.999 0.079 0.000 0.000 0.000 0.000 1 
133 0.000 0.000 0.000 0.000 0.066 1.000 1.000 1.000 1.000 0.814 0.000 0.000 0.000 0.000 0.120 1 
134 0.000 0.188 0.250 0.330 0.358 1.000 0.370 0.716 0.241 0.080 0.000 0.442 0.035 0.429 0.562 1 
135 0.035 0.021 0.000 0.000 0.000 0.887 0.896 1.001 0.999 0.999 0.079 0.082 0.000 0.000 0.000 1 
136 0.000 0.000 0.000 0.000 0.000 1.001 1.001 0.999 1.001 0.999 0.000 0.000 0.000 0.000 0.000 0 
137 0.000 0.000 0.000 0.000 0.626 1.001 1.000 1.000 1.000 0.136 0.000 0.000 0.000 0.000 0.238 1 
138 0.000 0.002 0.000 0.000 0.000 1.001 0.916 1.000 1.000 1.000 0.000 0.082 0.000 0.000 0.000 1 
139 0.098 0.073 0.000 0.000 0.000 0.162 0.229 1.000 1.000 1.000 0.739 0.698 0.000 0.000 0.000 1 
140 0.000 0.000 0.000 0.000 0.000 1.000 1.000 1.000 1.000 0.999 0.000 0.000 0.000 0.000 0.000 0 
141 0.000 0.000 0.000 0.000 0.000 1.001 0.999 1.001 0.999 0.999 0.000 0.000 0.000 0.000 0.000 0 
142 0.000 0.000 0.000 0.000 0.000 1.000 1.000 1.000 1.000 1.000 0.000 0.000 0.000 0.000 0.000 0 
143 0.000 0.000 0.000 0.000 0.000 1.001 0.999 1.001 0.999 0.999 0.000 0.000 0.000 0.000 0.000 0 
144 0.000 0.000 0.022 0.011 0.000 1.001 1.001 0.800 0.918 0.999 0.000 0.000 0.177 0.072 0.000 1 
145 0.000 0.000 0.000 0.000 0.081 1.001 0.999 1.001 0.999 0.793 0.000 0.000 0.000 0.000 0.125 1 
146 0.000 0.000 0.000 0.000 0.000 1.001 1.001 0.999 1.001 0.999 0.000 0.000 0.000 0.000 0.000 0 
147 0.000 0.000 0.000 0.000 0.051 1.000 1.000 1.000 1.000 0.824 0.000 0.000 0.000 0.000 0.125 1 
148 0.000 0.000 0.000 0.000 0.000 1.000 1.000 1.000 1.000 0.999 0.000 0.000 0.000 0.000 0.000 0 
149 0.111 0.016 0.566 0.000 0.000 0.680 0.948 0.307 1.001 0.999 0.209 0.036 0.126 0.000 0.000 1 
150 0.224 0.148 0.120 0.262 0.077 0.734 0.732 0.419 0.164 0.324 0.042 0.120 0.461 0.574 0.599 1 
151 0.011 0.000 0.029 0.434 0.440 0.905 1.000 0.765 0.215 0.365 0.084 0.000 0.206 0.350 0.194 1 
152 0.000 0.000 0.000 0.747 0.102 1.001 0.999 1.001 0.126 0.855 0.000 0.000 0.000 0.126 0.042 1 
153 0.000 0.000 0.000 0.000 0.000 1.000 1.000 1.000 1.000 0.999 0.000 0.000 0.000 0.000 0.000 0 
154 0.526 0.413 0.108 0.000 0.000 0.182 0.220 0.690 1.000 1.000 0.293 0.367 0.202 0.000 0.000 1 
155 0.000 0.000 0.000 0.000 0.514 1.001 1.000 1.000 1.000 0.444 0.000 0.000 0.000 0.000 0.042 1 
156 0.000 0.000 0.000 0.000 0.000 1.001 1.001 0.999 1.001 0.999 0.000 0.000 0.000 0.000 0.000 0 
157 0.000 0.000 0.243 1.000 0.653 1.001 1.000 0.629 0.000 0.100 0.000 0.000 0.127 0.000 0.247 1 
158 0.000 0.000 0.000 0.000 0.000 1.000 1.000 1.000 1.000 1.000 0.000 0.000 0.000 0.000 0.000 0 
159 0.000 0.000 0.000 0.000 0.000 1.000 1.000 1.000 1.000 1.000 0.000 0.000 0.000 0.000 0.000 0 
160 0.011 0.000 0.000 0.000 0.000 0.905 1.000 1.000 1.000 1.000 0.085 0.000 0.000 0.000 0.000 1 
161 0.141 0.000 0.000 0.000 0.000 0.825 1.000 1.000 1.000 1.000 0.033 0.000 0.000 0.000 0.000 1 
162 0.000 0.000 0.000 0.000 0.000 1.000 1.000 1.000 1.000 1.000 0.000 0.000 0.000 0.000 0.000 0 
163 0.000 0.000 0.000 0.000 0.000 1.001 1.001 0.999 1.001 0.999 0.000 0.000 0.000 0.000 0.000 0 
164 0.000 0.000 0.000 0.000 0.000 1.001 0.999 1.001 0.999 0.999 0.000 0.000 0.000 0.000 0.000 0 
165 0.000 0.000 0.000 0.000 0.000 1.001 1.000 1.000 1.000 1.000 0.000 0.000 0.000 0.000 0.000 0 
166 0.000 0.000 0.000 0.000 0.000 1.002 1.000 1.000 1.000 1.000 0.000 0.000 0.000 0.000 0.000 0 
167 0.282 0.662 0.730 0.229 0.000 0.675 0.088 0.115 0.384 0.998 0.043 0.250 0.156 0.387 0.000 1 
168 0.000 0.000 0.103 0.000 0.000 1.001 1.001 0.816 1.001 0.999 0.000 0.000 0.079 0.000 0.000 1 
169 0.335 0.000 0.000 0.000 0.000 0.450 0.999 1.001 0.999 0.999 0.216 0.000 0.000 0.000 0.000 1 
170 0.000 0.000 0.000 0.000 0.277 1.001 1.001 0.999 1.001 0.526 0.000 0.000 0.000 0.000 0.196 1 
171 0.000 0.000 0.000 0.000 0.000 1.001 1.001 0.999 1.001 0.999 0.000 0.000 0.000 0.000 0.000 0 
172 0.059 0.637 0.688 0.405 0.733 0.803 0.079 0.098 0.255 0.093 0.138 0.284 0.214 0.340 0.174 1 
173 0.017 0.636 0.000 0.000 0.000 0.852 0.320 1.000 1.000 1.000 0.131 0.044 0.000 0.000 0.000 1 
174 0.000 0.000 0.000 0.000 0.000 1.000 1.000 1.000 1.000 1.000 0.000 0.000 0.000 0.000 0.000 0 
175 0.000 0.000 0.000 0.000 0.000 1.000 1.000 1.000 1.000 0.998 0.000 0.000 0.000 0.000 0.000 0 
176 0.000 0.059 0.755 0.023 0.000 1.002 0.762 0.071 0.889 1.000 0.000 0.178 0.174 0.088 0.000 1 
177 0.000 0.000 0.034 0.000 0.000 1.000 1.000 0.701 1.000 1.000 0.000 0.000 0.264 0.000 0.000 1 
178 0.249 0.261 0.000 0.000 0.000 0.707 0.608 1.000 1.000 0.998 0.044 0.132 0.000 0.000 0.000 1 
179 0.000 0.000 0.000 0.000 0.000 1.000 1.000 1.000 1.000 0.998 0.000 0.000 0.000 0.000 0.000 0 
180 0.824 0.000 0.000 0.000 0.000 0.133 0.999 1.001 0.999 0.999 0.044 0.000 0.000 0.000 0.000 1 
181 0.181 0.073 0.081 0.073 0.042 0.066 0.112 0.069 0.293 0.913 0.753 0.815 0.850 0.634 0.044 1 
182 0.000 0.000 0.000 0.000 0.000 1.000 1.000 1.000 1.000 1.000 0.000 0.000 0.000 0.000 0.000 0 
183 0.000 0.000 0.000 0.000 0.000 1.001 0.999 1.001 0.999 0.999 0.000 0.000 0.000 0.000 0.000 0 
184 0.000 0.000 0.000 0.000 0.000 1.000 1.000 1.000 1.000 1.000 0.000 0.000 0.000 0.000 0.000 0 
185 0.000 0.000 0.000 0.000 0.000 1.001 0.999 1.001 0.999 0.999 0.000 0.000 0.000 0.000 0.000 0 
186 0.012 0.000 0.000 0.000 0.000 0.904 1.000 1.000 1.000 1.000 0.084 0.000 0.000 0.000 0.000 1 
187 0.000 0.000 0.000 0.000 0.023 1.000 1.000 1.000 1.000 0.795 0.000 0.000 0.000 0.000 0.180 1 
188 0.000 0.000 0.000 0.000 0.000 1.001 1.001 0.999 1.001 0.999 0.000 0.000 0.000 0.000 0.000 0 
189 0.022 0.025 0.000 0.259 0.075 0.933 0.704 1.000 0.427 0.704 0.045 0.271 0.000 0.314 0.222 1 
190 0.000 0.000 0.000 0.000 0.000 1.001 1.001 0.999 1.001 0.999 0.000 0.000 0.000 0.000 0.000 0 
191 0.000 0.000 0.000 0.000 0.000 1.000 1.000 1.000 1.000 0.998 0.000 0.000 0.000 0.000 0.000 0 
192 0.000 0.000 0.000 0.000 0.000 1.001 1.001 0.999 1.001 0.999 0.000 0.000 0.000 0.000 0.000 0 
193 0.241 0.000 0.156 0.036 0.036 0.350 1.001 0.570 0.655 0.728 0.409 0.000 0.273 0.311 0.235 1 
194 0.000 0.000 0.000 0.000 0.000 1.000 1.000 1.000 1.000 1.000 0.000 0.000 0.000 0.000 0.000 0 
195 0.000 0.000 0.000 0.062 0.000 1.002 1.000 1.000 0.771 1.000 0.000 0.000 0.000 0.167 0.000 1 
196 0.000 0.000 0.000 0.002 0.000 1.002 1.000 1.000 0.906 1.000 0.000 0.000 0.000 0.092 0.000 1 
197 0.287 0.536 0.000 0.024 0.299 0.118 0.327 1.000 0.797 0.125 0.596 0.137 0.000 0.179 0.576 1 
198 0.190 0.230 0.000 0.000 0.000 0.052 0.655 0.999 1.001 0.999 0.759 0.116 0.000 0.000 0.000 1 
199 0.000 0.000 0.000 0.532 0.346 1.001 1.001 0.999 0.218 0.336 0.000 0.000 0.000 0.250 0.316 1 
200 0.094 0.000 0.000 0.000 0.000 0.777 1.000 1.000 1.000 1.000 0.130 0.000 0.000 0.000 0.000 1 
201 0.068 0.000 0.000 0.000 0.000 0.896 1.000 1.000 1.000 1.000 0.036 0.000 0.000 0.000 0.000 1 
202 0.000 0.000 0.000 0.000 0.000 1.000 1.000 1.000 1.000 0.998 0.000 0.000 0.000 0.000 0.000 0 
203 0.000 0.000 0.000 0.000 0.000 1.001 1.001 0.999 1.001 0.999 0.000 0.000 0.000 0.000 0.000 0 
204 0.000 0.000 0.000 0.000 0.000 1.001 0.999 1.001 0.999 0.999 0.000 0.000 0.000 0.000 0.000 0 
205 0.000 0.000 0.000 0.000 0.000 1.000 1.000 1.000 1.000 0.998 0.000 0.000 0.000 0.000 0.000 0 
206 0.038 0.012 0.000 0.000 0.000 0.203 0.913 1.001 0.999 0.999 0.759 0.075 0.000 0.000 0.000 1 
207 0.000 0.000 0.000 0.000 0.002 1.001 1.001 0.999 1.001 0.950 0.000 0.000 0.000 0.000 0.047 1 
208 0.024 0.000 0.000 0.000 0.000 0.929 1.000 1.000 1.000 0.998 0.047 0.000 0.000 0.000 0.000 1 
209 0.000 0.000 0.000 0.000 0.000 1.001 1.001 0.999 1.001 0.999 0.000 0.000 0.000 0.000 0.000 0 
210 0.000 0.000 0.000 0.000 0.000 1.001 0.999 1.001 0.999 0.999 0.000 0.000 0.000 0.000 0.000 0 
211 0.000 0.000 0.000 0.000 0.153 1.000 1.000 1.000 1.000 0.406 0.000 0.000 0.000 0.000 0.441 1 
212 0.000 0.000 0.000 0.000 0.000 1.001 1.001 0.999 1.001 0.999 0.000 0.000 0.000 0.000 0.000 0 
213 0.000 0.000 0.000 0.000 0.000 1.000 1.000 1.000 1.000 1.000 0.000 0.000 0.000 0.000 0.000 0 
214 0.000 0.090 0.180 0.000 0.000 1.000 0.863 0.332 1.000 0.998 0.000 0.047 0.488 0.000 0.000 1 
215 0.000 0.000 0.000 0.000 0.000 1.000 1.000 1.000 1.000 0.998 0.000 0.000 0.000 0.000 0.000 0 
216 0.000 0.000 0.000 0.000 0.000 1.001 0.999 1.001 0.999 0.999 0.000 0.000 0.000 0.000 0.000 0 
217 0.087 0.437 0.111 0.122 0.000 0.299 0.043 0.072 0.556 0.999 0.616 0.519 0.818 0.321 0.000 1 
218 0.313 0.025 0.000 0.000 0.000 0.260 0.913 1.000 1.000 1.000 0.429 0.062 0.000 0.000 0.000 1 
219 0.000 0.000 0.000 0.000 0.000 1.000 1.000 1.000 1.000 0.998 0.000 0.000 0.000 0.000 0.000 0 
220 0.000 0.554 0.635 0.000 0.000 1.000 0.399 0.318 1.000 0.998 0.000 0.048 0.048 0.000 0.000 1 
221 0.000 0.000 0.000 0.000 0.000 1.000 1.000 1.000 1.000 0.998 0.000 0.000 0.000 0.000 0.000 0 
222 0.000 0.000 0.000 0.000 0.021 1.001 1.001 0.999 1.001 0.930 0.000 0.000 0.000 0.000 0.048 1 
223 0.012 0.000 0.000 0.000 0.000 0.951 0.999 1.001 0.999 0.999 0.037 0.000 0.000 0.000 0.000 1 
224 0.000 0.000 0.000 0.000 0.000 1.000 1.000 1.000 1.000 0.998 0.000 0.000 0.000 0.000 0.000 0 
225 0.000 0.000 0.000 0.000 0.000 1.001 0.999 1.001 0.999 0.999 0.000 0.000 0.000 0.000 0.000 0 
226 0.000 0.000 0.025 0.410 0.000 1.000 1.000 0.766 0.031 0.998 0.000 0.000 0.209 0.559 0.002 1 
227 0.000 0.126 0.000 0.013 0.000 1.000 0.591 1.000 0.901 1.000 0.000 0.283 0.000 0.086 0.000 1 
228 0.000 0.000 0.000 0.000 0.000 1.001 1.001 0.999 1.001 0.999 0.000 0.000 0.000 0.000 0.000 0 
229 0.000 0.000 0.000 0.000 0.282 1.000 1.000 1.000 1.000 0.293 0.000 0.000 0.000 0.000 0.423 1 
230 0.000 0.000 0.000 0.000 0.000 1.001 1.001 0.999 1.001 0.999 0.000 0.000 0.000 0.000 0.000 0 
231 0.063 0.178 0.457 0.023 0.051 0.451 0.755 0.470 0.929 0.910 0.487 0.068 0.072 0.049 0.038 1 
232 0.628 0.000 0.000 0.000 0.000 0.227 1.000 1.000 1.000 1.000 0.146 0.000 0.000 0.000 0.000 1 
233 0.557 0.000 0.224 0.237 0.168 0.198 1.000 0.443 0.591 0.661 0.245 0.000 0.333 0.173 0.171 1 
234 0.000 0.000 0.666 0.446 0.339 1.001 0.999 0.286 0.504 0.611 0.000 0.000 0.049 0.049 0.049 1 
235 0.100 0.000 0.000 0.026 0.859 0.605 1.000 1.000 0.765 0.006 0.295 0.000 0.000 0.209 0.135 1 
236 0.000 0.000 0.000 0.000 0.000 1.000 1.000 1.000 1.000 0.998 0.000 0.000 0.000 0.000 0.000 0 
237 0.000 0.000 0.017 0.195 0.000 1.002 1.000 0.933 0.657 1.000 0.000 0.000 0.049 0.148 0.000 1 
238 0.000 0.000 0.000 0.000 0.000 1.001 1.001 0.999 1.001 0.999 0.000 0.000 0.000 0.000 0.000 0 
239 0.000 0.000 0.000 0.026 0.000 1.001 1.001 0.999 0.876 0.999 0.000 0.000 0.000 0.099 0.000 1 
240 0.000 0.000 0.000 0.000 0.000 1.001 0.999 1.001 0.999 0.999 0.000 0.000 0.000 0.000 0.000 0 
241 0.000 0.039 0.103 0.039 0.000 1.002 0.672 0.086 0.672 1.000 0.000 0.289 0.810 0.289 0.000 1 
242 0.000 0.050 0.000 0.047 0.103 1.000 0.759 1.000 0.552 0.157 0.000 0.192 0.000 0.401 0.739 1 
243 0.282 0.267 0.149 0.052 0.000 0.371 0.584 0.422 0.534 1.000 0.347 0.149 0.429 0.414 0.000 1 
244 0.373 0.000 0.000 0.000 0.000 0.578 0.999 1.001 0.999 0.999 0.050 0.000 0.000 0.000 0.000 1 
245 0.000 0.000 0.000 0.000 0.000 1.001 0.999 1.001 0.999 0.999 0.000 0.000 0.000 0.000 0.000 0 
246 0.000 0.000 0.000 0.000 0.000 1.000 1.000 1.000 1.000 0.998 0.000 0.000 0.000 0.000 0.000 0 
247 0.013 0.104 0.052 0.000 0.117 0.854 0.093 0.585 1.000 0.782 0.135 0.802 0.363 0.000 0.100 1 
248 0.000 0.000 0.000 0.000 0.000 1.000 1.000 1.000 1.000 0.998 0.000 0.000 0.000 0.000 0.000 0 
249 0.402 0.000 0.000 0.000 0.110 0.044 1.001 0.999 1.001 0.536 0.555 0.000 0.000 0.000 0.353 1 
250 1.000 0.646 0.319 0.119 0.688 0.000 0.169 0.084 0.053 0.020 0.000 0.185 0.598 0.829 0.292 1 
251 0.000 0.000 0.000 0.000 0.000 1.001 0.999 1.001 0.999 0.999 0.000 0.000 0.000 0.000 0.000 0 
252 0.000 0.000 0.000 0.000 0.000 1.000 1.000 1.000 1.000 0.998 0.000 0.000 0.000 0.000 0.000 0 
253 0.000 0.000 0.000 0.000 0.000 1.001 0.999 1.001 0.999 0.999 0.000 0.000 0.000 0.000 0.000 0 
254 0.044 0.044 0.000 0.435 0.042 0.866 0.866 0.999 0.115 0.906 0.091 0.091 0.000 0.451 0.051 1 
255 0.144 0.000 0.000 0.000 0.000 0.603 0.999 1.001 0.999 0.999 0.254 0.000 0.000 0.000 0.000 1 
256 0.000 0.000 0.000 0.000 0.000 1.002 1.000 1.000 1.000 1.000 0.000 0.000 0.000 0.000 0.000 0 
257 0.000 0.000 0.000 0.157 0.304 1.002 1.000 1.000 0.534 0.130 0.000 0.000 0.000 0.309 0.566 1 
258 0.000 0.000 0.000 0.000 0.000 1.000 1.000 1.000 1.000 1.000 0.000 0.000 0.000 0.000 0.000 0 
259 0.000 0.000 0.000 0.000 0.000 1.000 1.000 1.000 1.000 0.998 0.000 0.000 0.000 0.000 0.000 0 
260 0.000 0.000 0.000 0.659 0.081 1.000 1.000 1.000 0.289 0.814 0.000 0.000 0.000 0.052 0.103 1 
261 0.000 0.000 0.000 0.000 0.000 1.000 1.000 1.000 1.000 1.000 0.000 0.000 0.000 0.000 0.000 0 
262 0.000 0.000 0.000 0.000 0.000 1.001 1.001 0.999 1.001 0.999 0.000 0.000 0.000 0.000 0.000 0 
263 0.000 0.000 0.000 0.000 0.481 1.000 1.000 1.000 1.000 0.427 0.000 0.000 0.000 0.000 0.093 1 
264 0.000 0.000 0.000 0.000 0.000 1.000 1.000 1.000 1.000 0.998 0.000 0.000 0.000 0.000 0.000 0 
265 0.000 0.000 0.000 0.000 0.000 1.001 1.001 0.999 1.001 0.999 0.000 0.000 0.000 0.000 0.000 0 
266 0.000 0.000 0.000 0.000 0.000 1.001 0.999 1.001 0.999 0.999 0.000 0.000 0.000 0.000 0.000 0 
267 0.000 0.000 0.000 0.000 0.000 1.002 1.000 1.000 1.000 1.000 0.000 0.000 0.000 0.000 0.000 0 
268 0.000 0.000 0.000 0.000 0.000 1.001 0.999 1.001 0.999 0.999 0.000 0.000 0.000 0.000 0.000 0 
269 0.000 0.000 0.000 0.000 0.000 1.000 1.000 1.000 1.000 0.998 0.000 0.000 0.000 0.000 0.000 0 
270 0.000 0.000 0.000 0.000 0.000 1.000 1.000 1.000 1.000 0.998 0.000 0.000 0.000 0.000 0.000 0 
271 0.000 0.000 0.708 0.676 0.534 1.001 0.956 0.073 0.034 0.135 0.000 0.044 0.220 0.289 0.330 1 
272 0.000 0.000 0.000 0.000 0.000 1.002 1.000 1.000 1.000 1.000 0.000 0.000 0.000 0.000 0.000 0 
273 0.000 0.000 0.000 0.000 0.000 1.002 1.000 1.000 1.000 1.000 0.000 0.000 0.000 0.000 0.000 0 
274 0.000 0.000 0.104 0.386 0.116 1.000 1.000 0.843 0.266 0.806 0.000 0.000 0.053 0.349 0.076 1 
275 0.000 0.051 0.053 0.000 0.000 1.002 0.315 0.406 1.000 1.000 0.000 0.633 0.540 0.000 0.000 1 
276 0.332 0.097 0.000 0.000 0.000 0.093 0.146 1.000 1.000 1.000 0.577 0.756 0.000 0.000 0.000 1 
277 0.000 0.000 0.000 0.843 0.000 1.001 1.001 0.987 0.063 0.999 0.000 0.000 0.012 0.095 0.000 1 
278 0.281 0.000 0.000 0.000 0.000 0.253 0.999 1.001 0.999 0.999 0.467 0.000 0.000 0.000 0.000 1 
279 0.000 0.000 0.000 0.000 0.000 1.000 1.000 1.000 1.000 0.998 0.000 0.000 0.000 0.000 0.000 0 
280 0.000 0.000 0.000 0.000 0.000 1.000 1.000 1.000 1.000 1.000 0.000 0.000 0.000 0.000 0.000 0 
281 0.000 0.000 0.000 0.000 0.000 1.001 1.001 0.999 1.001 0.999 0.000 0.000 0.000 0.000 0.000 0 
282 0.000 0.000 0.000 0.000 0.000 1.001 1.001 0.999 1.001 0.999 0.000 0.000 0.000 0.000 0.000 0 
283 0.000 0.000 0.000 0.000 0.000 1.002 1.000 1.000 1.000 1.000 0.000 0.000 0.000 0.000 0.000 0 
284 0.000 0.000 0.000 0.000 0.000 1.001 0.999 1.001 0.999 0.999 0.000 0.000 0.000 0.000 0.000 0 
285 0.014 0.000 0.000 0.000 0.028 0.877 1.000 1.000 1.000 0.863 0.109 0.000 0.000 0.000 0.109 1 
286 0.000 0.000 0.000 0.000 0.000 1.002 1.000 1.000 1.000 1.000 0.000 0.000 0.000 0.000 0.000 0 
287 0.047 0.074 0.000 0.000 0.000 0.807 0.752 1.001 0.999 0.999 0.147 0.173 0.000 0.000 0.000 1 
288 0.000 0.000 0.000 0.000 0.000 1.000 1.000 1.000 1.000 1.000 0.000 0.000 0.000 0.000 0.000 0 
289 0.000 0.000 0.000 0.000 0.000 1.000 1.000 1.000 1.000 0.998 0.000 0.000 0.000 0.000 0.000 0 
290 0.000 0.000 0.000 0.000 0.000 1.001 1.001 0.999 1.001 0.999 0.000 0.000 0.000 0.000 0.000 0 
291 0.000 0.000 0.000 0.000 0.000 1.001 1.001 0.999 1.001 0.999 0.000 0.000 0.000 0.000 0.000 0 
292 0.000 0.000 0.000 0.000 0.000 1.001 1.001 0.999 1.001 0.999 0.000 0.000 0.000 0.000 0.000 0 
293 0.029 0.000 0.000 0.000 0.000 0.915 1.000 1.000 1.000 1.000 0.056 0.000 0.000 0.000 0.000 1 
294 0.000 0.000 0.015 0.000 0.000 1.001 1.001 0.885 1.001 0.999 0.000 0.000 0.099 0.000 0.000 1 
295 0.000 0.000 0.000 0.000 0.000 1.001 1.001 0.999 1.001 0.999 0.000 0.000 0.000 0.000 0.000 0 
296 0.000 0.000 0.000 0.046 0.388 1.002 1.000 1.000 0.898 0.459 0.000 0.000 0.000 0.056 0.153 1 
297 0.000 0.000 0.000 0.000 0.000 1.001 1.001 0.999 1.001 0.999 0.000 0.000 0.000 0.000 0.000 0 
298 0.146 0.875 0.158 0.527 0.000 0.800 0.034 0.695 0.318 0.999 0.056 0.090 0.148 0.153 0.000 1 
299 0.000 0.000 0.000 0.000 0.000 1.001 0.999 1.001 0.999 0.999 0.000 0.000 0.000 0.000 0.000 0 
300 0.000 0.000 0.000 0.000 0.075 1.002 1.000 1.000 1.000 0.700 0.000 0.000 0.000 0.000 0.224 1 
301 0.188 0.000 0.000 0.024 0.731 0.645 1.001 0.999 0.809 0.044 0.168 0.000 0.000 0.168 0.224 1 
302 0.046 0.000 0.000 0.000 0.000 0.850 1.001 0.999 1.001 0.999 0.105 0.000 0.000 0.000 0.000 1 
303 0.015 0.000 0.000 0.000 0.000 0.930 1.001 0.999 1.001 0.999 0.056 0.000 0.000 0.000 0.000 1 
304 0.000 0.000 0.000 0.000 0.000 1.001 0.999 1.001 0.999 0.999 0.000 0.000 0.000 0.000 0.000 0 
305 0.000 0.000 0.000 0.000 0.000 1.002 1.000 1.000 1.000 1.000 0.000 0.000 0.000 0.000 0.000 0 
306 0.172 0.384 0.335 0.106 0.044 0.094 0.268 0.148 0.824 0.906 0.736 0.347 0.519 0.069 0.049 1 
307 0.000 0.000 0.000 0.000 0.000 1.001 0.999 1.001 0.999 0.999 0.000 0.000 0.000 0.000 0.000 0 
308 0.000 0.000 0.000 0.000 0.000 1.001 0.999 1.001 0.999 0.999 0.000 0.000 0.000 0.000 0.000 0 
309 0.015 0.118 0.000 0.000 0.000 0.815 0.089 0.943 1.000 1.000 0.170 0.793 0.057 0.000 0.000 1 
310 0.074 0.713 0.000 0.000 0.000 0.883 0.232 0.999 1.001 0.999 0.044 0.057 0.000 0.000 0.000 1 
311 0.000 0.000 0.000 0.000 0.000 1.000 1.000 1.000 1.000 0.998 0.000 0.000 0.000 0.000 0.000 0 
312 0.000 0.000 0.000 0.035 0.000 1.001 0.999 1.001 0.623 0.999 0.000 0.000 0.000 0.341 0.000 1 
313 0.000 0.000 0.000 0.000 0.000 1.000 1.000 1.000 1.000 1.000 0.000 0.000 0.000 0.000 0.000 0 
314 0.000 0.000 0.000 0.000 0.007 1.001 1.001 0.999 1.001 0.934 0.000 0.000 0.000 0.000 0.057 1 
315 0.000 0.000 0.000 0.045 0.000 1.001 0.999 0.972 0.641 0.999 0.000 0.000 0.030 0.313 0.000 1 
316 0.834 0.620 0.466 0.000 0.000 0.022 0.182 0.476 1.001 0.999 0.144 0.199 0.057 0.000 0.000 1 
317 0.000 0.000 0.000 0.000 0.030 1.002 0.999 1.002 0.999 0.739 0.000 0.000 0.000 0.000 0.230 1 
318 0.000 0.000 0.000 0.000 0.000 1.001 1.001 1.001 1.001 0.998 0.000 0.000 0.000 0.000 0.000 0 
319 0.407 0.000 0.000 0.000 0.000 0.477 1.000 1.000 1.000 1.000 0.116 0.000 0.000 0.000 0.000 1 
320 0.000 0.000 0.000 0.000 0.000 1.002 0.999 0.999 0.999 0.999 0.000 0.000 0.000 0.000 0.000 0 
321 0.000 0.142 0.091 0.000 0.000 0.961 0.111 0.185 1.001 0.998 0.040 0.748 0.723 0.000 0.000 1 
322 0.000 0.000 0.000 0.000 0.000 1.001 1.001 1.001 1.001 0.998 0.000 0.000 0.000 0.000 0.000 0 
323 0.000 0.000 0.000 0.000 0.000 1.002 0.999 1.002 0.999 0.999 0.000 0.000 0.000 0.000 0.000 0 
324 0.000 0.122 0.127 0.000 0.089 1.001 0.600 0.813 1.001 0.617 0.000 0.279 0.058 0.000 0.292 1 
325 0.000 0.000 0.000 0.000 0.000 1.002 0.999 1.002 0.999 0.999 0.000 0.000 0.000 0.000 0.000 0 
326 0.000 0.000 0.000 0.000 0.000 1.002 0.999 0.999 0.999 0.999 0.000 0.000 0.000 0.000 0.000 0 
327 0.000 0.000 0.000 0.000 0.000 1.002 0.999 0.999 0.999 0.999 0.000 0.000 0.000 0.000 0.000 0 
328 0.000 0.000 0.000 0.000 0.000 1.002 0.999 0.999 0.999 0.999 0.000 0.000 0.000 0.000 0.000 0 
329 0.000 0.076 0.107 0.000 0.000 1.001 0.283 0.130 1.001 0.998 0.000 0.642 0.764 0.000 0.000 1 
330 0.509 0.107 0.000 0.000 0.000 0.036 0.120 0.998 1.001 0.998 0.456 0.774 0.000 0.000 0.000 1 
331 0.041 0.227 0.505 0.311 0.020 0.785 0.127 0.094 0.102 0.803 0.176 0.645 0.400 0.586 0.176 1 
332 0.000 0.000 0.000 0.000 0.000 1.000 1.000 1.000 1.000 1.000 0.000 0.000 0.000 0.000 0.000 0 
333 0.511 0.871 0.432 0.000 0.000 0.432 0.023 0.296 0.999 0.999 0.059 0.105 0.273 0.000 0.000 1 
334 0.432 0.077 0.151 0.000 0.115 0.041 0.333 0.732 1.001 0.778 0.527 0.591 0.118 0.000 0.105 1 
335 0.000 0.128 0.248 0.213 0.576 1.002 0.576 0.448 0.692 0.364 0.000 0.295 0.305 0.095 0.059 1 
336 0.000 0.000 0.000 0.000 0.000 1.002 0.999 0.999 0.999 0.999 0.000 0.000 0.000 0.000 0.000 0 
337 0.000 0.000 0.000 0.051 0.214 1.002 0.999 1.002 0.829 0.726 0.000 0.000 0.000 0.118 0.059 1 
338 0.000 0.000 0.000 0.000 0.000 1.002 0.999 0.999 0.999 0.999 0.000 0.000 0.000 0.000 0.000 0 
339 0.000 0.000 0.000 0.000 0.000 1.001 1.001 1.001 1.001 0.998 0.000 0.000 0.000 0.000 0.000 0 
340 0.000 0.000 0.000 0.000 0.000 1.001 1.001 0.998 1.001 0.998 0.000 0.000 0.000 0.000 0.000 0 
341 0.031 0.000 0.000 0.000 0.000 0.918 1.001 1.001 1.001 0.998 0.052 0.000 0.000 0.000 0.000 1 
342 0.000 0.000 0.000 0.000 0.052 1.001 1.001 0.998 1.001 0.835 0.000 0.000 0.000 0.000 0.112 1 
343 0.000 0.229 0.000 0.000 0.000 1.002 0.651 0.999 0.999 0.999 0.000 0.120 0.000 0.000 0.000 1 
344 0.000 0.000 0.000 0.000 0.286 1.002 0.999 0.999 0.999 0.593 0.000 0.000 0.000 0.000 0.120 1 
345 0.000 0.000 0.000 0.000 0.000 1.002 0.999 0.999 0.999 0.999 0.000 0.000 0.000 0.000 0.000 0 
346 0.000 0.000 0.000 0.000 0.000 1.000 1.000 1.000 1.000 1.000 0.000 0.000 0.000 0.000 0.000 0 
347 0.000 0.000 0.000 0.000 0.029 1.001 1.001 1.001 1.001 0.849 0.000 0.000 0.000 0.000 0.120 1 
348 0.031 0.097 0.013 0.160 0.000 0.738 0.113 0.926 0.720 0.999 0.233 0.790 0.060 0.120 0.000 1 
349 0.000 0.000 0.000 0.000 0.000 1.001 1.001 1.001 1.001 0.998 0.000 0.000 0.000 0.000 0.000 0 
350 0.000 0.000 0.050 0.458 0.000 1.001 1.001 0.718 0.422 0.998 0.000 0.000 0.233 0.120 0.000 1 
351 0.000 0.000 0.000 0.000 0.000 1.002 0.999 1.002 0.999 0.999 0.000 0.000 0.000 0.000 0.000 0 
352 0.000 0.000 0.000 0.000 0.000 1.002 0.999 1.002 0.999 0.999 0.000 0.000 0.000 0.000 0.000 0 
353 0.000 0.000 0.000 0.203 0.248 1.000 1.000 1.000 0.470 0.691 0.000 0.000 0.000 0.327 0.061 1 
354 0.000 0.000 0.000 0.000 0.045 1.001 1.001 1.001 1.001 0.771 0.000 0.000 0.000 0.000 0.182 1 
355 0.000 0.000 0.000 0.000 0.000 1.000 1.000 1.000 1.000 1.000 0.000 0.000 0.000 0.000 0.000 0 
356 0.000 0.111 0.000 0.000 0.077 1.001 0.537 1.001 1.001 0.746 0.000 0.352 0.000 0.000 0.175 1 
357 0.000 0.000 0.000 0.000 0.000 1.001 1.001 1.001 1.001 0.998 0.000 0.000 0.000 0.000 0.000 0 
358 0.000 0.000 0.000 0.000 0.000 1.002 0.999 0.999 0.999 0.999 0.000 0.000 0.000 0.000 0.000 0 
359 0.000 0.000 0.000 0.000 0.000 1.002 0.999 1.002 0.999 0.999 0.000 0.000 0.000 0.000 0.000 0 
360 0.909 0.000 0.000 0.000 0.000 0.029 1.000 1.000 1.000 1.000 0.061 0.000 0.000 0.000 0.000 1 
361 0.000 0.000 0.000 0.000 0.000 1.002 0.999 1.002 0.999 0.999 0.000 0.000 0.000 0.000 0.000 0 
362 0.000 0.000 0.000 0.000 0.000 1.002 0.999 0.999 0.999 0.999 0.000 0.000 0.000 0.000 0.000 0 
363 0.000 0.000 0.000 0.000 0.000 1.002 0.999 0.999 0.999 0.999 0.000 0.000 0.000 0.000 0.000 0 
364 0.000 0.032 0.000 0.064 0.016 1.002 0.720 1.002 0.583 0.840 0.000 0.247 0.000 0.352 0.142 1 
365 0.000 0.000 0.000 0.000 0.000 1.002 0.999 1.002 0.999 0.999 0.000 0.000 0.000 0.000 0.000 0 
366 0.051 0.099 0.102 0.051 0.269 0.828 0.580 0.478 0.785 0.341 0.124 0.320 0.419 0.164 0.390 1 
367 0.540 0.446 0.341 0.368 0.516 0.153 0.218 0.150 0.317 0.126 0.309 0.336 0.508 0.314 0.357 1 
368 0.000 0.000 0.000 0.000 0.000 1.001 1.001 1.001 1.001 0.998 0.000 0.000 0.000 0.000 0.000 0 
369 0.000 0.000 0.000 0.000 0.000 1.000 1.000 1.000 1.000 1.000 0.000 0.000 0.000 0.000 0.000 0 
370 0.000 0.000 0.016 0.032 0.998 1.001 1.001 0.858 0.907 0.000 0.000 0.000 0.124 0.062 0.000 1 
371 0.251 0.187 0.330 0.000 0.000 0.376 0.503 0.608 1.001 0.998 0.373 0.311 0.062 0.000 0.000 1 
372 0.000 0.000 0.000 0.000 0.000 1.001 1.001 0.998 1.001 0.998 0.000 0.000 0.000 0.000 0.000 0 
373 0.000 0.000 0.000 0.000 0.000 1.001 1.001 1.001 1.001 0.998 0.000 0.000 0.000 0.000 0.000 0 
374 0.000 0.000 0.000 0.000 0.000 1.002 0.999 1.002 0.999 0.999 0.000 0.000 0.000 0.000 0.000 0 
375 1.001 0.321 0.000 0.000 0.000 0.000 0.618 0.998 1.001 0.998 0.000 0.063 0.000 0.000 0.000 1 
376 0.000 0.000 0.000 0.000 0.000 1.002 0.999 1.002 0.999 0.999 0.000 0.000 0.000 0.000 0.000 0 
377 0.000 0.000 0.000 0.000 0.000 1.002 0.999 0.999 0.999 0.999 0.000 0.000 0.000 0.000 0.000 0 
378 0.000 0.000 0.117 0.033 0.000 1.002 0.999 0.466 0.763 0.999 0.000 0.000 0.417 0.204 0.000 1 
379 0.000 0.425 0.000 0.033 0.033 1.001 0.450 1.001 0.742 0.690 0.000 0.125 0.000 0.226 0.275 1 
380 0.680 0.098 0.128 0.128 0.000 0.071 0.115 0.655 0.620 0.999 0.251 0.786 0.218 0.251 0.000 1 
381 0.000 0.000 0.000 0.000 0.000 1.002 0.999 1.002 0.999 0.999 0.000 0.000 0.000 0.000 0.000 0 
382 0.000 0.000 0.000 0.000 0.000 1.001 1.001 0.998 1.001 0.998 0.000 0.000 0.000 0.000 0.000 0 
383 0.000 0.000 0.000 0.000 0.000 1.000 1.000 1.000 1.000 1.000 0.000 0.000 0.000 0.000 0.000 0 
384 0.096 0.000 0.000 0.000 0.000 0.778 1.001 0.998 1.001 0.998 0.127 0.000 0.000 0.000 0.000 1 
385 0.000 0.000 0.000 0.000 0.000 1.002 0.999 0.999 0.999 0.999 0.000 0.000 0.000 0.000 0.000 0 
386 0.000 0.444 0.369 0.391 0.479 1.000 0.493 0.152 0.124 0.457 0.000 0.063 0.479 0.485 0.063 1 
387 0.030 0.000 0.000 0.000 0.000 0.908 0.999 1.002 0.999 0.999 0.063 0.000 0.000 0.000 0.000 1 
388 0.055 0.000 0.000 0.050 0.429 0.882 1.001 0.998 0.614 0.271 0.064 0.000 0.000 0.337 0.299 1 
389 0.055 0.166 0.000 0.033 0.423 0.855 0.545 0.998 0.805 0.301 0.091 0.290 0.000 0.163 0.274 1 
390 0.000 0.000 0.000 0.000 0.000 1.002 0.999 1.002 0.999 0.999 0.000 0.000 0.000 0.000 0.000 0 
391 0.000 0.000 0.000 0.000 0.000 1.002 0.999 1.002 0.999 0.999 0.000 0.000 0.000 0.000 0.000 0 
392 0.000 0.100 0.050 0.000 0.000 1.002 0.310 0.520 0.999 0.999 0.000 0.590 0.429 0.000 0.000 1 
393 0.000 0.000 0.000 0.000 0.000 1.001 1.001 1.001 1.001 0.998 0.000 0.000 0.000 0.000 0.000 0 
394 0.000 0.000 0.000 0.000 0.000 1.001 1.001 1.001 1.001 0.998 0.000 0.000 0.000 0.000 0.000 0 
395 0.253 0.000 0.000 0.000 0.000 0.558 0.999 0.999 0.999