100 50312
101 50603
102 46588
103 50778
104 48898
105 46708
106 49674
107 46654
108 48902
109 43583
110 48895
111 47784
112 43278
113 46168
114 47831
115 47929
116 48644
117 46715
118 45046
119 44046
120 46188
121 44014
122 37897
123 47978
124 45798
125 45571
126 46889
127 47215
128 45772
129 42611
130 45815
131 42039
132 45973
133 44210
134 41413
135 44712
136 42751
137 44952
138 44209
139 47118
140 44647
141 43862
142 43815
143 42970
144 41959
145 42382
146 43078
147 41390
148 42832
149 42248
150 39026
151 43091
152 40940
153 41069
154 42472
155 43236
156 43718
157 42765
158 43470
159 43125
160 40992
161 41741
162 41399
163 43200
164 41987
165 41947
166 37507
167 41278
168 41322
169 42092
170 42017
171 39770
172 42486
173 40627
174 41992
175 40673
176 41953
177 39161
178 41340
179 40861
180 41842
181 38308
182 40648
183 38813
184 40728
185 38192
186 39453
187 39607
188 40452
189 39842
190 40494
191 39790
192 39462
193 36927
194 40352
195 40279
196 39593
197 37125
198 36626
199 38627
200 40828
201 40514
202 39309
203 37891
204 38820
205 39794
206 37706
207 39175
208 38805
209 39279
210 39118
211 37949
212 31647
213 38935
214 38157
215 38813
216 38414
217 30986
218 37912
219 37469
220 38708
221 38227
222 38299
223 30525
224 38025
225 37333
226 34621
227 37807
228 37199
229 37178
230 34757
231 36020
232 36851
233 38267
234 35037
235 36086
236 37200
237 36761
238 37058
239 36921
240 36554
241 29935
242 36402
243 33192
244 36866
245 35809
246 36059
247 32203
248 34388
249 33174
250 30183
251 30716
252 35012
253 36233
254 34463
255 34858
256 35026
257 32634
258 33796
259 35262
260 35449
261 35188
262 35269
263 35111
264 35089
265 32313
266 34484
267 34440
268 34643
269 31734
270 34503
271 34694
272 34201
273 34134
274 33403
275 34013
276 29930
277 33259
278 34390
279 34088
280 33849
281 33347
282 33757
283 33060
284 33831
285 32666
286 32943
287 32427
288 33456
289 33020
290 32598
291 32728
292 33462
293 33235
294 32649
295 32959
296 33011
297 32051
298 32098
299 32631
300 32448
301 30539
302 32512
303 32803
304 32302
305 32281
306 29395
307 31651
308 30886
309 29275
310 31546
311 31679
312 26177
313 32020
314 31164
315 31265
316 32253
317 32178
318 31173
319 30942
320 31494
321 27253
322 30974
323 31323
324 30105
325 30466
326 30760
327 30697
328 30427
329 27820
330 27913
331 26448
332 31679
333 30482
334 27891
335 30947
336 31043
337 28220
338 29966
339 30794
340 28225
341 30833
342 30080
343 30368
344 29996
345 30419
346 28979
347 29025
348 28358
349 30148
350 29767
351 29959
352 29634
353 30146
354 29664
355 29895
356 29893
357 30420
358 28722
359 29476
360 29943
361 29067
362 29085
363 29724
364 27779
365 29076
366 29651
367 29245
368 28405
369 29754
370 29664
371 28909
372 29832
373 29376
374 27576
375 28154
376 29555
377 28780
378 27541
379 27011
380 25418
381 29229
382 28767
383 28583
384 28460
385 28139
386 29125
387 28164
388 27005
389 28156
390 28362
391 27149
392 26453
393 28722
394 28563
395 28131
396 28592
397 27510
398 25755
399 27340
400 28705
401 24965
402 27760
403 28737
404 25281
405 25474
406 28556
407 27988
408 28235
409 27932
410 26093
411 27592
412 28177
413 28439
414 27728
415 27929
416 27201
417 28018
418 27839
419 27296
420 27416
421 27120
422 25333
423 27798
424 27156
425 27064
426 27412
427 25895
428 27102
429 27720
430 25972
431 23986
432 26749
433 27685
434 23585
435 27542
436 24376
437 26924
438 27668
439 26913
440 27554
441 26316
442 24542
443 26882
444 25950
445 27102
446 26307
447 24774
448 27698
449 26862
45 63841
450 25812
451 26392
452 27482
453 26817
454 26534
455 26376
456 25994
457 26448
458 26229
459 25487
46 60188
460 24905
461 26795
462 25170
463 27159
464 27091
465 25167
466 25716
467 25765
468 26405
469 26615
47 58535
470 26398
471 26350
472 26128
473 26300
474 26612
475 26348
476 26192
477 26503
478 25626
479 26588
48 61041
480 26216
481 26285
482 25718
483 26477
484 25189
485 26056
486 26001
487 26946
488 26200
489 26451
49 60760
490 26136
491 25981
492 26020
493 26898
494 24744
495 23405
496 24666
497 25647
498 26575
499 26345
50 60088
500 25196
501 20458
502 25300
503 25961
504 24957
505 25807
506 26231
507 25613
508 25280
509 24875
51 60637
510 25782
511 25727
512 25544
513 26032
514 25963
515 27393
516 25044
517 25954
518 25431
519 26124
52 59598
520 23212
521 25000
522 25483
523 26128
524 25840
525 22819
526 25973
527 25549
528 19744
529 24634
53 60021
530 24616
531 25059
532 23292
533 24058
534 24867
535 24394
536 24326
537 25596
538 25193
539 25586
54 58740
540 24910
541 24225
542 25522
543 24714
544 24217
545 23968
546 24796
547 24152
548 21390
549 24520
55 57071
550 24458
551 23745
552 25287
553 23166
554 24185
555 25134
556 25026
557 24227
558 25209
559 24338
56 58464
560 23538
561 21566
562 23870
563 24572
564 24742
565 24347
566 24346
567 23296
568 24595
569 23726
57 59003
570 24098
571 25433
572 22640
573 24321
574 23743
575 24106
576 27455
577 23469
578 24001
579 23994
58 58116
580 20725
581 23537
582 23998
583 24180
584 23614
585 20762
586 23988
587 22434
588 23460
589 24208
59 59032
590 23149
591 23136
592 23962
593 22282
594 24022
595 23663
596 23458
597 23113
598 22969
599 23610
60 57678
600 23447
601 21970
602 22938
603 24121
604 23348
605 20658
606 23531
607 22735
608 22408
609 21433
61 55534
610 23300
611 22659
612 22236
613 22757
614 23665
615 23727
616 23662
617 22078
618 23696
619 23188
62 58524
620 23303
621 22695
622 23157
623 19540
624 24047
625 23354
626 23082
627 22977
628 21504
629 23953
63 56302
630 23082
631 23240
632 23561
633 23436
634 23079
635 22318
636 22868
637 23628
638 21630
639 18696
64 55865
640 22934
641 23345
642 21045
643 23600
644 20325
645 23322
646 21711
647 22758
648 22744
649 22816
65 54303
650 22985
651 20760
652 21726
653 22494
654 22244
655 21302
656 23008
657 23226
658 22426
659 22424
66 50957
660 20528
661 21734
662 22630
663 22450
664 22271
665 22180
666 22725
67 54568
68 54732
69 54263
70 55373
71 53279
72 53213
73 53498
74 54169
75 53751
76 52514
77 51203
78 52180
79 53994
80 53751
81 53124
82 52966
83 53114
84 49484
85 56454
86 52369
87 50791
88 53219
89 51072
90 51920
91 52120
92 51164
93 52405
94 50143
95 52612
96 49653
97 51771
98 51253
99 50646
