100 0.044 0.052 0.063 0.000 0.124 0.957 0.949 0.936 1.001 0.875 
101 0.036 0.024 0.058 0.055 0.036 0.964 0.976 0.942 0.945 0.964 
102 0.354 0.175 0.074 0.239 0.378 0.647 0.825 0.927 0.760 0.622 
103 0.049 0.076 0.038 0.039 0.020 0.951 0.925 0.963 0.961 0.978 
104 0.057 0.024 0.036 0.011 0.313 0.943 0.976 0.964 0.989 0.687 
105 0.249 0.059 0.040 0.021 0.076 0.752 0.942 0.959 0.980 0.923 
106 0.051 0.029 0.067 0.000 0.022 0.950 0.971 0.934 0.999 0.977 
107 0.393 0.374 0.000 0.000 0.102 0.607 0.626 1.000 1.000 0.898 
108 0.026 0.056 0.000 0.185 0.061 0.975 0.944 1.001 0.814 0.939 
109 0.031 0.240 0.111 0.571 0.945 0.970 0.759 0.890 0.429 0.055 
110 0.128 0.019 0.063 0.016 0.094 0.872 0.981 0.937 0.984 0.905 
111 0.029 0.068 0.000 0.063 0.086 0.971 0.932 0.999 0.937 0.913 
112 0.787 0.372 0.033 0.183 0.143 0.214 0.628 0.968 0.817 0.856 
113 0.018 0.057 0.111 0.082 0.136 0.983 0.942 0.890 0.918 0.864 
114 0.000 0.082 0.041 0.021 0.000 1.001 0.919 0.958 0.979 0.999 
115 0.074 0.117 0.158 0.176 0.151 0.926 0.883 0.842 0.824 0.849 
116 0.016 0.062 0.000 0.000 0.026 0.985 0.937 1.000 1.000 0.973 
117 0.036 0.234 0.454 0.552 0.254 0.965 0.766 0.547 0.448 0.746 
118 0.071 0.081 0.020 0.053 0.132 0.930 0.919 0.981 0.947 0.867 
119 0.068 0.100 0.051 0.138 0.088 0.933 0.900 0.948 0.862 0.912 
120 0.072 0.215 0.305 0.525 0.472 0.930 0.785 0.695 0.475 0.528 
121 0.147 0.134 0.217 0.159 0.144 0.853 0.867 0.783 0.842 0.855 
122 0.187 0.304 0.730 0.829 0.939 0.814 0.697 0.269 0.172 0.060 
123 0.062 0.000 0.015 0.030 0.062 0.939 1.000 0.985 0.970 0.938 
124 0.094 0.000 0.072 0.215 0.609 0.907 1.001 0.927 0.786 0.390 
125 0.077 0.296 0.402 0.360 0.319 0.923 0.704 0.599 0.641 0.679 
126 0.042 0.000 0.034 0.000 0.195 0.959 0.999 0.967 0.999 0.804 
127 0.383 0.897 0.184 0.167 0.062 0.619 0.103 0.816 0.833 0.937 
128 0.123 0.099 0.126 0.091 0.118 0.877 0.901 0.874 0.909 0.882 
129 0.076 0.064 0.049 0.124 0.876 0.924 0.936 0.951 0.876 0.124 
130 0.315 0.256 0.332 0.161 0.342 0.685 0.744 0.668 0.839 0.656 
131 0.185 0.925 0.393 0.086 0.031 0.815 0.075 0.607 0.914 0.969 
132 0.191 0.140 0.024 0.000 0.079 0.810 0.861 0.975 1.001 0.920 
133 0.117 0.037 0.141 0.239 0.456 0.883 0.963 0.859 0.761 0.544 
134 0.147 0.588 0.038 0.098 0.702 0.853 0.412 0.962 0.902 0.298 
135 0.180 0.308 0.018 0.018 0.095 0.821 0.691 0.984 0.982 0.905 
136 0.012 0.042 0.072 0.118 0.294 0.988 0.958 0.927 0.883 0.705 
137 0.143 0.032 0.000 0.033 0.072 0.859 0.968 1.000 0.966 0.927 
138 0.046 0.135 0.018 0.066 0.043 0.955 0.865 0.982 0.934 0.957 
139 0.962 0.945 0.734 0.555 0.048 0.038 0.055 0.266 0.445 0.952 
140 0.207 0.146 0.027 0.075 0.132 0.793 0.854 0.974 0.925 0.866 
141 0.369 0.125 0.030 0.030 0.018 0.632 0.874 0.971 0.969 0.981 
142 0.025 0.070 0.054 0.023 0.077 0.975 0.930 0.946 0.977 0.923 
143 0.000 0.167 0.293 0.268 0.122 1.001 0.832 0.708 0.731 0.877 
144 0.034 0.022 0.264 0.105 0.074 0.966 0.979 0.735 0.896 0.925 
145 0.018 0.000 0.052 0.000 0.087 0.983 0.999 0.949 0.999 0.913 
146 0.056 0.100 0.177 0.081 0.208 0.945 0.901 0.822 0.919 0.791 
147 0.040 0.000 0.000 0.000 0.205 0.960 1.000 1.000 1.000 0.795 
148 0.000 0.000 0.000 0.000 0.040 1.000 1.000 1.000 1.000 0.959 
149 0.635 0.357 0.426 0.095 0.144 0.366 0.644 0.573 0.906 0.855 
150 0.091 0.029 0.044 0.583 0.736 0.909 0.971 0.956 0.417 0.264 
151 0.221 0.307 0.119 0.000 0.051 0.779 0.694 0.882 1.000 0.947 
152 0.060 0.194 0.351 0.370 0.271 0.941 0.805 0.650 0.630 0.728 
153 0.333 0.315 0.123 0.106 0.174 0.667 0.685 0.878 0.894 0.824 
154 0.073 0.029 0.040 0.088 0.090 0.928 0.970 0.959 0.912 0.910 
155 0.197 0.136 0.029 0.033 0.140 0.804 0.863 0.970 0.966 0.860 
156 0.041 0.039 0.000 0.000 0.037 0.960 0.962 0.999 1.001 0.962 
157 0.042 0.046 0.166 0.048 0.024 0.959 0.954 0.834 0.952 0.976 
158 0.042 0.138 0.000 0.144 0.054 0.958 0.862 1.000 0.856 0.946 
159 0.140 0.303 0.068 0.043 0.092 0.860 0.697 0.932 0.957 0.908 
160 0.171 0.030 0.041 0.268 0.098 0.831 0.970 0.959 0.732 0.901 
161 0.303 0.054 0.043 0.019 0.054 0.697 0.946 0.957 0.981 0.946 
162 0.033 0.058 0.000 0.000 0.199 0.967 0.942 1.000 1.000 0.801 
163 0.086 0.078 0.028 0.075 0.000 0.915 0.922 0.971 0.926 0.999 
164 0.030 0.000 0.105 0.088 0.116 0.971 0.999 0.897 0.911 0.883 
165 0.178 0.166 0.254 0.127 0.011 0.824 0.833 0.746 0.873 0.988 
166 0.103 0.116 0.156 0.171 0.137 0.898 0.883 0.844 0.829 0.862 
167 0.070 0.139 0.135 0.156 0.085 0.931 0.861 0.865 0.844 0.914 
168 0.088 0.198 0.290 0.073 0.333 0.912 0.803 0.709 0.927 0.666 
169 0.233 0.066 0.220 0.397 0.008 0.768 0.933 0.781 0.602 0.992 
170 0.030 0.075 0.106 0.288 0.181 0.971 0.925 0.893 0.712 0.818 
171 0.074 0.058 0.028 0.066 0.053 0.927 0.942 0.971 0.935 0.946 
172 0.064 0.089 0.059 0.144 0.170 0.936 0.911 0.941 0.856 0.830 
173 0.420 0.508 0.191 0.025 0.032 0.580 0.492 0.809 0.975 0.968 
174 0.000 0.000 0.050 0.000 0.088 1.000 1.000 0.950 1.000 0.912 
175 0.071 0.111 0.055 0.771 0.824 0.930 0.889 0.945 0.230 0.174 
176 0.021 0.109 0.086 0.054 0.000 0.980 0.890 0.913 0.946 1.000 
177 0.096 0.155 0.307 0.080 0.023 0.904 0.845 0.693 0.920 0.977 
178 0.105 0.113 0.067 0.107 0.063 0.895 0.887 0.933 0.893 0.935 
179 0.146 0.131 0.189 0.021 0.140 0.854 0.870 0.812 0.979 0.858 
180 0.100 0.083 0.135 0.117 0.196 0.901 0.916 0.866 0.882 0.803 
181 0.944 1.000 1.000 0.821 0.661 0.056 0.000 0.000 0.179 0.339 
182 0.000 0.031 0.100 0.000 0.000 1.000 0.969 0.900 1.000 1.000 
183 0.478 0.167 0.077 0.068 0.107 0.523 0.833 0.924 0.931 0.893 
184 0.000 0.078 0.097 0.119 0.340 1.000 0.922 0.903 0.881 0.660 
185 0.060 0.000 0.000 0.049 0.035 0.941 0.999 1.001 0.951 0.964 
186 0.159 0.112 0.159 0.172 0.243 0.841 0.888 0.841 0.828 0.757 
187 0.135 0.000 0.047 0.033 0.221 0.865 1.000 0.953 0.967 0.777 
188 0.057 0.035 0.039 0.031 0.072 0.944 0.966 0.960 0.969 0.926 
189 0.000 0.310 0.041 0.047 0.041 1.000 0.690 0.959 0.953 0.959 
190 0.094 0.026 0.069 0.027 0.080 0.907 0.975 0.930 0.973 0.918 
191 0.049 0.032 0.059 0.069 0.036 0.951 0.969 0.941 0.931 0.963 
192 0.079 0.000 0.109 0.000 0.043 0.922 1.001 0.890 1.001 0.955 
193 0.591 0.129 0.198 0.453 0.328 0.409 0.872 0.801 0.548 0.670 
194 0.065 0.127 0.061 0.016 0.051 0.935 0.873 0.939 0.984 0.949 
195 0.000 0.032 0.036 0.091 0.119 1.002 0.968 0.964 0.908 0.880 
196 0.000 0.050 0.034 0.102 0.042 1.002 0.950 0.966 0.898 0.958 
197 0.711 0.050 0.088 0.088 0.032 0.289 0.950 0.912 0.912 0.968 
198 0.951 0.292 0.086 0.106 0.212 0.050 0.709 0.913 0.895 0.787 
199 0.084 0.040 0.050 0.034 0.000 0.917 0.961 0.949 0.967 0.999 
200 0.050 0.030 0.024 0.022 0.000 0.952 0.970 0.976 0.978 1.000 
201 0.090 0.080 0.102 0.108 0.721 0.910 0.920 0.898 0.892 0.279 
202 0.056 0.052 0.000 0.237 0.204 0.944 0.948 1.000 0.764 0.794 
203 0.150 0.136 0.106 0.281 0.255 0.850 0.864 0.892 0.720 0.744 
204 0.263 0.201 0.209 0.177 0.217 0.738 0.799 0.793 0.823 0.783 
205 0.028 0.056 0.054 0.219 0.425 0.972 0.944 0.946 0.781 0.574 
206 0.963 0.252 0.040 0.250 0.068 0.038 0.747 0.961 0.749 0.931 
207 0.045 0.059 0.000 0.069 0.101 0.956 0.942 0.999 0.932 0.897 
208 0.138 0.000 0.323 0.241 0.051 0.862 1.000 0.678 0.759 0.948 
209 0.091 0.000 0.000 0.000 0.085 0.909 1.001 0.999 1.001 0.914 
210 0.159 0.065 0.043 0.071 0.110 0.842 0.934 0.958 0.928 0.889 
211 0.065 0.298 0.076 0.327 0.063 0.935 0.702 0.924 0.673 0.937 
212 0.249 0.167 0.137 0.441 0.325 0.752 0.833 0.862 0.560 0.674 
213 0.059 0.025 0.074 0.057 0.043 0.941 0.975 0.926 0.943 0.957 
214 0.000 0.035 0.000 0.107 0.025 1.000 0.966 1.000 0.894 0.974 
215 0.418 0.057 0.000 0.090 0.025 0.582 0.943 1.000 0.910 0.974 
216 0.000 0.051 0.072 0.055 0.187 1.001 0.948 0.929 0.944 0.812 
217 0.785 0.616 1.001 0.375 0.132 0.216 0.383 0.000 0.624 0.867 
218 0.099 0.136 0.177 0.076 0.027 0.903 0.864 0.822 0.923 0.973 
219 0.000 0.188 0.311 0.076 0.058 1.000 0.813 0.689 0.924 0.941 
220 0.029 0.068 0.068 0.000 0.083 0.971 0.932 0.932 1.000 0.915 
221 0.144 0.000 0.000 0.112 0.141 0.857 1.000 1.000 0.888 0.857 
222 0.067 0.021 0.021 0.000 0.075 0.934 0.980 0.978 1.001 0.924 
223 0.433 0.706 0.608 0.387 0.164 0.568 0.294 0.393 0.612 0.835 
224 0.129 0.000 0.000 0.029 0.194 0.871 1.000 1.000 0.971 0.805 
225 0.123 0.125 0.357 0.121 0.000 0.878 0.874 0.644 0.878 0.999 
226 0.199 0.393 0.496 0.651 0.259 0.801 0.607 0.504 0.349 0.741 
227 0.065 0.335 0.023 0.069 0.038 0.935 0.665 0.977 0.931 0.962 
228 0.308 0.000 0.000 0.082 0.038 0.692 1.001 0.999 0.919 0.961 
229 0.076 0.128 0.063 0.152 0.055 0.925 0.872 0.937 0.849 0.944 
230 0.082 0.000 0.021 0.131 0.042 0.919 1.001 0.978 0.870 0.957 
231 0.605 0.180 0.095 0.059 0.150 0.396 0.821 0.904 0.942 0.848 
232 0.183 0.121 0.244 0.161 0.223 0.819 0.879 0.756 0.838 0.777 
233 0.258 0.090 0.051 0.000 0.049 0.742 0.910 0.949 1.000 0.951 
234 0.000 0.000 0.056 0.000 0.051 1.001 0.999 0.946 0.999 0.948 
235 0.167 0.009 0.034 0.291 0.250 0.833 0.991 0.966 0.709 0.750 
236 0.019 0.013 0.000 0.021 0.327 0.981 0.988 1.000 0.979 0.671 
237 0.000 0.026 0.000 0.163 0.135 1.002 0.974 1.000 0.837 0.865 
238 0.125 0.090 0.114 0.264 0.185 0.876 0.911 0.885 0.737 0.814 
239 0.086 0.060 0.022 0.000 0.000 0.915 0.941 0.977 1.001 0.999 
240 0.125 0.054 0.071 0.146 0.004 0.876 0.945 0.930 0.853 0.995 
241 0.028 0.446 1.000 0.388 0.047 0.974 0.554 0.000 0.612 0.952 
242 0.114 0.125 0.108 0.571 0.978 0.886 0.875 0.892 0.429 0.022 
243 0.433 0.267 0.466 0.491 0.121 0.567 0.733 0.534 0.509 0.879 
244 0.121 0.229 0.218 0.104 0.000 0.880 0.770 0.783 0.896 0.999 
245 0.026 0.033 0.013 0.180 0.156 0.975 0.967 0.988 0.819 0.843 
246 0.033 0.069 0.074 0.061 0.000 0.968 0.931 0.927 0.940 0.998 
247 0.265 1.000 0.561 0.083 0.133 0.737 0.000 0.439 0.917 0.867 
248 0.044 0.022 0.055 0.000 0.057 0.957 0.979 0.946 1.000 0.941 
249 0.630 0.064 0.000 0.000 0.421 0.371 0.937 0.999 1.001 0.577 
250 0.068 0.077 0.738 1.000 0.459 0.932 0.923 0.262 0.000 0.541 
251 0.409 0.308 0.207 0.189 0.134 0.592 0.691 0.794 0.810 0.865 
252 0.104 0.020 0.024 0.152 0.026 0.897 0.981 0.976 0.848 0.972 
253 0.121 0.163 0.128 0.260 0.029 0.880 0.836 0.873 0.739 0.970 
254 0.199 0.203 0.077 0.519 0.099 0.802 0.798 0.921 0.482 0.899 
255 0.323 0.780 0.329 0.020 0.000 0.679 0.219 0.672 0.979 0.999 
256 0.142 0.321 0.211 0.091 0.496 0.859 0.679 0.788 0.908 0.503 
257 0.018 0.049 0.045 0.315 0.765 0.984 0.950 0.955 0.684 0.235 
258 0.081 0.029 0.060 0.000 0.027 0.919 0.971 0.940 1.000 0.973 
259 0.000 0.000 0.000 0.058 0.029 1.000 1.000 1.000 0.942 0.969 
260 0.000 0.074 0.034 0.034 0.144 1.000 0.926 0.967 0.967 0.855 
261 0.070 0.070 0.363 0.000 0.029 0.930 0.930 0.637 1.000 0.971 
262 0.068 0.000 0.043 0.052 0.505 0.933 1.001 0.956 0.949 0.494 
263 0.054 0.041 0.061 0.041 0.000 0.946 0.959 0.939 0.959 1.000 
264 0.068 0.000 0.000 0.000 0.020 0.933 1.000 1.000 1.000 0.978 
265 0.633 0.402 0.472 0.633 0.000 0.368 0.599 0.527 0.368 0.999 
266 0.157 0.000 0.095 0.032 0.000 0.845 0.999 0.906 0.967 0.999 
267 0.738 0.517 0.050 0.098 0.207 0.264 0.483 0.949 0.902 0.792 
268 0.030 0.000 0.068 0.030 0.094 0.972 0.999 0.933 0.969 0.906 
269 0.000 0.009 0.169 0.194 0.121 1.000 0.991 0.831 0.806 0.877 
270 0.135 0.110 0.032 0.037 0.000 0.865 0.891 0.968 0.964 0.998 
271 0.000 0.092 0.211 0.119 0.057 1.001 0.907 0.791 0.880 0.942 
272 0.051 0.046 0.000 0.000 0.057 0.951 0.954 1.000 1.000 0.942 
273 0.062 0.021 0.157 0.148 0.097 0.940 0.979 0.843 0.852 0.903 
274 0.000 0.000 0.000 0.416 0.072 1.000 1.000 1.000 0.585 0.927 
275 0.139 0.719 0.659 0.042 0.074 0.863 0.281 0.341 0.958 0.925 
276 0.784 0.930 0.072 0.030 0.063 0.218 0.070 0.928 0.969 0.937 
277 0.070 0.416 0.012 0.258 0.170 0.931 0.585 0.987 0.743 0.829 
278 0.167 0.035 0.098 0.077 0.149 0.834 0.964 0.904 0.922 0.850 
279 0.198 0.072 0.000 0.000 0.028 0.803 0.928 1.000 1.000 0.970 
280 0.000 0.021 0.121 0.028 0.086 1.000 0.979 0.879 0.972 0.914 
281 0.272 0.028 0.000 0.000 0.033 0.729 0.973 0.999 1.001 0.966 
282 0.026 0.078 0.087 0.031 0.042 0.975 0.923 0.912 0.970 0.956 
283 0.125 0.156 0.092 0.222 0.066 0.877 0.844 0.908 0.778 0.934 
284 0.076 0.102 0.045 0.031 0.085 0.926 0.897 0.957 0.968 0.914 
285 0.201 0.196 0.118 0.069 0.125 0.799 0.804 0.882 0.931 0.875 
286 0.263 0.000 0.021 0.320 0.197 0.739 1.000 0.978 0.680 0.803 
287 0.033 0.031 0.000 0.138 0.256 0.968 0.968 1.001 0.861 0.743 
288 0.045 0.033 0.667 0.401 0.304 0.955 0.967 0.333 0.599 0.696 
289 0.178 0.245 0.000 0.183 0.014 0.822 0.756 1.000 0.817 0.984 
290 0.000 0.045 0.157 0.138 0.469 1.001 0.956 0.841 0.863 0.529 
291 0.000 0.000 0.031 0.031 0.029 1.001 1.001 0.968 0.970 0.970 
292 0.000 0.069 0.081 0.069 0.045 1.001 0.932 0.917 0.932 0.953 
293 0.000 0.077 0.000 0.000 0.000 1.000 0.923 1.000 1.000 1.000 
294 0.153 0.027 0.000 0.000 0.034 0.848 0.974 0.999 1.001 0.965 
295 0.182 0.029 0.039 0.039 0.000 0.819 0.972 0.960 0.962 0.999 
296 0.034 0.223 0.041 0.068 0.029 0.968 0.776 0.958 0.932 0.970 
297 0.083 0.010 0.061 0.039 0.119 0.918 0.991 0.938 0.962 0.879 
298 0.126 0.041 0.066 0.148 0.000 0.875 0.958 0.936 0.851 0.999 
299 0.105 0.000 0.070 0.306 0.156 0.897 0.999 0.931 0.693 0.843 
300 0.146 0.112 0.029 0.088 0.238 0.856 0.888 0.970 0.912 0.761 
301 0.188 0.136 0.265 0.399 0.553 0.813 0.865 0.733 0.602 0.446 
302 0.056 0.017 0.000 0.046 0.000 0.945 0.984 0.999 0.955 0.999 
303 0.061 0.120 0.134 0.051 0.134 0.940 0.881 0.864 0.950 0.864 
304 0.073 0.034 0.000 0.151 0.095 0.928 0.965 1.001 0.848 0.904 
305 0.000 0.000 0.000 0.000 0.064 1.002 1.000 1.000 1.000 0.936 
306 0.878 0.042 0.000 0.096 0.089 0.123 0.957 1.001 0.903 0.910 
307 0.000 0.000 0.027 0.039 0.000 1.001 0.999 0.974 0.960 0.999 
308 0.145 0.039 0.034 0.138 0.034 0.856 0.960 0.967 0.861 0.965 
309 0.197 1.000 0.084 0.044 0.015 0.803 0.000 0.916 0.956 0.985 
310 0.101 0.113 0.000 0.062 0.089 0.900 0.888 0.999 0.939 0.910 
311 0.000 0.077 0.101 0.047 0.044 1.000 0.924 0.899 0.954 0.954 
312 0.304 0.423 0.606 0.638 0.054 0.697 0.576 0.396 0.361 0.945 
313 0.065 0.099 0.035 0.030 0.065 0.935 0.901 0.965 0.970 0.935 
314 0.000 0.065 0.030 0.000 0.156 1.001 0.936 0.969 1.001 0.842 
315 0.045 0.045 0.062 0.398 0.000 0.957 0.954 0.939 0.601 0.999 
316 0.000 0.100 0.351 0.045 0.055 1.001 0.901 0.647 0.956 0.944 
317 0.248 0.068 0.108 0.035 0.293 0.754 0.931 0.894 0.964 0.706 
318 0.000 0.208 0.133 0.000 0.043 1.001 0.792 0.868 1.001 0.955 
319 0.000 0.412 0.133 0.153 0.171 1.000 0.588 0.867 0.847 0.829 
320 0.030 0.063 0.154 0.154 0.025 0.972 0.936 0.846 0.846 0.974 
321 0.154 0.865 0.872 0.046 0.200 0.847 0.137 0.126 0.956 0.799 
322 0.464 0.312 0.347 0.139 0.218 0.537 0.689 0.653 0.861 0.780 
323 0.099 0.236 0.101 0.000 0.061 0.903 0.763 0.900 0.999 0.938 
324 0.053 0.307 0.041 0.000 0.386 0.948 0.694 0.958 1.001 0.612 
325 0.280 0.480 0.330 0.414 0.402 0.722 0.519 0.671 0.585 0.597 
326 0.084 0.158 0.046 0.107 0.173 0.918 0.842 0.954 0.893 0.827 
327 0.097 0.186 0.137 0.183 0.000 0.905 0.814 0.862 0.816 0.999 
328 0.420 0.493 0.188 0.041 0.160 0.582 0.506 0.811 0.959 0.839 
329 0.153 0.911 0.901 0.038 0.390 0.848 0.089 0.099 0.962 0.608 
330 0.586 0.927 0.033 0.000 0.155 0.415 0.074 0.965 1.001 0.843 
331 0.247 0.790 0.500 0.737 0.331 0.755 0.209 0.500 0.263 0.668 
332 0.010 0.061 0.000 0.066 0.051 0.990 0.939 1.000 0.934 0.949 
333 0.041 0.125 0.125 0.000 0.204 0.961 0.874 0.876 0.999 0.795 
334 0.658 0.801 0.000 0.187 0.056 0.343 0.200 1.001 0.814 0.942 
335 0.000 0.036 0.036 0.205 0.184 1.002 0.963 0.966 0.794 0.815 
336 0.174 0.077 0.000 0.087 0.054 0.828 0.923 0.999 0.912 0.946 
337 0.626 0.999 0.366 0.082 0.041 0.376 0.000 0.636 0.917 0.958 
338 0.031 0.000 0.039 0.039 0.139 0.971 0.999 0.961 0.961 0.860 
339 0.034 0.150 0.031 0.000 0.000 0.967 0.851 0.970 1.001 0.998 
340 0.098 0.070 0.124 0.189 0.000 0.903 0.931 0.874 0.812 0.998 
341 0.034 0.031 0.233 0.775 0.044 0.967 0.969 0.767 0.226 0.954 
342 0.034 0.135 0.088 0.163 0.112 0.967 0.866 0.910 0.838 0.887 
343 0.000 0.151 0.107 0.070 0.062 1.002 0.849 0.893 0.929 0.937 
344 0.091 0.083 0.000 0.224 0.242 0.911 0.916 0.999 0.776 0.757 
345 0.031 0.104 0.000 0.091 0.026 0.971 0.895 0.999 0.908 0.973 
346 0.151 0.000 0.078 0.362 0.240 0.849 1.000 0.922 0.638 0.760 
347 0.031 0.000 0.099 0.029 0.237 0.969 1.001 0.902 0.972 0.761 
348 0.343 0.999 0.181 0.037 0.055 0.659 0.000 0.819 0.963 0.945 
349 0.173 0.000 0.000 0.000 0.000 0.828 1.001 1.001 1.001 0.998 
350 0.060 0.110 0.094 0.257 0.034 0.940 0.891 0.906 0.744 0.964 
351 0.000 0.000 0.000 0.000 0.000 1.002 0.999 1.002 0.999 0.999 
352 0.032 0.034 0.111 0.000 0.087 0.970 0.965 0.891 0.999 0.912 
353 0.032 0.000 0.032 0.092 0.032 0.968 1.000 0.968 0.908 0.968 
354 0.000 0.000 0.177 0.103 0.256 1.001 1.001 0.824 0.898 0.742 
355 0.251 0.230 0.026 0.066 0.000 0.749 0.770 0.974 0.934 1.000 
356 0.032 0.077 0.130 0.079 0.093 0.969 0.924 0.871 0.921 0.905 
357 0.000 0.032 0.096 0.043 0.043 1.001 0.969 0.905 0.958 0.955 
358 0.211 0.288 0.288 0.373 0.434 0.792 0.712 0.712 0.626 0.565 
359 0.246 0.200 0.163 0.000 0.000 0.756 0.799 0.839 0.999 0.999 
360 0.043 0.000 0.037 0.000 0.000 0.957 1.000 0.963 1.000 1.000 
361 0.032 0.043 0.091 0.054 0.083 0.969 0.956 0.911 0.945 0.916 
362 0.067 0.110 0.110 0.070 0.000 0.935 0.890 0.890 0.930 0.999 
363 0.032 0.072 0.086 0.035 0.038 0.970 0.927 0.914 0.965 0.962 
364 0.027 0.260 0.040 0.427 0.376 0.975 0.738 0.961 0.572 0.623 
365 0.035 0.107 0.107 0.269 0.083 0.967 0.892 0.894 0.730 0.916 
366 0.040 0.040 0.032 0.040 0.032 0.962 0.959 0.967 0.959 0.967 
367 0.030 0.000 0.110 0.056 0.046 0.973 0.999 0.889 0.943 0.954 
368 0.043 0.153 0.100 0.032 0.035 0.958 0.847 0.901 0.968 0.963 
369 0.000 0.146 0.124 0.084 0.032 1.000 0.854 0.876 0.916 0.968 
370 0.027 0.065 0.278 0.030 0.000 0.974 0.936 0.720 0.971 0.998 
371 0.073 0.032 0.195 0.084 0.000 0.928 0.968 0.806 0.917 0.998 
372 0.000 0.000 0.000 0.000 0.000 1.001 1.001 0.998 1.001 0.998 
373 0.274 0.052 0.225 0.190 0.000 0.727 0.949 0.775 0.811 0.998 
374 0.052 0.030 0.258 0.138 0.261 0.950 0.969 0.744 0.860 0.738 
375 0.016 0.144 0.112 0.150 0.000 0.985 0.857 0.887 0.851 0.998 
376 0.000 0.000 0.049 0.101 0.000 1.002 0.999 0.953 0.898 0.999 
377 0.242 0.199 0.123 0.000 0.000 0.760 0.801 0.877 0.999 0.999 
378 0.251 0.060 0.586 0.321 0.079 0.752 0.940 0.414 0.678 0.920 
379 0.164 0.172 0.125 0.286 0.330 0.837 0.829 0.875 0.714 0.668 
380 0.287 0.999 0.227 0.287 0.057 0.715 0.000 0.775 0.712 0.942 
381 0.131 0.000 0.000 0.000 0.000 0.871 0.999 1.002 0.999 0.999 
382 0.107 0.093 0.058 0.033 0.080 0.894 0.908 0.941 0.968 0.919 
383 0.308 0.338 0.027 0.462 0.168 0.692 0.662 0.973 0.538 0.832 
384 0.072 0.039 0.083 0.000 0.143 0.930 0.963 0.916 1.001 0.855 
385 0.096 0.066 0.256 0.107 0.033 0.906 0.933 0.743 0.892 0.966 
386 0.033 0.096 0.028 0.039 0.041 0.967 0.904 0.972 0.961 0.959 
387 0.000 0.000 0.000 0.030 0.000 1.002 0.999 1.002 0.969 0.999 
388 0.080 0.177 0.036 0.470 0.277 0.921 0.824 0.962 0.531 0.722 
389 0.000 0.075 0.000 0.041 0.041 1.001 0.926 0.998 0.960 0.957 
390 0.033 0.000 0.000 0.000 0.000 0.968 0.999 1.002 0.999 0.999 
391 0.014 0.158 0.440 0.520 0.155 0.988 0.841 0.562 0.479 0.844 
392 0.019 0.723 0.598 0.000 0.119 0.983 0.277 0.401 0.999 0.880 
393 0.158 0.493 0.139 0.017 0.033 0.843 0.507 0.862 0.984 0.965 
394 0.000 0.000 0.050 0.000 0.069 1.001 1.001 0.951 1.001 0.928 
395 0.275 0.314 0.133 0.036 0.072 0.727 0.686 0.866 0.963 0.927 
396 0.019 0.108 0.000 0.028 0.028 0.981 0.892 1.000 0.972 0.972 
397 0.139 0.000 0.128 0.136 0.245 0.863 0.999 0.874 0.863 0.754 
398 0.000 0.554 0.693 0.028 0.097 1.002 0.445 0.309 0.971 0.902 
399 0.042 0.106 0.028 0.089 0.111 0.960 0.893 0.974 0.910 0.888 
400 0.312 0.000 0.039 0.112 0.248 0.689 1.001 0.959 0.890 0.750 
401 0.047 0.790 0.940 0.081 0.354 0.954 0.209 0.061 0.918 0.645 
402 0.000 0.000 0.011 0.022 0.000 1.002 0.999 0.988 0.977 0.999 
403 0.179 0.045 0.000 0.067 0.050 0.823 0.955 0.999 0.932 0.949 
404 0.034 0.000 0.039 0.067 0.000 0.966 1.000 0.961 0.933 1.000 
405 0.504 0.998 0.213 0.036 0.070 0.496 0.003 0.788 0.964 0.928 
406 0.042 0.000 0.048 0.000 0.000 0.959 1.001 0.953 1.001 0.998 
407 0.126 0.410 0.031 0.137 0.073 0.875 0.589 0.971 0.861 0.926 
408 0.000 0.000 0.031 0.264 0.154 1.002 0.999 0.969 0.736 0.845 
409 0.045 0.031 0.000 0.034 0.174 0.957 0.968 1.002 0.965 0.824 
410 0.045 0.025 0.107 0.180 0.146 0.957 0.974 0.892 0.819 0.853 
411 0.037 0.197 0.000 0.051 0.214 0.966 0.802 0.999 0.949 0.785 
412 0.037 0.051 0.313 0.141 0.155 0.964 0.950 0.685 0.860 0.843 
413 0.037 0.045 0.065 0.000 0.133 0.963 0.955 0.935 1.000 0.867 
414 0.147 0.000 0.048 0.037 0.031 0.854 1.001 0.953 0.964 0.967 
415 0.023 0.042 0.000 0.000 0.000 0.978 0.958 1.001 1.001 0.998 
416 0.090 0.034 0.122 0.133 0.255 0.911 0.967 0.877 0.868 0.744 
417 0.045 0.082 0.054 0.054 0.252 0.955 0.918 0.946 0.946 0.748 
418 0.034 0.034 0.269 0.000 0.221 0.967 0.967 0.729 1.001 0.777 
419 0.077 0.000 0.074 0.040 0.128 0.925 0.999 0.928 0.959 0.871 
420 0.375 0.327 0.131 0.142 0.142 0.627 0.673 0.869 0.857 0.857 
421 0.000 0.000 0.000 0.000 0.000 1.002 0.999 0.999 0.999 0.999 
422 0.028 0.000 0.065 0.432 0.753 0.972 1.000 0.935 0.568 0.247 
423 0.034 0.065 0.486 0.051 0.097 0.966 0.935 0.514 0.949 0.903 
424 0.068 0.000 0.000 0.085 0.000 0.932 1.000 1.000 0.915 1.000 
425 0.148 0.361 0.216 0.196 0.407 0.853 0.640 0.782 0.805 0.592 
426 0.088 0.037 0.003 0.034 0.000 0.913 0.962 0.999 0.965 0.999 
427 0.000 0.000 0.000 0.051 0.094 1.000 1.000 1.000 0.949 0.906 
428 0.023 0.071 0.000 0.031 0.000 0.979 0.928 0.999 0.968 0.999 
429 0.123 0.549 0.260 0.515 0.000 0.878 0.452 0.738 0.486 0.998 
430 0.253 0.138 0.396 0.118 0.040 0.750 0.862 0.603 0.882 0.959 
431 0.325 0.210 0.270 0.310 0.399 0.675 0.790 0.730 0.690 0.601 
432 0.081 0.000 0.092 0.000 0.089 0.921 0.999 0.910 0.999 0.910 
433 0.000 0.029 0.000 0.158 0.158 1.002 0.970 1.002 0.841 0.841 
434 0.213 0.262 0.446 0.395 0.063 0.789 0.737 0.553 0.605 0.936 
435 0.101 0.023 0.043 0.035 0.159 0.900 0.978 0.957 0.966 0.839 
436 0.144 0.087 1.002 0.234 0.000 0.857 0.912 0.000 0.765 0.999 
437 0.139 0.156 0.139 0.000 0.035 0.863 0.843 0.863 0.999 0.964 
438 0.000 0.000 0.157 0.421 0.044 1.001 1.001 0.844 0.580 0.954 
439 0.044 0.041 0.046 0.223 0.426 0.957 0.960 0.954 0.777 0.571 
440 0.000 0.078 0.046 0.000 0.131 1.002 0.920 0.955 0.999 0.868 
441 0.000 0.576 0.279 0.332 0.390 1.001 0.425 0.721 0.669 0.608 
442 0.343 1.001 0.501 0.003 0.234 0.659 0.000 0.498 0.998 0.764 
443 0.094 0.015 0.000 0.047 0.070 0.908 0.984 1.002 0.952 0.929 
444 0.141 0.349 0.085 0.325 0.211 0.862 0.651 0.914 0.674 0.788 
445 0.041 0.094 0.000 0.000 0.000 0.959 0.906 1.000 1.000 1.000 
446 0.211 0.000 0.070 0.114 0.088 0.789 1.001 0.930 0.886 0.910 
447 0.050 0.018 0.050 0.038 0.112 0.951 0.984 0.948 0.963 0.887 
448 0.229 0.041 0.041 0.018 0.153 0.772 0.960 0.957 0.984 0.846 
449 0.097 0.097 0.000 0.000 0.035 0.905 0.902 1.002 0.999 0.964 
45 0.041 0.021 0.000 0.038 0.110 0.959 0.978 1.001 0.962 0.889 
450 0.159 0.156 0.000 0.697 0.453 0.844 0.844 0.999 0.303 0.547 
451 0.185 0.044 0.229 0.244 0.044 0.817 0.955 0.770 0.755 0.955 
452 0.053 0.112 0.147 0.103 0.326 0.947 0.888 0.853 0.897 0.674 
453 0.294 0.206 0.038 0.026 0.194 0.706 0.795 0.962 0.974 0.803 
454 0.159 0.133 0.038 0.000 0.068 0.841 0.868 0.962 1.001 0.930 
455 0.000 0.830 0.998 0.154 0.130 1.001 0.171 0.000 0.848 0.868 
456 0.573 1.001 0.585 0.470 0.245 0.428 0.000 0.413 0.532 0.753 
457 0.201 0.127 0.050 0.035 0.092 0.801 0.872 0.952 0.963 0.907 
458 0.305 0.465 0.118 0.113 0.113 0.696 0.536 0.880 0.889 0.886 
459 0.036 0.053 0.077 0.027 0.587 0.966 0.945 0.925 0.972 0.412 
46 0.089 0.030 0.028 0.118 0.514 0.911 0.969 0.973 0.881 0.485 
460 0.053 0.039 0.044 0.925 0.190 0.948 0.960 0.957 0.074 0.809 
461 0.000 0.000 0.000 0.000 0.000 1.002 0.999 1.002 0.999 0.999 
462 0.154 0.407 0.214 0.407 0.344 0.846 0.593 0.786 0.593 0.656 
463 0.000 0.000 0.039 0.000 0.000 1.001 1.001 0.962 1.001 0.998 
464 0.074 0.000 0.445 0.039 0.000 0.926 1.001 0.555 0.962 0.998 
465 0.217 0.383 0.137 0.220 0.270 0.784 0.618 0.862 0.781 0.728 
466 0.000 0.324 0.000 0.315 0.000 1.000 0.676 1.000 0.685 1.000 
467 0.128 0.000 0.000 0.000 0.036 0.873 1.001 1.001 1.001 0.962 
468 0.060 0.000 0.083 0.200 0.197 0.941 1.001 0.917 0.801 0.801 
469 0.060 0.289 0.092 0.307 0.042 0.942 0.712 0.906 0.694 0.956 
47 0.088 0.166 0.021 0.143 0.458 0.913 0.834 0.979 0.857 0.541 
470 0.125 0.095 0.033 0.039 0.337 0.876 0.906 0.965 0.962 0.662 
471 0.000 0.000 0.036 0.000 0.000 1.002 0.999 0.964 0.999 0.999 
472 0.000 0.054 0.030 0.078 0.000 1.000 0.946 0.970 0.922 1.000 
473 0.054 0.039 0.087 0.000 0.000 0.946 0.961 0.913 1.000 1.000 
474 0.039 0.110 0.140 0.140 0.084 0.961 0.890 0.860 0.860 0.916 
475 0.000 0.000 0.039 0.036 0.114 1.001 1.001 0.962 0.965 0.884 
476 0.227 0.326 0.418 0.087 0.132 0.774 0.675 0.580 0.915 0.867 
477 0.000 0.000 0.000 0.000 0.087 1.001 1.001 0.998 1.001 0.912 
478 0.144 0.132 0.042 0.093 0.072 0.859 0.868 0.958 0.907 0.928 
479 0.000 0.072 0.042 0.093 0.015 1.001 0.929 0.959 0.908 0.983 
48 0.045 0.279 0.034 0.095 0.123 0.955 0.721 0.966 0.905 0.877 
480 0.387 0.288 0.000 0.000 0.000 0.613 0.712 1.000 1.000 1.000 
481 0.048 0.183 0.018 0.015 0.060 0.953 0.817 0.983 0.986 0.938 
482 0.048 0.000 0.000 0.102 0.114 0.953 1.001 1.001 0.898 0.883 
483 0.093 0.075 0.280 0.316 0.042 0.909 0.924 0.722 0.683 0.957 
484 0.096 0.130 0.220 0.208 0.133 0.904 0.870 0.780 0.792 0.867 
485 0.000 0.000 0.000 0.000 0.072 1.000 1.000 1.000 1.000 0.928 
486 0.027 0.036 0.069 0.199 0.202 0.973 0.964 0.931 0.801 0.798 
487 0.000 0.054 0.000 0.063 0.036 1.000 0.946 1.000 0.937 0.964 
488 0.076 0.000 0.000 0.115 0.036 0.925 1.001 1.001 0.886 0.961 
489 0.027 0.103 0.179 0.106 0.088 0.975 0.896 0.821 0.893 0.912 
49 0.095 0.364 0.218 0.109 0.092 0.906 0.636 0.782 0.890 0.907 
490 0.000 0.042 0.000 0.048 0.048 1.002 0.957 0.999 0.951 0.951 
491 0.030 0.000 0.000 0.000 0.082 0.970 1.000 1.000 1.000 0.918 
492 0.000 0.000 0.112 0.112 0.046 1.002 0.999 0.889 0.886 0.953 
493 0.000 0.000 0.058 0.064 0.079 1.002 0.999 0.944 0.935 0.920 
494 0.006 0.030 0.000 0.049 0.839 0.994 0.970 1.000 0.951 0.161 
495 0.946 0.371 0.037 0.091 0.204 0.055 0.630 0.962 0.910 0.794 
496 0.234 0.408 0.225 0.393 0.344 0.767 0.593 0.773 0.609 0.654 
497 0.006 0.073 0.037 0.037 0.076 0.996 0.926 0.963 0.963 0.923 
498 0.000 0.137 0.000 0.000 0.000 1.000 0.863 1.000 1.000 1.000 
499 0.000 0.067 0.037 0.037 0.143 1.001 0.934 0.962 0.965 0.855 
50 0.065 0.039 0.091 0.040 0.016 0.935 0.961 0.909 0.960 0.983 
500 0.000 0.000 0.000 0.000 0.000 1.002 0.999 1.002 0.999 0.999 
501 0.244 0.972 0.944 0.944 0.874 0.758 0.028 0.055 0.055 0.125 
502 0.116 0.000 0.150 0.049 0.183 0.886 0.999 0.850 0.950 0.816 
503 0.049 0.052 0.235 0.306 0.187 0.951 0.948 0.765 0.694 0.813 
504 0.037 0.089 0.058 0.058 0.181 0.964 0.912 0.942 0.942 0.817 
505 0.000 0.000 0.000 0.113 0.000 1.001 1.001 0.998 0.888 0.998 
506 0.043 0.000 0.000 0.000 0.000 0.958 1.001 0.998 1.001 0.998 
507 0.466 0.334 0.487 0.300 0.441 0.536 0.665 0.515 0.699 0.558 
508 0.000 0.080 0.000 0.000 0.046 1.002 0.919 1.002 0.999 0.953 
509 0.000 0.107 0.160 0.000 0.043 1.000 0.893 0.840 1.000 0.957 
51 0.051 0.018 0.063 0.090 0.052 0.950 0.981 0.938 0.910 0.947 
510 0.086 0.000 0.000 0.801 0.801 0.915 1.001 1.001 0.200 0.196 
511 0.123 0.046 0.129 0.264 0.000 0.878 0.955 0.872 0.737 0.998 
512 0.000 0.129 0.000 0.000 0.043 1.001 0.872 1.001 1.001 0.955 
513 0.000 0.000 0.000 0.160 0.000 1.001 1.001 0.998 0.842 0.998 
514 0.123 0.101 0.000 0.000 0.123 0.878 0.900 0.998 1.001 0.875 
515 0.037 0.230 0.000 0.083 0.000 0.964 0.771 0.998 0.918 0.998 
516 0.031 0.071 0.064 0.046 0.046 0.971 0.931 0.934 0.955 0.952 
517 0.000 0.000 0.000 0.000 0.046 1.002 0.999 0.999 0.999 0.953 
518 0.037 0.000 0.065 0.000 0.154 0.963 1.000 0.935 1.000 0.846 
519 0.178 0.031 0.025 0.031 0.000 0.822 0.969 0.975 0.969 1.000 
52 0.050 0.069 0.058 0.099 0.044 0.950 0.932 0.941 0.902 0.956 
520 0.071 0.154 0.169 0.746 0.046 0.930 0.847 0.829 0.256 0.952 
521 0.271 0.274 0.000 0.000 0.055 0.730 0.727 0.998 1.001 0.943 
522 0.090 0.031 0.164 0.090 0.049 0.910 0.969 0.836 0.910 0.951 
523 0.043 0.053 0.046 0.046 0.062 0.957 0.948 0.954 0.954 0.936 
524 0.180 0.043 0.071 0.000 0.056 0.821 0.957 0.929 1.001 0.942 
525 0.890 0.629 0.586 0.558 0.577 0.112 0.372 0.412 0.443 0.422 
526 0.000 0.047 0.000 0.000 0.000 1.002 0.952 1.002 0.999 0.999 
527 0.307 0.047 0.093 0.000 0.115 0.693 0.953 0.907 1.000 0.885 
528 0.630 0.497 0.559 0.727 0.522 0.370 0.503 0.441 0.273 0.478 
529 0.031 0.090 0.246 0.296 0.065 0.969 0.910 0.754 0.704 0.932 
53 0.138 0.111 0.124 0.056 0.040 0.863 0.888 0.876 0.944 0.960 
530 0.000 0.000 0.309 0.000 0.000 1.002 0.999 0.693 0.999 0.999 
531 0.037 0.091 0.000 0.000 0.000 0.965 0.909 0.999 0.999 0.999 
532 0.181 0.088 0.084 0.081 0.206 0.819 0.913 0.916 0.919 0.791 
533 0.413 1.001 1.001 1.001 0.763 0.588 0.000 0.000 0.000 0.235 
534 0.150 0.069 0.000 0.110 0.000 0.852 0.930 0.999 0.890 0.999 
535 0.094 0.138 0.335 0.100 0.025 0.909 0.862 0.664 0.899 0.974 
536 0.639 0.458 0.000 0.398 0.041 0.361 0.542 1.000 0.602 0.959 
537 0.204 0.038 0.088 0.329 0.104 0.797 0.963 0.913 0.671 0.894 
538 0.000 0.053 0.085 0.000 0.147 1.001 0.947 0.916 1.001 0.850 
539 0.000 0.082 0.060 0.060 0.000 1.001 0.919 0.941 0.941 0.997 
54 0.115 0.050 0.138 0.267 0.090 0.885 0.950 0.862 0.733 0.910 
540 0.060 0.221 0.000 0.142 0.233 0.943 0.779 0.999 0.858 0.766 
541 0.095 0.139 0.722 0.120 0.199 0.906 0.861 0.279 0.880 0.798 
542 0.000 0.089 0.000 0.048 0.041 1.001 0.913 0.998 0.954 0.957 
543 0.086 0.025 0.000 0.174 0.000 0.917 0.974 0.999 0.825 0.999 
544 0.365 0.260 0.393 0.000 0.079 0.638 0.739 0.606 0.999 0.920 
545 0.156 0.000 0.753 0.000 0.105 0.845 1.001 0.248 1.001 0.893 
546 0.000 0.000 0.000 0.000 0.051 1.001 1.001 0.998 1.001 0.947 
547 0.000 0.010 0.184 0.347 0.108 1.002 0.989 0.817 0.652 0.891 
548 0.866 0.999 0.955 0.999 0.143 0.137 0.000 0.045 0.000 0.856 
549 0.000 0.000 0.086 0.000 0.064 1.003 0.999 0.913 0.999 0.936 
55 0.016 0.039 0.251 0.242 0.041 0.984 0.961 0.749 0.758 0.959 
550 0.022 0.124 0.000 0.000 0.000 0.980 0.874 1.002 0.999 0.999 
551 0.173 0.249 0.000 0.339 0.128 0.827 0.751 1.000 0.661 0.872 
552 0.000 0.000 0.000 0.000 0.080 1.001 1.001 1.001 1.001 0.918 
553 0.314 0.333 0.154 0.336 0.397 0.689 0.666 0.846 0.663 0.602 
554 0.000 0.186 0.237 0.000 0.144 1.000 0.814 0.763 1.000 0.856 
555 0.038 0.038 0.000 0.038 0.038 0.962 0.962 1.001 0.962 0.959 
556 0.109 0.343 0.039 0.000 0.000 0.892 0.658 0.960 1.001 0.998 
557 0.106 0.000 0.125 0.212 0.992 0.895 1.001 0.873 0.789 0.006 
558 0.234 0.080 0.151 0.122 0.080 0.768 0.918 0.851 0.877 0.918 
559 0.039 0.055 0.000 0.045 0.051 0.961 0.945 1.000 0.955 0.949 
56 0.044 0.061 0.061 0.043 0.039 0.957 0.938 0.939 0.957 0.961 
560 0.000 0.229 0.373 0.000 0.000 1.001 0.773 0.625 1.001 0.998 
561 0.039 0.877 0.974 0.200 0.142 0.961 0.123 0.026 0.800 0.858 
562 0.126 0.333 0.126 0.333 0.000 0.875 0.669 0.872 0.669 0.998 
563 0.045 0.039 0.000 0.000 0.000 0.955 0.962 1.001 1.001 0.997 
564 0.052 0.117 0.081 0.032 0.000 0.950 0.882 0.921 0.966 0.999 
565 0.201 0.101 0.175 0.058 0.133 0.799 0.899 0.825 0.942 0.867 
566 0.000 0.000 0.000 0.000 0.000 1.001 1.001 0.998 1.001 0.998 
567 0.003 0.059 0.000 0.088 0.527 0.999 0.940 1.002 0.911 0.472 
568 0.401 0.049 0.000 0.153 0.114 0.600 0.952 1.001 0.847 0.883 
569 0.193 0.620 0.062 0.529 0.196 0.809 0.379 0.940 0.470 0.803 
57 0.105 0.093 0.162 0.011 0.103 0.896 0.908 0.838 0.990 0.896 
570 0.091 0.000 0.095 0.052 0.039 0.911 0.999 0.907 0.946 0.960 
571 0.104 0.134 0.082 0.104 0.134 0.898 0.865 0.920 0.894 0.865 
572 0.183 0.046 0.046 0.000 0.000 0.818 0.955 0.952 1.001 0.998 
573 0.046 0.046 0.000 0.000 0.000 0.955 0.955 0.998 1.001 0.998 
574 0.000 0.226 0.075 0.226 0.124 1.001 0.776 0.923 0.776 0.874 
575 0.092 0.056 0.056 0.102 0.052 0.910 0.943 0.946 0.897 0.946 
576 0.707 0.927 1.002 0.999 0.995 0.295 0.072 0.000 0.000 0.003 
577 0.000 0.200 0.417 0.164 0.141 1.001 0.801 0.584 0.837 0.856 
578 0.181 0.082 0.043 0.125 0.000 0.821 0.917 0.959 0.874 0.999 
579 0.046 0.108 0.000 0.036 0.240 0.957 0.891 0.999 0.963 0.759 
58 0.217 0.127 0.165 0.440 0.231 0.783 0.873 0.834 0.561 0.769 
580 0.846 1.001 1.001 0.905 0.221 0.155 0.000 0.000 0.095 0.777 
581 0.059 0.056 0.445 0.214 0.109 0.943 0.943 0.557 0.784 0.890 
582 0.079 0.046 0.043 0.000 0.000 0.923 0.953 0.959 0.999 0.999 
583 0.000 0.092 0.040 0.000 0.105 1.002 0.906 0.962 0.999 0.893 
584 0.119 0.168 0.195 0.109 0.000 0.884 0.831 0.805 0.891 0.999 
585 0.941 1.001 0.182 0.000 0.162 0.059 0.000 0.819 1.001 0.836 
586 0.093 0.093 0.093 0.063 0.066 0.909 0.909 0.905 0.939 0.932 
587 0.000 0.000 0.000 0.000 0.000 1.002 0.999 1.002 0.999 0.999 
588 0.023 0.218 0.149 0.165 0.238 0.979 0.781 0.850 0.834 0.761 
589 0.000 0.000 0.000 0.040 0.023 1.003 0.999 0.999 0.960 0.976 
59 0.125 0.080 0.251 0.123 0.088 0.875 0.920 0.749 0.877 0.912 
590 0.093 0.099 0.000 0.026 0.026 0.907 0.901 1.000 0.974 0.974 
591 0.149 0.278 0.315 0.228 0.228 0.851 0.722 0.685 0.772 0.772 
592 0.000 0.000 0.000 0.076 0.000 1.001 1.001 1.001 0.924 0.997 
593 0.501 0.000 0.454 0.027 0.040 0.501 1.001 0.544 0.975 0.958 
594 0.000 0.000 0.000 0.033 0.090 1.001 1.001 0.998 0.968 0.908 
595 0.298 0.388 0.000 0.000 0.000 0.703 0.613 0.998 1.001 0.998 
596 0.000 0.040 0.000 0.090 0.000 1.002 0.959 1.002 0.909 0.999 
597 0.053 0.086 0.103 0.050 0.060 0.949 0.912 0.899 0.949 0.939 
598 0.305 0.784 0.913 0.066 0.033 0.697 0.216 0.086 0.933 0.966 
599 0.120 0.000 0.000 0.043 0.000 0.881 1.001 1.001 0.957 0.997 
60 0.025 0.046 0.128 0.195 0.186 0.976 0.954 0.871 0.805 0.813 
600 0.000 0.096 0.000 0.050 0.080 1.001 0.905 0.998 0.951 0.918 
601 0.000 0.077 0.373 0.349 0.126 1.001 0.925 0.625 0.652 0.872 
602 0.266 0.126 0.120 0.000 0.419 0.736 0.872 0.882 0.999 0.579 
603 0.000 0.000 0.070 0.000 0.057 1.003 0.999 0.929 0.999 0.943 
604 0.047 0.000 0.000 0.067 0.000 0.956 0.999 0.999 0.933 0.999 
605 0.000 0.000 0.000 0.283 0.040 1.000 1.000 1.000 0.717 0.960 
606 0.000 0.000 0.000 0.000 0.027 1.001 1.001 0.998 1.001 0.971 
607 0.184 0.000 0.224 0.084 0.207 0.817 1.001 0.776 0.917 0.790 
608 0.040 0.060 0.054 0.432 0.322 0.961 0.941 0.944 0.569 0.676 
609 0.000 0.067 0.834 0.519 0.067 1.002 0.932 0.168 0.479 0.932 
61 0.171 0.357 0.383 0.018 0.099 0.830 0.643 0.617 0.982 0.901 
610 0.151 0.104 0.111 0.144 0.000 0.852 0.895 0.889 0.855 0.999 
611 0.050 0.037 0.050 0.067 0.594 0.952 0.962 0.949 0.932 0.406 
612 0.292 0.228 0.201 0.000 0.138 0.708 0.772 0.799 1.000 0.862 
613 0.211 0.000 0.000 0.000 0.000 0.789 1.000 1.000 1.000 1.000 
614 0.044 0.000 0.188 0.000 0.161 0.957 1.001 0.813 1.001 0.836 
615 0.040 0.040 0.000 0.081 0.034 0.962 0.958 1.002 0.918 0.965 
616 0.000 0.040 0.101 0.000 0.094 1.002 0.958 0.901 0.999 0.905 
617 0.091 0.162 0.000 0.077 0.690 0.912 0.838 0.999 0.922 0.310 
618 0.050 0.084 0.165 0.077 0.037 0.952 0.915 0.834 0.922 0.962 
619 0.051 0.000 0.034 0.037 0.000 0.950 1.001 0.967 0.964 0.997 
62 0.036 0.015 0.015 0.026 0.032 0.964 0.985 0.985 0.974 0.968 
620 0.155 0.047 0.155 0.047 0.000 0.846 0.954 0.843 0.954 0.998 
621 0.311 0.017 0.236 0.425 0.446 0.692 0.982 0.763 0.574 0.554 
622 0.513 0.057 0.027 0.064 0.000 0.490 0.942 0.972 0.935 0.999 
623 0.976 1.000 0.213 0.111 0.193 0.024 0.000 0.787 0.889 0.807 
624 0.064 0.000 0.064 0.000 0.000 0.936 1.001 0.936 1.001 0.997 
625 0.041 0.000 0.034 0.017 0.000 0.962 0.999 0.965 0.982 0.999 
626 0.159 0.041 0.024 0.173 0.173 0.843 0.959 0.976 0.827 0.827 
627 0.041 0.047 0.000 0.047 0.000 0.959 0.953 1.000 0.953 1.000 
628 0.041 0.088 0.078 0.041 0.000 0.961 0.913 0.920 0.961 0.998 
629 0.054 0.000 0.044 0.058 0.102 0.948 0.999 0.958 0.941 0.897 
63 0.095 0.057 0.000 0.153 0.152 0.905 0.943 1.000 0.847 0.848 
630 0.000 0.177 0.099 0.000 0.041 1.000 0.823 0.901 1.000 0.959 
631 0.071 0.000 0.000 0.000 0.000 0.929 1.000 1.000 1.000 1.000 
632 0.000 0.037 0.000 0.000 0.235 1.000 0.963 1.000 1.000 0.765 
633 0.402 0.000 0.061 0.000 0.061 0.599 1.001 0.939 1.001 0.936 
634 0.212 0.150 0.000 0.000 0.000 0.788 0.850 1.000 1.000 1.000 
635 0.000 0.130 0.106 0.294 0.792 1.001 0.871 0.895 0.707 0.205 
636 0.266 0.075 0.048 0.000 0.318 0.734 0.926 0.953 1.001 0.680 
637 0.202 0.147 0.127 0.000 0.113 0.800 0.852 0.876 0.999 0.886 
638 0.089 0.270 0.174 0.308 0.592 0.913 0.728 0.828 0.691 0.407 
639 0.545 1.000 1.000 0.452 0.134 0.455 0.000 0.000 0.548 0.866 
64 0.064 0.084 0.176 0.041 0.136 0.937 0.916 0.824 0.959 0.864 
640 0.113 0.123 0.127 0.144 0.000 0.888 0.877 0.874 0.857 0.997 
641 0.038 0.240 0.274 0.045 0.000 0.963 0.761 0.727 0.956 0.997 
642 0.768 0.460 0.106 0.000 0.110 0.233 0.542 0.892 1.001 0.888 
643 0.000 0.062 0.000 0.000 0.082 1.000 0.938 1.000 1.000 0.918 
644 0.509 1.000 0.199 0.258 0.000 0.491 0.000 0.801 0.742 1.000 
645 0.169 0.000 0.000 0.000 0.028 0.833 1.001 0.998 1.001 0.970 
646 0.100 0.086 0.034 0.179 0.124 0.902 0.915 0.964 0.822 0.874 
647 0.000 0.000 0.183 0.083 0.062 1.002 0.999 0.820 0.916 0.937 
648 0.213 0.031 0.000 0.017 0.000 0.789 0.968 1.002 0.981 0.999 
649 0.079 0.090 0.000 0.000 0.148 0.924 0.910 0.999 0.999 0.851 
65 0.000 0.000 0.049 0.089 0.035 1.001 1.001 0.950 0.912 0.964 
650 0.086 0.000 0.214 0.169 0.000 0.917 0.999 0.786 0.830 0.999 
651 0.114 0.038 0.941 0.107 0.000 0.889 0.961 0.059 0.892 0.999 
652 0.052 0.000 0.017 0.059 0.783 0.948 1.000 0.983 0.941 0.217 
653 0.000 0.000 0.000 0.041 0.155 1.002 0.999 1.002 0.957 0.843 
654 0.166 0.180 0.111 0.107 0.000 0.837 0.820 0.889 0.892 0.999 
655 0.045 0.862 0.360 0.163 0.035 0.955 0.138 0.640 0.837 0.965 
656 0.087 0.000 0.000 0.069 0.257 0.915 0.999 1.002 0.929 0.742 
657 0.000 0.000 0.038 0.111 0.052 1.003 0.999 0.961 0.888 0.947 
658 0.062 0.000 0.049 0.160 0.087 0.940 0.999 0.951 0.840 0.913 
659 0.052 0.156 0.309 0.691 0.542 0.948 0.844 0.691 0.309 0.458 
66 0.028 0.492 0.619 0.145 0.667 0.972 0.508 0.381 0.855 0.333 
660 0.042 0.195 0.000 0.365 0.956 0.959 0.806 1.001 0.636 0.042 
661 0.000 0.320 0.302 0.215 0.219 1.001 0.681 0.698 0.785 0.778 
662 0.000 0.000 0.000 0.108 0.132 1.001 1.001 1.001 0.893 0.865 
663 0.000 0.000 0.000 0.076 0.153 1.001 1.001 1.001 0.924 0.844 
664 0.000 0.000 0.129 0.073 0.129 1.001 1.001 0.869 0.928 0.869 
665 0.052 0.369 0.052 0.254 0.344 0.950 0.630 0.950 0.745 0.654 
666 0.341 0.310 0.205 0.059 0.080 0.661 0.689 0.797 0.939 0.919 
67 0.294 0.385 0.201 0.062 0.152 0.708 0.614 0.799 0.938 0.848 
68 0.050 0.000 0.100 0.248 0.019 0.950 1.000 0.900 0.752 0.980 
69 0.039 0.182 0.131 0.137 0.045 0.962 0.817 0.869 0.862 0.955 
70 0.019 0.023 0.023 0.023 0.113 0.981 0.977 0.977 0.977 0.887 
71 0.355 0.020 0.086 0.052 0.076 0.645 0.980 0.914 0.948 0.924 
72 0.000 0.018 0.013 0.292 0.122 1.001 0.982 0.988 0.708 0.878 
73 0.644 0.330 0.224 0.151 0.320 0.358 0.670 0.775 0.849 0.680 
74 0.048 0.000 0.028 0.044 0.044 0.952 0.999 0.973 0.955 0.955 
75 0.343 0.122 0.296 0.168 0.037 0.659 0.878 0.704 0.832 0.963 
76 0.166 0.059 0.091 0.196 0.184 0.834 0.941 0.909 0.805 0.815 
77 0.022 0.037 0.769 0.037 0.000 0.978 0.964 0.230 0.964 0.999 
78 0.604 0.101 0.004 0.010 0.037 0.397 0.899 0.996 0.989 0.962 
79 0.061 0.019 0.059 0.770 0.126 0.940 0.980 0.942 0.230 0.873 
80 0.300 0.067 0.147 0.061 0.201 0.700 0.934 0.852 0.940 0.798 
81 0.213 0.116 0.000 0.083 0.658 0.787 0.884 1.000 0.917 0.342 
82 0.119 0.249 0.107 0.112 0.019 0.882 0.751 0.894 0.888 0.980 
83 0.043 0.060 0.000 0.094 0.085 0.957 0.941 0.999 0.907 0.914 
84 0.164 0.066 0.069 0.360 0.528 0.837 0.933 0.932 0.639 0.471 
85 0.461 0.479 0.726 0.539 0.955 0.540 0.521 0.274 0.461 0.045 
86 0.000 0.045 0.044 0.023 0.044 1.001 0.954 0.957 0.977 0.956 
87 0.121 0.180 0.141 0.138 0.054 0.880 0.820 0.859 0.862 0.945 
88 0.886 0.027 0.130 0.085 0.039 0.115 0.972 0.869 0.915 0.960 
89 0.115 0.106 0.226 0.041 0.064 0.885 0.894 0.774 0.959 0.935 
90 0.099 0.106 0.029 0.041 0.078 0.902 0.893 0.972 0.958 0.922 
91 0.018 0.053 0.066 0.017 0.026 0.983 0.946 0.934 0.983 0.974 
92 0.040 0.038 0.151 0.073 0.026 0.961 0.962 0.849 0.927 0.973 
93 0.000 0.000 0.149 0.018 0.024 1.001 1.001 0.850 0.982 0.975 
94 0.127 0.126 0.084 0.051 0.089 0.874 0.874 0.915 0.949 0.911 
95 0.126 0.318 0.234 0.317 0.223 0.874 0.682 0.767 0.684 0.776 
96 0.055 0.072 0.079 0.391 0.148 0.945 0.928 0.921 0.610 0.851 
97 0.292 0.177 0.025 0.031 0.036 0.709 0.822 0.976 0.968 0.964 
98 0.000 0.118 0.000 0.022 0.042 1.001 0.882 0.999 0.979 0.957 
99 0.150 0.095 0.022 0.056 0.251 0.851 0.905 0.978 0.944 0.748 
