100 0.00 8.70 4.30 8.70 26.10 26.10 0.00 17.40 4.30 4.30 0.00 
101 0.00 33.30 11.10 11.10 0.00 33.30 0.00 11.10 0.00 0.00 0.00 
102 0.00 0.00 4.30 4.30 0.00 87.00 4.30 0.00 0.00 0.00 0.00 
103 0.00 0.00 0.00 21.70 34.80 43.50 0.00 0.00 0.00 0.00 0.00 
104 0.00 0.00 4.30 8.70 8.70 78.30 0.00 0.00 0.00 0.00 0.00 
105 0.00 22.20 22.20 0.00 11.10 22.20 0.00 11.10 11.10 0.00 0.00 
106 0.00 66.70 11.10 11.10 11.10 0.00 0.00 0.00 0.00 0.00 0.00 
107 0.00 8.70 0.00 8.70 30.40 30.40 0.00 13.00 4.30 4.30 0.00 
108 0.00 0.00 4.30 4.30 30.40 56.50 0.00 0.00 4.30 0.00 0.00 
109 0.00 0.00 4.30 8.70 4.30 78.30 4.30 0.00 0.00 0.00 0.00 
110 0.00 43.50 8.70 4.30 4.30 34.80 0.00 0.00 4.30 0.00 0.00 
111 0.00 77.80 0.00 0.00 0.00 22.20 0.00 0.00 0.00 0.00 0.00 
112 0.00 88.90 0.00 11.10 0.00 0.00 0.00 0.00 0.00 0.00 0.00 
113 0.00 22.20 33.30 0.00 11.10 22.20 0.00 0.00 11.10 0.00 0.00 
114 0.00 55.60 0.00 0.00 0.00 33.30 0.00 0.00 11.10 0.00 0.00 
115 0.00 0.00 0.00 0.00 0.00 100.00 0.00 0.00 0.00 0.00 0.00 
116 0.00 8.70 0.00 8.70 26.10 34.80 0.00 13.00 4.30 4.30 0.00 
117 0.00 66.70 11.10 0.00 0.00 0.00 0.00 11.10 11.10 0.00 0.00 
118 0.00 0.00 4.30 0.00 17.40 78.30 0.00 0.00 0.00 0.00 0.00 
119 0.00 8.70 0.00 8.70 26.10 34.80 0.00 13.00 4.30 4.30 0.00 
120 4.30 0.00 4.30 8.70 13.00 69.60 0.00 0.00 0.00 0.00 0.00 
121 0.00 0.00 4.30 0.00 8.70 82.60 4.30 0.00 0.00 0.00 0.00 
122 0.00 88.90 0.00 11.10 0.00 0.00 0.00 0.00 0.00 0.00 0.00 
123 0.00 30.40 0.00 26.10 0.00 34.80 0.00 0.00 0.00 4.30 4.30 
124 0.00 30.40 13.00 8.70 4.30 34.80 0.00 4.30 4.30 0.00 0.00 
125 0.00 21.70 13.00 8.70 4.30 43.50 0.00 4.30 4.30 0.00 0.00 
126 0.00 33.30 11.10 11.10 0.00 33.30 0.00 11.10 0.00 0.00 0.00 
127 0.00 66.70 0.00 11.10 0.00 22.20 0.00 0.00 0.00 0.00 0.00 
128 0.00 0.00 0.00 0.00 0.00 100.00 0.00 0.00 0.00 0.00 0.00 
129 0.00 0.00 0.00 0.00 0.00 100.00 0.00 0.00 0.00 0.00 0.00 
130 4.30 0.00 0.00 26.10 8.70 47.80 0.00 4.30 0.00 4.30 4.30 
131 0.00 55.60 11.10 11.10 0.00 0.00 0.00 11.10 11.10 0.00 0.00 
132 4.30 0.00 0.00 26.10 13.00 34.80 0.00 8.70 4.30 4.30 4.30 
133 0.00 21.70 0.00 34.80 4.30 34.80 0.00 0.00 0.00 4.30 0.00 
134 0.00 55.60 11.10 11.10 0.00 0.00 0.00 11.10 11.10 0.00 0.00 
135 0.00 33.30 22.20 0.00 11.10 22.20 0.00 0.00 11.10 0.00 0.00 
136 0.00 8.70 0.00 13.00 26.10 30.40 0.00 13.00 4.30 4.30 0.00 
137 0.00 30.40 13.00 8.70 4.30 34.80 0.00 4.30 4.30 0.00 0.00 
138 0.00 66.70 0.00 22.20 0.00 11.10 0.00 0.00 0.00 0.00 0.00 
139 0.00 4.30 0.00 69.60 4.30 21.70 0.00 0.00 0.00 0.00 0.00 
140 0.00 43.50 0.00 8.70 0.00 34.80 0.00 0.00 4.30 4.30 4.30 
141 0.00 39.10 0.00 13.00 4.30 34.80 0.00 0.00 4.30 4.30 0.00 
142 0.00 0.00 4.30 4.30 17.40 69.60 4.30 0.00 0.00 0.00 0.00 
143 0.00 0.00 4.30 0.00 0.00 95.70 0.00 0.00 0.00 0.00 0.00 
144 0.00 77.80 11.10 11.10 0.00 0.00 0.00 0.00 0.00 0.00 0.00 
145 0.00 55.60 0.00 0.00 11.10 33.30 0.00 0.00 0.00 0.00 0.00 
146 0.00 0.00 0.00 0.00 30.40 65.20 0.00 0.00 4.30 0.00 0.00 
147 0.00 33.30 22.20 0.00 11.10 11.10 0.00 11.10 11.10 0.00 0.00 
148 0.00 0.00 4.30 8.70 30.40 52.20 0.00 0.00 4.30 0.00 0.00 
149 0.00 44.40 11.10 0.00 0.00 22.20 0.00 11.10 0.00 0.00 11.10 
150 0.00 88.90 0.00 11.10 0.00 0.00 0.00 0.00 0.00 0.00 0.00 
151 0.00 88.90 0.00 11.10 0.00 0.00 0.00 0.00 0.00 0.00 0.00 
152 0.00 34.80 13.00 8.70 4.30 30.40 0.00 4.30 4.30 0.00 0.00 
153 0.00 0.00 4.30 4.30 4.30 87.00 0.00 0.00 0.00 0.00 0.00 
154 0.00 66.70 11.10 0.00 0.00 0.00 0.00 11.10 0.00 0.00 11.10 
155 0.00 0.00 0.00 13.00 8.70 73.90 4.30 0.00 0.00 0.00 0.00 
156 0.00 0.00 4.30 0.00 8.70 82.60 4.30 0.00 0.00 0.00 0.00 
157 0.00 77.80 0.00 11.10 0.00 0.00 0.00 0.00 11.10 0.00 0.00 
158 0.00 0.00 0.00 13.00 4.30 60.90 0.00 0.00 13.00 4.30 4.30 
159 0.00 39.10 13.00 4.30 4.30 30.40 0.00 4.30 4.30 0.00 0.00 
160 0.00 44.40 22.20 11.10 11.10 11.10 0.00 0.00 0.00 0.00 0.00 
161 0.00 34.80 13.00 8.70 4.30 30.40 0.00 4.30 4.30 0.00 0.00 
162 0.00 11.10 22.20 11.10 11.10 22.20 0.00 11.10 11.10 0.00 0.00 
163 0.00 0.00 0.00 0.00 30.40 65.20 0.00 0.00 4.30 0.00 0.00 
164 0.00 33.30 22.20 11.10 11.10 22.20 0.00 0.00 0.00 0.00 0.00 
165 0.00 0.00 0.00 0.00 13.00 87.00 0.00 0.00 0.00 0.00 0.00 
166 0.00 11.10 22.20 11.10 11.10 22.20 0.00 11.10 11.10 0.00 0.00 
167 0.00 88.90 0.00 11.10 0.00 0.00 0.00 0.00 0.00 0.00 0.00 
168 0.00 55.60 0.00 22.20 0.00 22.20 0.00 0.00 0.00 0.00 0.00 
169 0.00 21.70 0.00 4.30 0.00 60.90 0.00 4.30 0.00 4.30 4.30 
170 0.00 0.00 4.30 0.00 8.70 82.60 4.30 0.00 0.00 0.00 0.00 
171 4.30 8.70 4.30 34.80 30.40 0.00 0.00 13.00 4.30 0.00 0.00 
172 0.00 55.60 11.10 11.10 0.00 0.00 0.00 11.10 11.10 0.00 0.00 
173 0.00 34.80 4.30 8.70 0.00 34.80 0.00 4.30 4.30 4.30 4.30 
174 4.30 8.70 4.30 30.40 26.10 4.30 0.00 17.40 4.30 0.00 0.00 
175 0.00 77.80 0.00 0.00 0.00 22.20 0.00 0.00 0.00 0.00 0.00 
176 0.00 77.80 0.00 0.00 0.00 22.20 0.00 0.00 0.00 0.00 0.00 
177 0.00 0.00 4.30 0.00 13.00 69.60 0.00 0.00 8.70 0.00 4.30 
178 0.00 43.50 0.00 13.00 0.00 34.80 0.00 0.00 0.00 4.30 4.30 
179 0.00 30.40 0.00 26.10 4.30 34.80 0.00 0.00 0.00 4.30 0.00 
180 0.00 0.00 8.70 0.00 8.70 78.30 0.00 0.00 4.30 0.00 0.00 
181 0.00 77.80 11.10 11.10 0.00 0.00 0.00 0.00 0.00 0.00 0.00 
182 0.00 8.70 0.00 8.70 21.70 43.50 0.00 8.70 4.30 4.30 0.00 
183 0.00 0.00 4.30 4.30 8.70 78.30 4.30 0.00 0.00 0.00 0.00 
184 0.00 4.30 4.30 8.70 4.30 60.90 0.00 4.30 8.70 4.30 0.00 
185 0.00 34.80 13.00 8.70 4.30 30.40 0.00 4.30 4.30 0.00 0.00 
186 13.00 0.00 4.30 8.70 4.30 69.60 0.00 0.00 0.00 0.00 0.00 
187 0.00 8.70 0.00 13.00 26.10 30.40 0.00 13.00 4.30 4.30 0.00 
188 0.00 34.80 13.00 4.30 4.30 34.80 0.00 4.30 4.30 0.00 0.00 
189 0.00 88.90 0.00 11.10 0.00 0.00 0.00 0.00 0.00 0.00 0.00 
190 0.00 0.00 4.30 4.30 0.00 87.00 4.30 0.00 0.00 0.00 0.00 
191 0.00 34.80 4.30 13.00 0.00 34.80 0.00 0.00 4.30 4.30 4.30 
192 0.00 34.80 0.00 43.50 0.00 17.40 0.00 0.00 4.30 0.00 0.00 
193 0.00 88.90 0.00 11.10 0.00 0.00 0.00 0.00 0.00 0.00 0.00 
194 0.00 0.00 4.30 4.30 13.00 69.60 4.30 0.00 0.00 4.30 0.00 
195 0.00 30.40 0.00 21.70 4.30 34.80 0.00 0.00 0.00 4.30 4.30 
196 0.00 34.80 13.00 8.70 4.30 30.40 0.00 4.30 4.30 0.00 0.00 
197 0.00 55.60 11.10 11.10 0.00 0.00 0.00 11.10 11.10 0.00 0.00 
198 0.00 0.00 4.30 4.30 0.00 87.00 4.30 0.00 0.00 0.00 0.00 
199 0.00 66.70 0.00 11.10 0.00 11.10 0.00 0.00 11.10 0.00 0.00 
200 0.00 44.40 22.20 0.00 0.00 22.20 0.00 0.00 11.10 0.00 0.00 
201 0.00 4.30 0.00 8.70 4.30 78.30 0.00 0.00 0.00 4.30 0.00 
202 0.00 0.00 4.30 13.00 4.30 78.30 0.00 0.00 0.00 0.00 0.00 
203 0.00 0.00 0.00 17.40 8.70 56.50 0.00 0.00 8.70 4.30 4.30 
204 0.00 0.00 4.30 0.00 8.70 82.60 4.30 0.00 0.00 0.00 0.00 
205 0.00 13.00 0.00 13.00 4.30 65.20 0.00 0.00 0.00 4.30 0.00 
206 0.00 66.70 11.10 0.00 0.00 0.00 0.00 11.10 11.10 0.00 0.00 
207 0.00 8.70 0.00 8.70 26.10 34.80 0.00 13.00 4.30 4.30 0.00 
208 0.00 34.80 13.00 4.30 4.30 34.80 0.00 4.30 4.30 0.00 0.00 
209 0.00 0.00 0.00 0.00 39.10 56.50 0.00 0.00 4.30 0.00 0.00 
210 0.00 0.00 4.30 0.00 13.00 82.60 0.00 0.00 0.00 0.00 0.00 
211 0.00 77.80 11.10 0.00 0.00 11.10 0.00 0.00 0.00 0.00 0.00 
212 0.00 0.00 4.30 0.00 17.40 73.90 4.30 0.00 0.00 0.00 0.00 
213 0.00 0.00 0.00 13.00 8.70 60.90 0.00 0.00 8.70 4.30 4.30 
214 0.00 66.70 11.10 11.10 0.00 0.00 0.00 0.00 11.10 0.00 0.00 
215 0.00 0.00 4.30 26.10 21.70 39.10 0.00 0.00 4.30 4.30 0.00 
216 0.00 0.00 0.00 0.00 43.50 52.20 0.00 0.00 4.30 0.00 0.00 
217 0.00 55.60 11.10 11.10 0.00 0.00 0.00 11.10 11.10 0.00 0.00 
218 0.00 77.80 11.10 0.00 0.00 11.10 0.00 0.00 0.00 0.00 0.00 
219 0.00 0.00 0.00 0.00 8.70 87.00 4.30 0.00 0.00 0.00 0.00 
220 0.00 44.40 0.00 22.20 0.00 33.30 0.00 0.00 0.00 0.00 0.00 
221 4.30 0.00 0.00 21.70 13.00 47.80 0.00 4.30 0.00 4.30 4.30 
222 0.00 11.10 11.10 11.10 11.10 22.20 0.00 11.10 22.20 0.00 0.00 
223 11.10 44.40 11.10 0.00 11.10 0.00 0.00 22.20 0.00 0.00 0.00 
224 0.00 0.00 0.00 13.00 39.10 47.80 0.00 0.00 0.00 0.00 0.00 
225 0.00 8.70 0.00 8.70 21.70 39.10 0.00 13.00 4.30 4.30 0.00 
226 0.00 66.70 11.10 0.00 0.00 0.00 0.00 11.10 11.10 0.00 0.00 
227 0.00 55.60 0.00 22.20 0.00 22.20 0.00 0.00 0.00 0.00 0.00 
228 0.00 55.60 11.10 0.00 0.00 22.20 0.00 0.00 0.00 0.00 11.10 
229 0.00 43.50 0.00 8.70 0.00 34.80 0.00 0.00 4.30 4.30 4.30 
230 0.00 0.00 4.30 8.70 43.50 39.10 0.00 0.00 4.30 0.00 0.00 
231 0.00 88.90 0.00 11.10 0.00 0.00 0.00 0.00 0.00 0.00 0.00 
232 0.00 34.80 4.30 8.70 0.00 34.80 0.00 4.30 4.30 4.30 4.30 
233 0.00 77.80 11.10 0.00 0.00 0.00 0.00 0.00 11.10 0.00 0.00 
234 0.00 33.30 22.20 0.00 11.10 22.20 0.00 0.00 11.10 0.00 0.00 
235 0.00 77.80 0.00 11.10 0.00 0.00 0.00 0.00 11.10 0.00 0.00 
236 0.00 0.00 4.30 13.00 13.00 69.60 0.00 0.00 0.00 0.00 0.00 
237 0.00 44.40 11.10 0.00 11.10 22.20 0.00 0.00 11.10 0.00 0.00 
238 0.00 0.00 8.70 39.10 0.00 52.20 0.00 0.00 0.00 0.00 0.00 
239 4.30 0.00 0.00 26.10 8.70 47.80 0.00 4.30 0.00 4.30 4.30 
240 0.00 0.00 0.00 21.70 30.40 43.50 0.00 0.00 4.30 0.00 0.00 
241 0.00 0.00 0.00 0.00 43.50 52.20 0.00 0.00 4.30 0.00 0.00 
242 0.00 66.70 11.10 11.10 0.00 0.00 0.00 11.10 0.00 0.00 0.00 
243 0.00 55.60 11.10 11.10 0.00 0.00 0.00 11.10 11.10 0.00 0.00 
244 0.00 8.70 8.70 13.00 8.70 56.50 0.00 4.30 0.00 0.00 0.00 
245 0.00 0.00 0.00 0.00 39.10 56.50 0.00 0.00 4.30 0.00 0.00 
246 0.00 44.40 11.10 11.10 11.10 22.20 0.00 0.00 0.00 0.00 0.00 
247 0.00 55.60 11.10 11.10 0.00 0.00 0.00 11.10 11.10 0.00 0.00 
248 0.00 66.70 0.00 0.00 0.00 33.30 0.00 0.00 0.00 0.00 0.00 
249 0.00 4.30 4.30 21.70 21.70 34.80 0.00 0.00 8.70 4.30 0.00 
250 0.00 88.90 0.00 11.10 0.00 0.00 0.00 0.00 0.00 0.00 0.00 
251 44.40 0.00 11.10 22.20 0.00 22.20 0.00 0.00 0.00 0.00 0.00 
252 0.00 0.00 0.00 0.00 52.20 43.50 0.00 0.00 4.30 0.00 0.00 
253 0.00 0.00 4.30 17.40 4.30 73.90 0.00 0.00 0.00 0.00 0.00 
254 0.00 77.80 11.10 0.00 0.00 11.10 0.00 0.00 0.00 0.00 0.00 
255 0.00 17.40 0.00 30.40 4.30 34.80 0.00 4.30 4.30 4.30 0.00 
256 0.00 0.00 4.30 8.70 0.00 82.60 4.30 0.00 0.00 0.00 0.00 
257 0.00 0.00 0.00 0.00 13.00 78.30 0.00 0.00 8.70 0.00 0.00 
258 0.00 0.00 0.00 17.40 30.40 47.80 0.00 0.00 4.30 0.00 0.00 
259 0.00 39.10 4.30 17.40 4.30 17.40 0.00 4.30 8.70 0.00 4.30 
260 0.00 43.50 13.00 4.30 4.30 30.40 0.00 0.00 4.30 0.00 0.00 
261 0.00 55.60 22.20 11.10 0.00 0.00 0.00 0.00 11.10 0.00 0.00 
262 0.00 0.00 0.00 8.70 0.00 91.30 0.00 0.00 0.00 0.00 0.00 
263 0.00 8.70 0.00 8.70 26.10 34.80 0.00 13.00 4.30 4.30 0.00 
264 0.00 0.00 4.30 17.40 21.70 56.50 0.00 0.00 0.00 0.00 0.00 
265 0.00 0.00 4.30 4.30 17.40 69.60 4.30 0.00 0.00 0.00 0.00 
266 4.30 4.30 4.30 21.70 30.40 17.40 0.00 13.00 4.30 0.00 0.00 
267 0.00 0.00 0.00 4.30 4.30 91.30 0.00 0.00 0.00 0.00 0.00 
268 0.00 4.30 0.00 17.40 30.40 47.80 0.00 0.00 0.00 0.00 0.00 
269 0.00 4.30 0.00 0.00 47.80 43.50 0.00 0.00 4.30 0.00 0.00 
270 0.00 8.70 0.00 13.00 21.70 34.80 0.00 13.00 4.30 4.30 0.00 
271 0.00 77.80 11.10 0.00 0.00 0.00 0.00 11.10 0.00 0.00 0.00 
272 0.00 34.80 13.00 4.30 4.30 34.80 0.00 4.30 4.30 0.00 0.00 
273 0.00 0.00 4.30 0.00 8.70 87.00 0.00 0.00 0.00 0.00 0.00 
274 0.00 66.70 11.10 0.00 0.00 11.10 0.00 11.10 0.00 0.00 0.00 
275 0.00 77.80 11.10 0.00 0.00 0.00 0.00 11.10 0.00 0.00 0.00 
276 0.00 55.60 11.10 11.10 0.00 0.00 0.00 11.10 11.10 0.00 0.00 
277 0.00 66.70 0.00 0.00 0.00 33.30 0.00 0.00 0.00 0.00 0.00 
278 0.00 55.60 0.00 22.20 0.00 22.20 0.00 0.00 0.00 0.00 0.00 
279 0.00 0.00 4.30 8.70 4.30 78.30 4.30 0.00 0.00 0.00 0.00 
280 0.00 39.10 13.00 4.30 4.30 30.40 0.00 4.30 4.30 0.00 0.00 
281 0.00 0.00 0.00 43.50 17.40 34.80 0.00 0.00 4.30 0.00 0.00 
282 0.00 44.40 0.00 22.20 0.00 33.30 0.00 0.00 0.00 0.00 0.00 
283 4.30 0.00 0.00 26.10 8.70 43.50 0.00 8.70 0.00 4.30 4.30 
284 0.00 30.40 0.00 21.70 4.30 34.80 0.00 0.00 4.30 4.30 0.00 
285 0.00 26.10 0.00 26.10 4.30 34.80 0.00 0.00 0.00 4.30 4.30 
286 0.00 26.10 4.30 13.00 4.30 39.10 0.00 4.30 0.00 4.30 4.30 
287 0.00 30.40 13.00 8.70 4.30 34.80 0.00 4.30 4.30 0.00 0.00 
288 0.00 8.70 4.30 8.70 21.70 34.80 0.00 13.00 4.30 4.30 0.00 
289 0.00 39.10 4.30 8.70 4.30 34.80 0.00 0.00 0.00 4.30 4.30 
290 0.00 0.00 4.30 8.70 0.00 82.60 4.30 0.00 0.00 0.00 0.00 
291 0.00 0.00 8.70 0.00 47.80 43.50 0.00 0.00 0.00 0.00 0.00 
292 0.00 0.00 0.00 0.00 30.40 65.20 0.00 0.00 4.30 0.00 0.00 
293 0.00 13.00 4.30 13.00 30.40 26.10 0.00 8.70 0.00 4.30 0.00 
294 0.00 66.70 0.00 0.00 0.00 33.30 0.00 0.00 0.00 0.00 0.00 
295 0.00 0.00 4.30 0.00 21.70 73.90 0.00 0.00 0.00 0.00 0.00 
296 0.00 44.40 22.20 11.10 0.00 11.10 0.00 0.00 11.10 0.00 0.00 
297 0.00 8.70 0.00 8.70 21.70 39.10 0.00 13.00 4.30 4.30 0.00 
298 0.00 77.80 0.00 11.10 0.00 11.10 0.00 0.00 0.00 0.00 0.00 
299 0.00 0.00 4.30 0.00 0.00 95.70 0.00 0.00 0.00 0.00 0.00 
300 0.00 8.70 0.00 8.70 26.10 34.80 0.00 13.00 4.30 4.30 0.00 
301 0.00 0.00 0.00 4.30 8.70 73.90 0.00 0.00 8.70 0.00 4.30 
302 0.00 44.40 0.00 0.00 11.10 33.30 0.00 0.00 11.10 0.00 0.00 
303 0.00 21.70 0.00 34.80 4.30 34.80 0.00 0.00 0.00 4.30 0.00 
304 0.00 0.00 4.30 0.00 8.70 87.00 0.00 0.00 0.00 0.00 0.00 
305 0.00 0.00 0.00 0.00 52.20 43.50 0.00 0.00 4.30 0.00 0.00 
306 0.00 88.90 0.00 11.10 0.00 0.00 0.00 0.00 0.00 0.00 0.00 
307 0.00 52.20 0.00 26.10 0.00 17.40 0.00 0.00 4.30 0.00 0.00 
308 0.00 0.00 4.30 4.30 4.30 82.60 4.30 0.00 0.00 0.00 0.00 
309 0.00 0.00 0.00 0.00 39.10 56.50 0.00 0.00 4.30 0.00 0.00 
310 0.00 33.30 22.20 0.00 11.10 22.20 0.00 0.00 11.10 0.00 0.00 
311 0.00 34.80 13.00 4.30 4.30 34.80 0.00 4.30 4.30 0.00 0.00 
312 33.30 33.30 0.00 0.00 0.00 0.00 0.00 22.20 0.00 0.00 11.10 
313 0.00 0.00 4.30 0.00 39.10 52.20 0.00 0.00 4.30 0.00 0.00 
314 0.00 44.40 0.00 22.20 0.00 33.30 0.00 0.00 0.00 0.00 0.00 
315 0.00 0.00 4.30 8.70 17.40 65.20 4.30 0.00 0.00 0.00 0.00 
316 0.00 26.10 0.00 21.70 4.30 34.80 0.00 4.30 0.00 4.30 4.30 
317 0.00 30.40 0.00 21.70 4.30 34.80 0.00 0.00 0.00 4.30 4.30 
318 0.00 30.40 0.00 47.80 4.30 17.40 0.00 0.00 0.00 0.00 0.00 
319 0.00 30.40 13.00 8.70 4.30 34.80 0.00 4.30 4.30 0.00 0.00 
320 0.00 33.30 22.20 0.00 11.10 22.20 0.00 0.00 11.10 0.00 0.00 
321 0.00 55.60 11.10 11.10 0.00 0.00 0.00 11.10 11.10 0.00 0.00 
322 0.00 0.00 4.30 0.00 8.70 82.60 4.30 0.00 0.00 0.00 0.00 
323 0.00 4.30 4.30 13.00 13.00 52.20 0.00 0.00 8.70 4.30 0.00 
324 0.00 88.90 0.00 11.10 0.00 0.00 0.00 0.00 0.00 0.00 0.00 
325 4.30 0.00 0.00 26.10 8.70 47.80 0.00 4.30 0.00 4.30 4.30 
326 0.00 34.80 13.00 4.30 4.30 34.80 0.00 4.30 4.30 0.00 0.00 
327 0.00 0.00 4.30 4.30 4.30 73.90 0.00 0.00 8.70 0.00 4.30 
328 0.00 17.40 0.00 34.80 4.30 34.80 0.00 0.00 0.00 4.30 4.30 
329 0.00 88.90 0.00 11.10 0.00 0.00 0.00 0.00 0.00 0.00 0.00 
330 0.00 88.90 0.00 11.10 0.00 0.00 0.00 0.00 0.00 0.00 0.00 
331 0.00 88.90 0.00 11.10 0.00 0.00 0.00 0.00 0.00 0.00 0.00 
332 0.00 0.00 4.30 0.00 4.30 91.30 0.00 0.00 0.00 0.00 0.00 
333 0.00 39.10 4.30 4.30 0.00 30.40 0.00 4.30 8.70 4.30 4.30 
334 0.00 66.70 11.10 11.10 0.00 0.00 0.00 11.10 0.00 0.00 0.00 
335 0.00 55.60 11.10 0.00 0.00 22.20 0.00 11.10 0.00 0.00 0.00 
336 0.00 17.40 4.30 26.10 4.30 34.80 0.00 4.30 4.30 4.30 0.00 
337 0.00 43.50 0.00 8.70 0.00 34.80 0.00 0.00 4.30 4.30 4.30 
338 0.00 8.70 4.30 39.10 30.40 8.70 0.00 4.30 4.30 0.00 0.00 
339 0.00 11.10 22.20 11.10 11.10 22.20 0.00 11.10 11.10 0.00 0.00 
340 17.40 0.00 4.30 13.00 0.00 65.20 0.00 0.00 0.00 0.00 0.00 
341 0.00 0.00 0.00 4.30 4.30 78.30 0.00 0.00 8.70 0.00 4.30 
342 0.00 21.70 0.00 34.80 4.30 34.80 0.00 0.00 0.00 4.30 0.00 
343 0.00 44.40 22.20 11.10 0.00 11.10 0.00 11.10 0.00 0.00 0.00 
344 0.00 66.70 0.00 11.10 0.00 22.20 0.00 0.00 0.00 0.00 0.00 
345 0.00 0.00 0.00 13.00 17.40 69.60 0.00 0.00 0.00 0.00 0.00 
346 0.00 0.00 4.30 4.30 13.00 73.90 4.30 0.00 0.00 0.00 0.00 
347 0.00 44.40 0.00 0.00 0.00 33.30 0.00 11.10 0.00 0.00 11.10 
348 4.30 8.70 4.30 30.40 26.10 4.30 0.00 17.40 4.30 0.00 0.00 
349 0.00 0.00 4.30 4.30 43.50 43.50 0.00 0.00 4.30 0.00 0.00 
350 0.00 66.70 11.10 11.10 0.00 0.00 0.00 0.00 11.10 0.00 0.00 
351 0.00 0.00 4.30 0.00 4.30 87.00 4.30 0.00 0.00 0.00 0.00 
352 0.00 44.40 0.00 11.10 0.00 33.30 0.00 0.00 11.10 0.00 0.00 
353 0.00 44.40 11.10 0.00 0.00 22.20 0.00 11.10 0.00 0.00 11.10 
354 0.00 0.00 0.00 0.00 13.00 87.00 0.00 0.00 0.00 0.00 0.00 
355 0.00 34.80 13.00 8.70 4.30 30.40 0.00 4.30 4.30 0.00 0.00 
356 0.00 39.10 13.00 4.30 4.30 30.40 0.00 4.30 4.30 0.00 0.00 
357 0.00 0.00 0.00 17.40 30.40 47.80 0.00 0.00 4.30 0.00 0.00 
358 0.00 0.00 4.30 0.00 0.00 95.70 0.00 0.00 0.00 0.00 0.00 
359 0.00 0.00 4.30 0.00 17.40 73.90 0.00 0.00 0.00 4.30 0.00 
360 0.00 43.50 0.00 34.80 0.00 17.40 0.00 0.00 4.30 0.00 0.00 
361 0.00 8.70 4.30 34.80 26.10 8.70 0.00 13.00 4.30 0.00 0.00 
362 0.00 4.30 4.30 17.40 21.70 39.10 0.00 0.00 8.70 4.30 0.00 
363 0.00 0.00 4.30 4.30 17.40 69.60 4.30 0.00 0.00 0.00 0.00 
364 0.00 77.80 11.10 0.00 0.00 11.10 0.00 0.00 0.00 0.00 0.00 
365 0.00 0.00 4.30 0.00 8.70 87.00 0.00 0.00 0.00 0.00 0.00 
366 0.00 88.90 0.00 11.10 0.00 0.00 0.00 0.00 0.00 0.00 0.00 
367 0.00 77.80 11.10 11.10 0.00 0.00 0.00 0.00 0.00 0.00 0.00 
368 0.00 0.00 0.00 4.30 8.70 82.60 4.30 0.00 0.00 0.00 0.00 
369 0.00 0.00 0.00 13.00 8.70 78.30 0.00 0.00 0.00 0.00 0.00 
370 0.00 33.30 11.10 11.10 0.00 22.20 0.00 11.10 11.10 0.00 0.00 
371 0.00 77.80 0.00 11.10 0.00 0.00 0.00 0.00 11.10 0.00 0.00 
372 0.00 0.00 0.00 43.50 4.30 52.20 0.00 0.00 0.00 0.00 0.00 
373 0.00 0.00 0.00 0.00 34.80 60.90 0.00 0.00 4.30 0.00 0.00 
374 0.00 30.40 13.00 8.70 4.30 34.80 0.00 4.30 4.30 0.00 0.00 
375 44.40 22.20 0.00 0.00 0.00 0.00 0.00 22.20 0.00 0.00 11.10 
376 0.00 8.70 0.00 8.70 30.40 34.80 0.00 8.70 4.30 4.30 0.00 
377 0.00 0.00 4.30 8.70 8.70 69.60 0.00 0.00 4.30 0.00 4.30 
378 0.00 4.30 4.30 21.70 17.40 43.50 0.00 0.00 4.30 4.30 0.00 
379 0.00 88.90 0.00 11.10 0.00 0.00 0.00 0.00 0.00 0.00 0.00 
380 0.00 55.60 11.10 11.10 0.00 0.00 0.00 11.10 11.10 0.00 0.00 
381 0.00 34.80 13.00 4.30 4.30 34.80 0.00 4.30 4.30 0.00 0.00 
382 0.00 4.30 4.30 17.40 21.70 39.10 0.00 0.00 8.70 4.30 0.00 
383 0.00 0.00 4.30 0.00 8.70 87.00 0.00 0.00 0.00 0.00 0.00 
384 0.00 43.50 0.00 34.80 0.00 13.00 0.00 4.30 4.30 0.00 0.00 
385 55.60 11.10 0.00 0.00 0.00 0.00 0.00 22.20 0.00 0.00 11.10 
386 0.00 66.70 11.10 0.00 0.00 0.00 0.00 11.10 0.00 0.00 11.10 
387 13.00 8.70 8.70 17.40 21.70 17.40 0.00 8.70 4.30 0.00 0.00 
388 4.30 0.00 0.00 26.10 13.00 34.80 0.00 8.70 4.30 4.30 4.30 
389 0.00 77.80 11.10 11.10 0.00 0.00 0.00 0.00 0.00 0.00 0.00 
390 0.00 8.70 4.30 39.10 30.40 8.70 0.00 4.30 4.30 0.00 0.00 
391 0.00 0.00 4.30 0.00 13.00 82.60 0.00 0.00 0.00 0.00 0.00 
392 0.00 66.70 11.10 11.10 0.00 0.00 0.00 11.10 0.00 0.00 0.00 
393 0.00 0.00 4.30 4.30 0.00 91.30 0.00 0.00 0.00 0.00 0.00 
394 0.00 4.30 0.00 0.00 52.20 39.10 0.00 0.00 4.30 0.00 0.00 
395 0.00 44.40 22.20 0.00 0.00 22.20 0.00 0.00 11.10 0.00 0.00 
396 0.00 66.70 11.10 11.10 0.00 0.00 0.00 0.00 11.10 0.00 0.00 
397 11.10 44.40 0.00 0.00 0.00 0.00 0.00 22.20 11.10 0.00 11.10 
398 0.00 66.70 11.10 11.10 0.00 0.00 0.00 11.10 0.00 0.00 0.00 
399 0.00 8.70 0.00 8.70 30.40 26.10 0.00 13.00 8.70 4.30 0.00 
400 0.00 39.10 0.00 13.00 0.00 34.80 0.00 0.00 4.30 4.30 4.30 
401 0.00 88.90 0.00 11.10 0.00 0.00 0.00 0.00 0.00 0.00 0.00 
402 0.00 0.00 4.30 0.00 56.50 34.80 0.00 0.00 4.30 0.00 0.00 
403 0.00 0.00 0.00 4.30 13.00 73.90 4.30 0.00 0.00 4.30 0.00 
404 55.60 0.00 0.00 22.20 0.00 22.20 0.00 0.00 0.00 0.00 0.00 
405 0.00 88.90 0.00 11.10 0.00 0.00 0.00 0.00 0.00 0.00 0.00 
406 0.00 4.30 0.00 0.00 30.40 60.90 0.00 0.00 4.30 0.00 0.00 
407 0.00 39.10 8.70 8.70 4.30 30.40 0.00 4.30 4.30 0.00 0.00 
408 0.00 8.70 0.00 8.70 21.70 34.80 0.00 13.00 4.30 4.30 4.30 
409 0.00 0.00 0.00 13.00 30.40 52.20 0.00 0.00 4.30 0.00 0.00 
410 0.00 0.00 0.00 39.10 17.40 39.10 0.00 0.00 0.00 4.30 0.00 
411 0.00 34.80 13.00 8.70 4.30 30.40 0.00 4.30 4.30 0.00 0.00 
412 4.30 4.30 8.70 30.40 26.10 4.30 0.00 17.40 4.30 0.00 0.00 
413 0.00 0.00 0.00 4.30 43.50 47.80 0.00 0.00 4.30 0.00 0.00 
414 0.00 22.20 22.20 11.10 0.00 22.20 0.00 11.10 11.10 0.00 0.00 
415 4.30 0.00 0.00 26.10 8.70 52.20 0.00 0.00 0.00 4.30 4.30 
416 0.00 0.00 4.30 0.00 17.40 69.60 8.70 0.00 0.00 0.00 0.00 
417 0.00 0.00 4.30 4.30 0.00 91.30 0.00 0.00 0.00 0.00 0.00 
418 0.00 0.00 4.30 0.00 17.40 69.60 0.00 0.00 0.00 8.70 0.00 
419 0.00 26.10 0.00 21.70 4.30 34.80 0.00 0.00 4.30 4.30 4.30 
420 0.00 4.30 0.00 13.00 4.30 69.60 0.00 0.00 4.30 0.00 4.30 
421 0.00 0.00 4.30 4.30 13.00 73.90 0.00 0.00 0.00 4.30 0.00 
422 0.00 0.00 0.00 13.00 39.10 43.50 0.00 0.00 4.30 0.00 0.00 
423 0.00 34.80 13.00 4.30 4.30 34.80 0.00 4.30 4.30 0.00 0.00 
424 33.30 11.10 11.10 22.20 11.10 0.00 0.00 11.10 0.00 0.00 0.00 
425 0.00 0.00 4.30 8.70 4.30 82.60 0.00 0.00 0.00 0.00 0.00 
426 0.00 55.60 0.00 22.20 0.00 22.20 0.00 0.00 0.00 0.00 0.00 
427 0.00 22.20 33.30 11.10 0.00 11.10 0.00 11.10 11.10 0.00 0.00 
428 13.00 8.70 8.70 39.10 17.40 8.70 0.00 4.30 0.00 0.00 0.00 
429 4.30 0.00 0.00 17.40 4.30 60.90 0.00 4.30 0.00 4.30 4.30 
430 0.00 0.00 4.30 0.00 13.00 78.30 0.00 0.00 0.00 4.30 0.00 
431 8.70 21.70 8.70 34.80 17.40 4.30 0.00 4.30 0.00 0.00 0.00 
432 13.00 0.00 4.30 8.70 4.30 69.60 0.00 0.00 0.00 0.00 0.00 
433 0.00 0.00 4.30 0.00 17.40 78.30 0.00 0.00 0.00 0.00 0.00 
434 33.30 22.20 22.20 0.00 0.00 11.10 0.00 11.10 0.00 0.00 0.00 
435 0.00 0.00 0.00 0.00 4.30 95.70 0.00 0.00 0.00 0.00 0.00 
436 0.00 88.90 0.00 11.10 0.00 0.00 0.00 0.00 0.00 0.00 0.00 
437 0.00 0.00 4.30 0.00 13.00 82.60 0.00 0.00 0.00 0.00 0.00 
438 0.00 66.70 0.00 11.10 0.00 22.20 0.00 0.00 0.00 0.00 0.00 
439 4.30 0.00 0.00 26.10 13.00 43.50 0.00 4.30 0.00 4.30 4.30 
440 0.00 0.00 0.00 0.00 34.80 60.90 0.00 0.00 4.30 0.00 0.00 
441 0.00 39.10 8.70 4.30 4.30 34.80 0.00 4.30 4.30 0.00 0.00 
442 4.30 8.70 4.30 30.40 30.40 4.30 0.00 13.00 4.30 0.00 0.00 
443 0.00 0.00 0.00 4.30 17.40 78.30 0.00 0.00 0.00 0.00 0.00 
444 0.00 0.00 4.30 0.00 0.00 95.70 0.00 0.00 0.00 0.00 0.00 
445 0.00 0.00 4.30 4.30 34.80 52.20 0.00 0.00 4.30 0.00 0.00 
446 0.00 30.40 0.00 26.10 4.30 34.80 0.00 0.00 0.00 4.30 0.00 
447 0.00 8.70 0.00 8.70 30.40 30.40 0.00 13.00 4.30 4.30 0.00 
448 0.00 0.00 0.00 8.70 26.10 65.20 0.00 0.00 0.00 0.00 0.00 
449 0.00 4.30 4.30 21.70 17.40 43.50 0.00 0.00 4.30 4.30 0.00 
45 0.00 0.00 8.70 4.30 34.80 47.80 0.00 0.00 4.30 0.00 0.00 
450 0.00 66.70 11.10 0.00 0.00 0.00 0.00 11.10 11.10 0.00 0.00 
451 0.00 30.40 13.00 8.70 4.30 34.80 0.00 4.30 4.30 0.00 0.00 
452 0.00 0.00 4.30 0.00 0.00 91.30 4.30 0.00 0.00 0.00 0.00 
453 0.00 21.70 0.00 26.10 4.30 34.80 0.00 0.00 4.30 4.30 4.30 
454 0.00 0.00 4.30 0.00 0.00 95.70 0.00 0.00 0.00 0.00 0.00 
455 4.30 0.00 0.00 43.50 8.70 39.10 4.30 0.00 0.00 0.00 0.00 
456 4.30 0.00 0.00 26.10 8.70 47.80 0.00 4.30 0.00 4.30 4.30 
457 4.30 0.00 0.00 26.10 8.70 43.50 0.00 8.70 0.00 4.30 4.30 
458 0.00 39.10 8.70 4.30 4.30 34.80 0.00 4.30 4.30 0.00 0.00 
459 0.00 0.00 4.30 4.30 13.00 78.30 0.00 0.00 0.00 0.00 0.00 
46 0.00 88.90 0.00 11.10 0.00 0.00 0.00 0.00 0.00 0.00 0.00 
460 0.00 88.90 0.00 11.10 0.00 0.00 0.00 0.00 0.00 0.00 0.00 
461 0.00 17.40 0.00 30.40 4.30 34.80 0.00 0.00 4.30 4.30 4.30 
462 0.00 0.00 4.30 0.00 17.40 69.60 4.30 0.00 0.00 4.30 0.00 
463 0.00 0.00 0.00 13.00 8.70 78.30 0.00 0.00 0.00 0.00 0.00 
464 0.00 0.00 0.00 8.70 21.70 65.20 4.30 0.00 0.00 0.00 0.00 
465 4.30 0.00 4.30 26.10 8.70 43.50 0.00 4.30 0.00 4.30 4.30 
466 0.00 55.60 0.00 33.30 0.00 11.10 0.00 0.00 0.00 0.00 0.00 
467 0.00 0.00 0.00 0.00 60.90 34.80 0.00 0.00 4.30 0.00 0.00 
468 0.00 0.00 4.30 0.00 4.30 91.30 0.00 0.00 0.00 0.00 0.00 
469 0.00 8.70 0.00 8.70 26.10 30.40 0.00 13.00 8.70 4.30 0.00 
47 0.00 34.80 4.30 17.40 0.00 34.80 0.00 0.00 0.00 4.30 4.30 
470 4.30 0.00 0.00 26.10 8.70 43.50 0.00 8.70 0.00 4.30 4.30 
471 0.00 0.00 4.30 43.50 26.10 21.70 0.00 0.00 0.00 4.30 0.00 
472 0.00 44.40 11.10 22.20 0.00 11.10 0.00 11.10 0.00 0.00 0.00 
473 0.00 44.40 22.20 0.00 11.10 11.10 0.00 0.00 11.10 0.00 0.00 
474 0.00 66.70 0.00 0.00 11.10 11.10 0.00 0.00 11.10 0.00 0.00 
475 0.00 4.30 0.00 34.80 4.30 52.20 0.00 0.00 0.00 4.30 0.00 
476 0.00 55.60 0.00 22.20 0.00 22.20 0.00 0.00 0.00 0.00 0.00 
477 0.00 0.00 4.30 21.70 30.40 39.10 0.00 4.30 0.00 0.00 0.00 
478 0.00 39.10 13.00 4.30 4.30 30.40 0.00 4.30 4.30 0.00 0.00 
479 0.00 4.30 0.00 34.80 26.10 34.80 0.00 0.00 0.00 0.00 0.00 
48 0.00 34.80 13.00 4.30 4.30 34.80 0.00 4.30 4.30 0.00 0.00 
480 0.00 0.00 0.00 4.30 8.70 82.60 4.30 0.00 0.00 0.00 0.00 
481 0.00 66.70 11.10 11.10 0.00 0.00 0.00 0.00 11.10 0.00 0.00 
482 0.00 77.80 0.00 11.10 0.00 0.00 0.00 0.00 11.10 0.00 0.00 
483 0.00 34.80 0.00 21.70 4.30 34.80 0.00 0.00 0.00 4.30 0.00 
484 0.00 8.70 0.00 8.70 21.70 34.80 0.00 13.00 4.30 4.30 4.30 
485 0.00 8.70 0.00 8.70 26.10 34.80 0.00 13.00 4.30 4.30 0.00 
486 0.00 13.00 0.00 43.50 4.30 34.80 0.00 0.00 0.00 4.30 0.00 
487 0.00 0.00 8.70 13.00 34.80 43.50 0.00 0.00 0.00 0.00 0.00 
488 0.00 8.70 0.00 13.00 21.70 30.40 0.00 13.00 4.30 4.30 4.30 
489 0.00 0.00 0.00 4.30 4.30 87.00 4.30 0.00 0.00 0.00 0.00 
49 4.30 0.00 0.00 26.10 13.00 43.50 0.00 4.30 0.00 4.30 4.30 
490 0.00 52.20 13.00 8.70 4.30 13.00 0.00 4.30 4.30 0.00 0.00 
491 0.00 77.80 0.00 0.00 0.00 22.20 0.00 0.00 0.00 0.00 0.00 
492 0.00 0.00 0.00 0.00 47.80 47.80 0.00 0.00 4.30 0.00 0.00 
493 0.00 0.00 4.30 34.80 30.40 30.40 0.00 0.00 0.00 0.00 0.00 
494 0.00 66.70 11.10 11.10 0.00 0.00 0.00 11.10 0.00 0.00 0.00 
495 0.00 66.70 11.10 11.10 0.00 0.00 0.00 11.10 0.00 0.00 0.00 
496 0.00 0.00 4.30 0.00 17.40 73.90 0.00 0.00 0.00 4.30 0.00 
497 0.00 77.80 11.10 0.00 0.00 0.00 0.00 11.10 0.00 0.00 0.00 
498 0.00 0.00 0.00 17.40 30.40 43.50 0.00 0.00 8.70 0.00 0.00 
499 0.00 22.20 22.20 11.10 0.00 22.20 0.00 11.10 11.10 0.00 0.00 
50 0.00 8.70 4.30 39.10 26.10 17.40 0.00 4.30 0.00 0.00 0.00 
500 0.00 77.80 11.10 11.10 0.00 0.00 0.00 0.00 0.00 0.00 0.00 
501 4.30 0.00 0.00 30.40 8.70 43.50 0.00 4.30 0.00 4.30 4.30 
502 0.00 11.10 22.20 11.10 11.10 22.20 0.00 11.10 11.10 0.00 0.00 
503 0.00 30.40 13.00 8.70 4.30 34.80 0.00 4.30 4.30 0.00 0.00 
504 0.00 0.00 4.30 0.00 8.70 87.00 0.00 0.00 0.00 0.00 0.00 
505 0.00 44.40 22.20 0.00 0.00 22.20 0.00 0.00 11.10 0.00 0.00 
506 0.00 0.00 0.00 17.40 34.80 47.80 0.00 0.00 0.00 0.00 0.00 
507 0.00 8.70 0.00 8.70 26.10 39.10 0.00 13.00 4.30 0.00 0.00 
508 0.00 44.40 22.20 11.10 0.00 11.10 0.00 0.00 11.10 0.00 0.00 
509 0.00 0.00 0.00 13.00 56.50 26.10 0.00 0.00 4.30 0.00 0.00 
51 0.00 0.00 0.00 0.00 30.40 60.90 0.00 0.00 8.70 0.00 0.00 
510 0.00 55.60 0.00 11.10 0.00 33.30 0.00 0.00 0.00 0.00 0.00 
511 0.00 0.00 0.00 0.00 0.00 100.00 0.00 0.00 0.00 0.00 0.00 
512 0.00 4.30 4.30 17.40 21.70 39.10 0.00 0.00 8.70 4.30 0.00 
513 0.00 4.30 4.30 39.10 26.10 21.70 0.00 4.30 0.00 0.00 0.00 
514 0.00 77.80 0.00 11.10 0.00 0.00 0.00 0.00 11.10 0.00 0.00 
515 0.00 4.30 0.00 4.30 0.00 87.00 0.00 0.00 0.00 4.30 0.00 
516 4.30 8.70 4.30 13.00 34.80 30.40 0.00 4.30 0.00 0.00 0.00 
517 0.00 0.00 4.30 0.00 17.40 73.90 0.00 0.00 0.00 4.30 0.00 
518 0.00 0.00 0.00 8.70 4.30 69.60 0.00 0.00 8.70 4.30 4.30 
519 0.00 55.60 22.20 11.10 0.00 0.00 0.00 0.00 11.10 0.00 0.00 
52 0.00 26.10 4.30 8.70 4.30 39.10 0.00 4.30 0.00 8.70 4.30 
520 0.00 77.80 0.00 11.10 0.00 11.10 0.00 0.00 0.00 0.00 0.00 
521 0.00 34.80 0.00 39.10 0.00 17.40 0.00 0.00 4.30 0.00 4.30 
522 0.00 0.00 0.00 0.00 17.40 82.60 0.00 0.00 0.00 0.00 0.00 
523 0.00 44.40 0.00 22.20 0.00 33.30 0.00 0.00 0.00 0.00 0.00 
524 0.00 55.60 0.00 11.10 11.10 22.20 0.00 0.00 0.00 0.00 0.00 
525 0.00 0.00 0.00 13.00 0.00 87.00 0.00 0.00 0.00 0.00 0.00 
526 0.00 0.00 4.30 17.40 34.80 43.50 0.00 0.00 0.00 0.00 0.00 
527 0.00 8.70 4.30 39.10 26.10 4.30 0.00 13.00 4.30 0.00 0.00 
528 0.00 0.00 0.00 0.00 56.50 39.10 0.00 0.00 4.30 0.00 0.00 
529 0.00 0.00 0.00 17.40 13.00 69.60 0.00 0.00 0.00 0.00 0.00 
53 0.00 30.40 4.30 13.00 0.00 34.80 0.00 4.30 4.30 4.30 4.30 
530 0.00 0.00 4.30 0.00 21.70 73.90 0.00 0.00 0.00 0.00 0.00 
531 0.00 55.60 0.00 22.20 0.00 22.20 0.00 0.00 0.00 0.00 0.00 
532 0.00 8.70 0.00 8.70 21.70 39.10 0.00 13.00 4.30 4.30 0.00 
533 0.00 77.80 0.00 11.10 0.00 11.10 0.00 0.00 0.00 0.00 0.00 
534 0.00 4.30 0.00 0.00 60.90 30.40 0.00 0.00 4.30 0.00 0.00 
535 0.00 0.00 4.30 4.30 4.30 87.00 0.00 0.00 0.00 0.00 0.00 
536 4.30 0.00 0.00 30.40 8.70 43.50 0.00 4.30 0.00 4.30 4.30 
537 0.00 34.80 13.00 8.70 4.30 30.40 0.00 4.30 4.30 0.00 0.00 
538 0.00 4.30 0.00 0.00 56.50 34.80 0.00 0.00 4.30 0.00 0.00 
539 0.00 44.40 22.20 0.00 0.00 11.10 0.00 11.10 11.10 0.00 0.00 
54 0.00 34.80 13.00 4.30 4.30 34.80 0.00 4.30 4.30 0.00 0.00 
540 0.00 0.00 4.30 8.70 13.00 69.60 4.30 0.00 0.00 0.00 0.00 
541 0.00 8.70 0.00 17.40 21.70 26.10 0.00 17.40 4.30 4.30 0.00 
542 0.00 0.00 4.30 34.80 26.10 34.80 0.00 0.00 0.00 0.00 0.00 
543 0.00 22.20 33.30 0.00 11.10 11.10 0.00 11.10 11.10 0.00 0.00 
544 0.00 0.00 4.30 0.00 8.70 87.00 0.00 0.00 0.00 0.00 0.00 
545 0.00 77.80 11.10 0.00 0.00 11.10 0.00 0.00 0.00 0.00 0.00 
546 0.00 4.30 8.70 43.50 30.40 4.30 0.00 8.70 0.00 0.00 0.00 
547 4.30 0.00 4.30 13.00 13.00 65.20 0.00 0.00 0.00 0.00 0.00 
548 0.00 0.00 4.30 13.00 30.40 43.50 0.00 0.00 8.70 0.00 0.00 
549 0.00 0.00 4.30 4.30 17.40 69.60 4.30 0.00 0.00 0.00 0.00 
55 0.00 66.70 11.10 11.10 0.00 0.00 0.00 11.10 0.00 0.00 0.00 
550 0.00 66.70 11.10 11.10 0.00 0.00 0.00 0.00 11.10 0.00 0.00 
551 0.00 8.70 0.00 8.70 26.10 34.80 0.00 13.00 4.30 4.30 0.00 
552 4.30 0.00 4.30 0.00 56.50 30.40 0.00 0.00 4.30 0.00 0.00 
553 0.00 0.00 0.00 0.00 13.00 78.30 4.30 0.00 0.00 4.30 0.00 
554 0.00 0.00 0.00 21.70 8.70 52.20 0.00 0.00 8.70 4.30 4.30 
555 0.00 0.00 0.00 11.10 11.10 11.10 0.00 0.00 0.00 66.70 0.00 
556 0.00 66.70 11.10 11.10 11.10 0.00 0.00 0.00 0.00 0.00 0.00 
557 0.00 0.00 4.30 0.00 13.00 78.30 4.30 0.00 0.00 0.00 0.00 
558 0.00 66.70 0.00 0.00 0.00 11.10 0.00 0.00 11.10 0.00 11.10 
559 0.00 0.00 0.00 0.00 0.00 100.00 0.00 0.00 0.00 0.00 0.00 
56 0.00 0.00 4.30 0.00 13.00 82.60 0.00 0.00 0.00 0.00 0.00 
560 0.00 4.30 0.00 0.00 56.50 34.80 0.00 0.00 4.30 0.00 0.00 
561 0.00 88.90 0.00 11.10 0.00 0.00 0.00 0.00 0.00 0.00 0.00 
562 0.00 8.70 0.00 8.70 30.40 30.40 0.00 13.00 4.30 4.30 0.00 
563 4.30 8.70 4.30 30.40 26.10 4.30 0.00 17.40 4.30 0.00 0.00 
564 0.00 8.70 0.00 8.70 21.70 30.40 0.00 13.00 8.70 8.70 0.00 
565 0.00 0.00 4.30 4.30 8.70 82.60 0.00 0.00 0.00 0.00 0.00 
566 0.00 0.00 4.30 0.00 34.80 52.20 0.00 0.00 8.70 0.00 0.00 
567 0.00 77.80 0.00 11.10 0.00 0.00 0.00 0.00 11.10 0.00 0.00 
568 0.00 0.00 0.00 4.30 4.30 91.30 0.00 0.00 0.00 0.00 0.00 
569 0.00 0.00 0.00 8.70 0.00 91.30 0.00 0.00 0.00 0.00 0.00 
57 0.00 55.60 11.10 11.10 11.10 0.00 0.00 0.00 11.10 0.00 0.00 
570 0.00 0.00 4.30 0.00 13.00 82.60 0.00 0.00 0.00 0.00 0.00 
571 0.00 0.00 0.00 4.30 8.70 87.00 0.00 0.00 0.00 0.00 0.00 
572 0.00 13.00 0.00 39.10 4.30 34.80 0.00 0.00 0.00 4.30 4.30 
573 0.00 0.00 0.00 4.30 56.50 34.80 0.00 0.00 4.30 0.00 0.00 
574 0.00 66.70 11.10 11.10 0.00 0.00 0.00 0.00 11.10 0.00 0.00 
575 0.00 66.70 11.10 0.00 0.00 0.00 0.00 11.10 11.10 0.00 0.00 
576 0.00 0.00 0.00 4.30 8.70 82.60 4.30 0.00 0.00 0.00 0.00 
577 4.30 0.00 0.00 26.10 8.70 47.80 0.00 4.30 0.00 4.30 4.30 
578 0.00 44.40 11.10 11.10 11.10 22.20 0.00 0.00 0.00 0.00 0.00 
579 0.00 66.70 11.10 0.00 0.00 0.00 0.00 11.10 0.00 0.00 11.10 
58 0.00 34.80 13.00 4.30 4.30 34.80 0.00 4.30 4.30 0.00 0.00 
580 4.30 0.00 0.00 26.10 0.00 56.50 0.00 0.00 0.00 4.30 8.70 
581 4.30 0.00 4.30 26.10 8.70 43.50 0.00 4.30 0.00 4.30 4.30 
582 0.00 33.30 22.20 11.10 11.10 11.10 0.00 0.00 11.10 0.00 0.00 
583 22.20 44.40 0.00 0.00 0.00 0.00 0.00 22.20 0.00 0.00 11.10 
584 0.00 0.00 0.00 4.30 21.70 65.20 4.30 0.00 0.00 4.30 0.00 
585 0.00 66.70 11.10 0.00 0.00 0.00 0.00 11.10 11.10 0.00 0.00 
586 0.00 55.60 11.10 0.00 0.00 11.10 0.00 11.10 11.10 0.00 0.00 
587 0.00 0.00 4.30 8.70 43.50 43.50 0.00 0.00 0.00 0.00 0.00 
588 0.00 88.90 0.00 11.10 0.00 0.00 0.00 0.00 0.00 0.00 0.00 
589 0.00 4.30 0.00 47.80 21.70 26.10 0.00 0.00 0.00 0.00 0.00 
59 0.00 88.90 0.00 11.10 0.00 0.00 0.00 0.00 0.00 0.00 0.00 
590 0.00 44.40 22.20 0.00 0.00 11.10 0.00 11.10 11.10 0.00 0.00 
591 0.00 8.70 0.00 8.70 26.10 30.40 0.00 13.00 8.70 4.30 0.00 
592 4.30 4.30 0.00 21.70 8.70 47.80 0.00 4.30 0.00 4.30 4.30 
593 0.00 77.80 11.10 0.00 0.00 11.10 0.00 0.00 0.00 0.00 0.00 
594 0.00 4.30 0.00 0.00 47.80 43.50 0.00 0.00 4.30 0.00 0.00 
595 0.00 55.60 0.00 22.20 0.00 11.10 0.00 0.00 11.10 0.00 0.00 
596 0.00 0.00 4.30 0.00 0.00 95.70 0.00 0.00 0.00 0.00 0.00 
597 0.00 52.20 0.00 26.10 0.00 17.40 0.00 0.00 4.30 0.00 0.00 
598 0.00 0.00 0.00 69.60 13.00 13.00 0.00 0.00 0.00 4.30 0.00 
599 0.00 0.00 4.30 0.00 17.40 73.90 0.00 0.00 0.00 4.30 0.00 
60 0.00 66.70 11.10 11.10 0.00 0.00 0.00 0.00 11.10 0.00 0.00 
600 0.00 77.80 0.00 11.10 0.00 0.00 0.00 0.00 11.10 0.00 0.00 
601 0.00 30.40 13.00 8.70 4.30 34.80 0.00 4.30 4.30 0.00 0.00 
602 0.00 0.00 4.30 0.00 4.30 91.30 0.00 0.00 0.00 0.00 0.00 
603 0.00 0.00 4.30 0.00 4.30 91.30 0.00 0.00 0.00 0.00 0.00 
604 0.00 77.80 0.00 0.00 0.00 11.10 0.00 0.00 11.10 0.00 0.00 
605 0.00 44.40 22.20 11.10 0.00 0.00 0.00 11.10 11.10 0.00 0.00 
606 0.00 0.00 4.30 13.00 8.70 65.20 0.00 0.00 4.30 0.00 4.30 
607 0.00 0.00 0.00 21.70 4.30 73.90 0.00 0.00 0.00 0.00 0.00 
608 22.20 44.40 0.00 0.00 0.00 0.00 0.00 22.20 0.00 0.00 11.10 
609 0.00 77.80 11.10 0.00 0.00 0.00 0.00 11.10 0.00 0.00 0.00 
61 0.00 34.80 13.00 4.30 4.30 34.80 0.00 4.30 4.30 0.00 0.00 
610 0.00 47.80 0.00 34.80 0.00 17.40 0.00 0.00 0.00 0.00 0.00 
611 4.30 0.00 0.00 30.40 8.70 39.10 0.00 4.30 4.30 4.30 4.30 
612 0.00 0.00 0.00 0.00 17.40 82.60 0.00 0.00 0.00 0.00 0.00 
613 0.00 55.60 0.00 0.00 0.00 33.30 0.00 0.00 11.10 0.00 0.00 
614 0.00 0.00 0.00 0.00 8.70 87.00 0.00 0.00 0.00 4.30 0.00 
615 0.00 55.60 11.10 0.00 0.00 11.10 0.00 11.10 11.10 0.00 0.00 
616 0.00 39.10 13.00 4.30 4.30 30.40 0.00 4.30 4.30 0.00 0.00 
617 0.00 88.90 0.00 11.10 0.00 0.00 0.00 0.00 0.00 0.00 0.00 
618 0.00 0.00 0.00 0.00 8.70 91.30 0.00 0.00 0.00 0.00 0.00 
619 11.10 44.40 0.00 0.00 0.00 0.00 0.00 22.20 11.10 0.00 11.10 
62 0.00 4.30 4.30 17.40 21.70 43.50 0.00 0.00 4.30 4.30 0.00 
620 0.00 0.00 0.00 13.00 13.00 73.90 0.00 0.00 0.00 0.00 0.00 
621 0.00 0.00 0.00 17.40 13.00 60.90 4.30 0.00 0.00 4.30 0.00 
622 0.00 66.70 0.00 11.10 0.00 11.10 0.00 0.00 11.10 0.00 0.00 
623 4.30 8.70 4.30 39.10 21.70 4.30 0.00 13.00 4.30 0.00 0.00 
624 0.00 0.00 0.00 4.30 0.00 95.70 0.00 0.00 0.00 0.00 0.00 
625 0.00 0.00 0.00 17.40 34.80 47.80 0.00 0.00 0.00 0.00 0.00 
626 0.00 77.80 0.00 11.10 0.00 0.00 0.00 0.00 11.10 0.00 0.00 
627 0.00 0.00 4.30 8.70 52.20 30.40 0.00 0.00 0.00 4.30 0.00 
628 0.00 8.70 0.00 8.70 26.10 30.40 0.00 13.00 8.70 4.30 0.00 
629 0.00 77.80 0.00 0.00 0.00 11.10 0.00 0.00 11.10 0.00 0.00 
63 0.00 0.00 0.00 13.00 4.30 82.60 0.00 0.00 0.00 0.00 0.00 
630 0.00 11.10 33.30 11.10 0.00 22.20 0.00 11.10 11.10 0.00 0.00 
631 0.00 66.70 11.10 11.10 0.00 0.00 0.00 11.10 0.00 0.00 0.00 
632 0.00 0.00 0.00 4.30 60.90 30.40 0.00 0.00 4.30 0.00 0.00 
633 0.00 34.80 13.00 4.30 4.30 34.80 0.00 4.30 4.30 0.00 0.00 
634 0.00 0.00 0.00 17.40 39.10 39.10 0.00 0.00 4.30 0.00 0.00 
635 0.00 33.30 0.00 22.20 0.00 33.30 0.00 0.00 11.10 0.00 0.00 
636 0.00 0.00 0.00 0.00 13.00 87.00 0.00 0.00 0.00 0.00 0.00 
637 0.00 30.40 0.00 39.10 4.30 17.40 0.00 4.30 4.30 0.00 0.00 
638 0.00 0.00 0.00 13.00 4.30 73.90 0.00 0.00 4.30 0.00 4.30 
639 0.00 88.90 0.00 11.10 0.00 0.00 0.00 0.00 0.00 0.00 0.00 
64 0.00 66.70 11.10 0.00 0.00 0.00 0.00 11.10 0.00 0.00 11.10 
640 4.30 0.00 0.00 30.40 8.70 39.10 0.00 8.70 0.00 4.30 4.30 
641 0.00 88.90 11.10 0.00 0.00 0.00 0.00 0.00 0.00 0.00 0.00 
642 0.00 0.00 0.00 0.00 21.70 78.30 0.00 0.00 0.00 0.00 0.00 
643 0.00 0.00 4.30 8.70 34.80 47.80 0.00 0.00 4.30 0.00 0.00 
644 0.00 55.60 11.10 11.10 0.00 0.00 0.00 11.10 11.10 0.00 0.00 
645 0.00 0.00 4.30 60.90 13.00 17.40 0.00 0.00 0.00 4.30 0.00 
646 0.00 33.30 22.20 11.10 0.00 11.10 0.00 11.10 11.10 0.00 0.00 
647 0.00 66.70 11.10 11.10 0.00 0.00 0.00 0.00 11.10 0.00 0.00 
648 0.00 44.40 0.00 22.20 0.00 33.30 0.00 0.00 0.00 0.00 0.00 
649 0.00 4.30 4.30 21.70 17.40 39.10 0.00 0.00 8.70 4.30 0.00 
65 0.00 33.30 22.20 0.00 11.10 22.20 0.00 0.00 11.10 0.00 0.00 
650 0.00 55.60 11.10 11.10 0.00 11.10 0.00 0.00 11.10 0.00 0.00 
651 0.00 88.90 0.00 11.10 0.00 0.00 0.00 0.00 0.00 0.00 0.00 
652 0.00 0.00 0.00 4.30 52.20 39.10 0.00 0.00 4.30 0.00 0.00 
653 0.00 55.60 11.10 11.10 0.00 0.00 0.00 11.10 11.10 0.00 0.00 
654 0.00 33.30 0.00 33.30 0.00 11.10 0.00 11.10 11.10 0.00 0.00 
655 4.30 8.70 4.30 43.50 26.10 0.00 0.00 8.70 4.30 0.00 0.00 
656 0.00 8.70 0.00 8.70 30.40 26.10 0.00 13.00 8.70 4.30 0.00 
657 0.00 0.00 4.30 13.00 17.40 60.90 0.00 0.00 4.30 0.00 0.00 
658 0.00 44.40 0.00 0.00 0.00 33.30 0.00 0.00 0.00 11.10 11.10 
659 0.00 0.00 0.00 4.30 8.70 87.00 0.00 0.00 0.00 0.00 0.00 
66 0.00 66.70 11.10 11.10 0.00 0.00 0.00 11.10 0.00 0.00 0.00 
660 0.00 4.30 4.30 17.40 21.70 39.10 0.00 0.00 8.70 4.30 0.00 
661 4.30 8.70 4.30 30.40 26.10 4.30 0.00 17.40 4.30 0.00 0.00 
662 0.00 0.00 0.00 4.30 65.20 26.10 0.00 0.00 4.30 0.00 0.00 
663 0.00 66.70 11.10 11.10 0.00 0.00 0.00 0.00 11.10 0.00 0.00 
664 0.00 66.70 0.00 22.20 0.00 11.10 0.00 0.00 0.00 0.00 0.00 
665 4.30 8.70 0.00 8.70 21.70 34.80 0.00 13.00 4.30 4.30 0.00 
666 0.00 4.30 0.00 17.40 21.70 34.80 0.00 8.70 4.30 4.30 4.30 
67 4.30 0.00 4.30 26.10 8.70 43.50 0.00 4.30 0.00 4.30 4.30 
68 0.00 55.60 0.00 0.00 0.00 44.40 0.00 0.00 0.00 0.00 0.00 
69 0.00 8.70 0.00 8.70 26.10 34.80 0.00 13.00 4.30 4.30 0.00 
70 4.30 0.00 4.30 26.10 13.00 43.50 0.00 0.00 0.00 4.30 4.30 
71 0.00 44.40 0.00 0.00 0.00 44.40 0.00 0.00 0.00 0.00 11.10 
72 0.00 47.80 0.00 8.70 0.00 34.80 0.00 0.00 0.00 4.30 4.30 
73 0.00 66.70 0.00 11.10 0.00 22.20 0.00 0.00 0.00 0.00 0.00 
74 0.00 66.70 0.00 0.00 0.00 33.30 0.00 0.00 0.00 0.00 0.00 
75 0.00 30.40 13.00 8.70 4.30 34.80 0.00 4.30 4.30 0.00 0.00 
76 0.00 0.00 4.30 4.30 4.30 73.90 0.00 0.00 8.70 0.00 4.30 
77 4.30 8.70 8.70 26.10 26.10 4.30 0.00 17.40 4.30 0.00 0.00 
78 0.00 0.00 4.30 8.70 4.30 78.30 4.30 0.00 0.00 0.00 0.00 
79 0.00 4.30 4.30 17.40 17.40 43.50 0.00 0.00 8.70 4.30 0.00 
80 0.00 88.90 0.00 11.10 0.00 0.00 0.00 0.00 0.00 0.00 0.00 
81 0.00 0.00 0.00 8.70 8.70 69.60 0.00 0.00 8.70 0.00 4.30 
82 0.00 4.30 4.30 13.00 8.70 47.80 0.00 4.30 8.70 4.30 4.30 
83 0.00 0.00 0.00 0.00 17.40 82.60 0.00 0.00 0.00 0.00 0.00 
84 0.00 88.90 0.00 11.10 0.00 0.00 0.00 0.00 0.00 0.00 0.00 
85 0.00 55.60 0.00 0.00 0.00 44.40 0.00 0.00 0.00 0.00 0.00 
86 0.00 66.70 0.00 0.00 0.00 33.30 0.00 0.00 0.00 0.00 0.00 
87 0.00 8.70 0.00 8.70 21.70 39.10 0.00 8.70 4.30 4.30 4.30 
88 0.00 34.80 8.70 8.70 4.30 34.80 0.00 4.30 4.30 0.00 0.00 
89 0.00 66.70 11.10 11.10 11.10 0.00 0.00 0.00 0.00 0.00 0.00 
90 0.00 0.00 4.30 0.00 13.00 78.30 4.30 0.00 0.00 0.00 0.00 
91 0.00 0.00 0.00 13.00 8.70 60.90 0.00 0.00 8.70 4.30 4.30 
92 0.00 52.20 13.00 8.70 4.30 13.00 0.00 4.30 4.30 0.00 0.00 
93 0.00 0.00 0.00 4.30 4.30 82.60 0.00 0.00 4.30 0.00 4.30 
94 0.00 47.80 4.30 8.70 0.00 17.40 0.00 4.30 13.00 0.00 4.30 
95 0.00 0.00 4.30 8.70 0.00 87.00 0.00 0.00 0.00 0.00 0.00 
96 0.00 55.60 11.10 11.10 0.00 0.00 0.00 11.10 11.10 0.00 0.00 
97 0.00 44.40 0.00 11.10 0.00 33.30 0.00 11.10 0.00 0.00 0.00 
98 0.00 77.80 11.10 0.00 0.00 11.10 0.00 0.00 0.00 0.00 0.00 
99 0.00 44.40 11.10 0.00 11.10 33.30 0.00 0.00 0.00 0.00 0.00 
