100 0.015 0.013 0.015 0.010 0.010 
101 0.014 0.012 0.010 0.015 0.013 
102 0.020 0.014 0.010 0.012 0.011 
103 0.011 0.012 0.010 0.010 0.009 
104 0.013 0.011 0.012 0.008 0.005 
105 0.003 0.004 0.005 0.004 0.007 
106 0.008 0.013 0.012 0.010 0.010 
107 0.004 0.004 0.006 0.005 0.009 
108 0.011 0.016 0.010 0.013 0.009 
109 0.000 0.018 0.026 0.019 0.022 
110 0.013 0.014 0.018 0.006 0.010 
111 0.009 0.008 0.010 0.009 0.010 
112 0.001 0.007 0.012 0.010 0.005 
113 0.011 0.017 0.004 0.004 0.008 
114 0.009 0.011 0.011 0.011 0.011 
115 0.016 0.017 0.022 0.017 0.022 
116 0.015 0.014 0.014 0.016 0.013 
117 0.007 0.010 0.008 0.005 0.005 
118 0.013 0.007 0.009 0.000 0.004 
119 0.009 0.003 0.003 0.002 0.019 
120 0.010 0.013 0.014 0.022 0.008 
121 0.004 0.004 0.003 0.003 0.016 
122 0.009 0.006 0.003 0.001 0.000 
123 0.012 0.014 0.019 0.019 0.013 
124 0.010 0.011 0.012 0.014 0.007 
125 0.000 0.008 0.025 0.012 0.020 
126 0.029 0.003 0.011 0.017 0.016 
127 0.018 0.030 0.010 0.010 0.012 
128 0.014 0.012 0.011 0.011 0.015 
129 0.015 0.013 0.013 0.013 0.001 
130 0.014 0.014 0.012 0.010 0.016 
131 0.008 0.002 0.010 0.013 0.017 
132 0.010 0.012 0.012 0.010 0.012 
133 0.009 0.020 0.015 0.014 0.014 
134 0.013 0.009 0.016 0.007 0.009 
135 0.008 0.009 0.012 0.013 0.010 
136 0.009 0.009 0.010 0.005 0.004 
137 0.014 0.012 0.012 0.016 0.012 
138 0.007 0.006 0.013 0.014 0.015 
139 0.000 0.001 0.037 0.033 0.011 
140 0.000 0.000 0.000 0.000 0.000 
141 0.015 0.014 0.011 0.011 0.015 
142 0.005 0.009 0.012 0.014 0.014 
143 0.014 0.019 0.013 0.019 0.013 
144 0.014 0.008 0.005 0.006 0.007 
145 0.006 0.006 0.005 0.008 0.008 
146 0.013 0.012 0.016 0.011 0.011 
147 0.013 0.013 0.013 0.013 0.011 
148 0.007 0.010 0.007 0.009 0.017 
149 0.006 0.009 0.013 0.017 0.016 
150 0.012 0.006 0.005 0.003 0.005 
151 0.009 0.010 0.008 0.009 0.011 
152 0.009 0.006 0.005 0.009 0.005 
153 0.012 0.013 0.011 0.014 0.020 
154 0.010 0.008 0.009 0.016 0.020 
155 0.012 0.020 0.015 0.011 0.011 
156 0.014 0.016 0.011 0.015 0.017 
157 0.009 0.014 0.012 0.011 0.009 
158 0.013 0.011 0.012 0.020 0.016 
159 0.014 0.016 0.016 0.015 0.016 
160 0.017 0.007 0.004 0.044 0.002 
161 0.014 0.013 0.018 0.011 0.009 
162 0.013 0.010 0.012 0.014 0.009 
163 0.015 0.009 0.011 0.014 0.014 
164 0.012 0.014 0.013 0.006 0.016 
165 0.013 0.017 0.014 0.011 0.011 
166 0.001 0.002 0.002 0.001 0.001 
167 0.013 0.008 0.010 0.008 0.010 
168 0.009 0.012 0.010 0.010 0.017 
169 0.006 0.018 0.025 0.055 0.009 
170 0.016 0.015 0.017 0.006 0.012 
171 0.009 0.010 0.007 0.008 0.005 
172 0.010 0.007 0.008 0.009 0.020 
173 0.008 0.010 0.018 0.014 0.013 
174 0.008 0.012 0.014 0.011 0.008 
175 0.007 0.011 0.006 0.005 0.026 
176 0.014 0.012 0.013 0.012 0.014 
177 0.011 0.011 0.009 0.009 0.016 
178 0.012 0.013 0.009 0.020 0.017 
179 0.012 0.019 0.012 0.010 0.013 
180 0.016 0.017 0.013 0.018 0.012 
181 0.000 0.000 0.000 0.002 0.002 
182 0.014 0.014 0.014 0.008 0.000 
183 0.015 0.009 0.010 0.015 0.021 
184 0.033 0.007 0.008 0.013 0.010 
185 0.012 0.008 0.010 0.006 0.007 
186 0.007 0.014 0.014 0.008 0.008 
187 0.017 0.010 0.015 0.009 0.011 
188 0.013 0.014 0.012 0.010 0.012 
189 0.008 0.005 0.011 0.008 0.011 
190 0.017 0.013 0.019 0.011 0.009 
191 0.017 0.015 0.016 0.010 0.019 
192 0.010 0.011 0.012 0.011 0.010 
193 0.009 0.016 0.015 0.011 0.009 
194 0.014 0.008 0.014 0.029 0.003 
195 0.012 0.014 0.014 0.014 0.016 
196 0.015 0.014 0.013 0.011 0.010 
197 0.003 0.011 0.009 0.014 0.006 
198 0.003 0.016 0.017 0.018 0.013 
199 0.003 0.002 0.005 0.010 0.012 
200 0.014 0.012 0.015 0.015 0.013 
201 0.015 0.016 0.017 0.018 0.058 
202 0.018 0.012 0.011 0.009 0.016 
203 0.017 0.016 0.016 0.012 0.025 
204 0.018 0.020 0.021 0.006 0.010 
205 0.008 0.017 0.008 0.018 0.026 
206 0.000 0.015 0.006 0.010 0.003 
207 0.009 0.014 0.018 0.012 0.017 
208 0.012 0.011 0.018 0.012 0.011 
209 0.018 0.012 0.011 0.014 0.014 
210 0.024 0.021 0.016 0.013 0.020 
211 0.011 0.009 0.011 0.008 0.005 
212 0.011 0.011 0.009 0.010 0.007 
213 0.016 0.015 0.013 0.013 0.013 
214 0.009 0.011 0.005 0.017 0.013 
215 0.027 0.022 0.008 0.011 0.010 
216 0.010 0.011 0.008 0.015 0.014 
217 0.003 0.006 0.000 0.010 0.017 
218 0.007 0.007 0.010 0.014 0.013 
219 0.014 0.005 0.030 0.014 0.012 
220 0.005 0.009 0.008 0.019 0.019 
221 0.020 0.011 0.012 0.015 0.024 
222 0.011 0.010 0.009 0.009 0.007 
223 0.007 0.005 0.005 0.009 0.009 
224 0.000 0.000 0.000 0.000 0.000 
225 0.019 0.016 0.008 0.009 0.013 
226 0.016 0.007 0.003 0.005 0.026 
227 0.005 0.003 0.004 0.009 0.012 
228 0.009 0.012 0.009 0.008 0.008 
229 0.012 0.015 0.014 0.016 0.006 
230 0.006 0.008 0.010 0.007 0.005 
231 0.007 0.009 0.016 0.017 0.010 
232 0.011 0.011 0.010 0.012 0.014 
233 0.058 0.016 0.009 0.025 0.011 
234 0.008 0.005 0.005 0.007 0.007 
235 0.010 0.014 0.013 0.011 0.015 
236 0.014 0.014 0.014 0.018 0.015 
237 0.010 0.012 0.014 0.010 0.023 
238 0.029 0.029 0.023 0.015 0.019 
239 0.010 0.014 0.022 0.011 0.014 
240 0.000 0.000 0.000 0.000 0.000 
241 0.003 0.003 0.003 0.007 0.000 
242 0.017 0.010 0.005 0.003 0.000 
243 0.006 0.005 0.004 0.008 0.017 
244 0.013 0.023 0.019 0.016 0.021 
245 0.006 0.015 0.017 0.015 0.008 
246 0.011 0.012 0.011 0.016 0.011 
247 0.008 0.000 0.003 0.016 0.012 
248 0.008 0.007 0.007 0.005 0.007 
249 0.006 0.014 0.009 0.011 0.008 
250 0.011 0.011 0.003 0.000 0.005 
251 0.014 0.019 0.017 0.016 0.010 
252 0.008 0.011 0.007 0.003 0.009 
253 0.009 0.011 0.013 0.025 0.013 
254 0.018 0.019 0.008 0.005 0.015 
255 0.006 0.004 0.009 0.011 0.009 
256 0.012 0.038 0.015 0.007 0.013 
257 0.012 0.014 0.015 0.008 0.004 
258 0.008 0.007 0.007 0.007 0.009 
259 0.007 0.009 0.010 0.009 0.009 
260 0.012 0.011 0.012 0.009 0.008 
261 0.011 0.009 0.017 0.008 0.010 
262 0.002 0.008 0.003 0.010 0.005 
263 0.008 0.007 0.009 0.023 0.008 
264 0.011 0.010 0.033 0.009 0.010 
265 0.001 0.007 0.007 0.001 0.008 
266 0.013 0.010 0.010 0.011 0.008 
267 0.027 0.015 0.019 0.017 0.020 
268 0.010 0.006 0.010 0.009 0.010 
269 0.002 0.002 0.002 0.002 0.001 
270 0.015 0.015 0.014 0.011 0.011 
271 0.011 0.013 0.017 0.008 0.007 
272 0.014 0.012 0.010 0.012 0.012 
273 0.012 0.010 0.017 0.022 0.014 
274 0.006 0.012 0.006 0.005 0.012 
275 0.025 0.003 0.003 0.014 0.021 
276 0.007 0.001 0.010 0.011 0.011 
277 0.013 0.004 0.007 0.007 0.018 
278 0.006 0.014 0.016 0.012 0.019 
279 0.020 0.017 0.014 0.010 0.017 
280 0.008 0.008 0.008 0.012 0.016 
281 0.012 0.013 0.008 0.008 0.008 
282 0.011 0.014 0.015 0.012 0.011 
283 0.011 0.019 0.015 0.005 0.006 
284 0.015 0.013 0.014 0.009 0.019 
285 0.011 0.013 0.014 0.016 0.011 
286 0.014 0.007 0.010 0.000 0.001 
287 0.007 0.010 0.012 0.020 0.016 
288 0.009 0.010 0.066 0.044 0.032 
289 0.009 0.014 0.013 0.011 0.016 
290 0.008 0.020 0.016 0.009 0.005 
291 0.013 0.013 0.007 0.006 0.019 
292 0.017 0.015 0.021 0.019 0.021 
293 0.007 0.019 0.011 0.011 0.007 
294 0.015 0.007 0.010 0.011 0.011 
295 0.024 0.012 0.014 0.013 0.013 
296 0.008 0.010 0.017 0.010 0.012 
297 0.014 0.009 0.009 0.013 0.016 
298 0.011 0.006 0.011 0.010 0.008 
299 0.009 0.019 0.020 0.025 0.016 
300 0.014 0.015 0.013 0.014 0.012 
301 0.010 0.016 0.023 0.015 0.013 
302 0.020 0.013 0.016 0.009 0.010 
303 0.014 0.014 0.013 0.014 0.012 
304 0.020 0.010 0.018 0.014 0.013 
305 0.008 0.010 0.010 0.010 0.011 
306 0.002 0.010 0.006 0.005 0.011 
307 0.011 0.010 0.012 0.013 0.009 
308 0.011 0.015 0.011 0.015 0.016 
309 0.008 0.000 0.018 0.021 0.015 
310 0.013 0.013 0.015 0.010 0.013 
311 0.006 0.011 0.012 0.015 0.014 
312 0.014 0.012 0.012 0.004 0.010 
313 0.016 0.016 0.013 0.016 0.015 
314 0.010 0.012 0.014 0.010 0.012 
315 0.014 0.011 0.014 0.008 0.012 
316 0.010 0.011 0.037 0.017 0.013 
317 0.016 0.010 0.018 0.011 0.013 
318 0.012 0.009 0.013 0.011 0.011 
319 0.010 0.016 0.020 0.016 0.018 
320 0.000 0.000 0.000 0.000 0.000 
321 0.012 0.001 0.002 0.011 0.017 
322 0.005 0.020 0.057 0.014 0.014 
323 0.016 0.019 0.024 0.012 0.016 
324 0.015 0.012 0.017 0.011 0.009 
325 0.020 0.025 0.043 0.035 0.025 
326 0.004 0.008 0.012 0.015 0.015 
327 0.009 0.020 0.017 0.013 0.014 
328 0.020 0.007 0.000 0.013 0.040 
329 0.016 0.003 0.000 0.016 0.014 
330 0.008 0.001 0.008 0.012 0.011 
331 0.012 0.003 0.009 0.004 0.009 
332 0.015 0.016 0.016 0.020 0.016 
333 0.010 0.014 0.011 0.011 0.007 
334 0.004 0.001 0.010 0.016 0.011 
335 0.001 0.004 0.007 0.010 0.006 
336 0.011 0.010 0.014 0.013 0.007 
337 0.003 0.000 0.004 0.013 0.018 
338 0.006 0.009 0.009 0.010 0.011 
339 0.014 0.005 0.008 0.015 0.013 
340 0.011 0.008 0.008 0.011 0.006 
341 0.014 0.007 0.032 0.046 0.017 
342 0.012 0.015 0.010 0.020 0.011 
343 0.013 0.020 0.008 0.011 0.011 
344 0.009 0.011 0.014 0.015 0.012 
345 0.012 0.010 0.016 0.011 0.014 
346 0.005 0.011 0.019 0.025 0.019 
347 0.000 0.000 0.000 0.000 0.000 
348 0.009 0.000 0.013 0.013 0.011 
349 0.014 0.014 0.014 0.007 0.008 
350 0.018 0.014 0.006 0.011 0.012 
351 0.003 0.019 0.010 0.013 0.006 
352 0.013 0.010 0.011 0.008 0.009 
353 0.008 0.017 0.013 0.019 0.010 
354 0.011 0.011 0.020 0.017 0.014 
355 0.012 0.017 0.009 0.011 0.014 
356 0.009 0.006 0.020 0.022 0.018 
357 0.011 0.011 0.013 0.012 0.012 
358 0.010 0.009 0.023 0.022 0.010 
359 0.013 0.013 0.007 0.010 0.011 
360 0.011 0.013 0.018 0.021 0.010 
361 0.011 0.008 0.008 0.008 0.010 
362 0.008 0.009 0.010 0.009 0.011 
363 0.014 0.013 0.009 0.013 0.015 
364 0.013 0.011 0.013 0.012 0.014 
365 0.010 0.018 0.016 0.024 0.014 
366 0.015 0.011 0.006 0.013 0.006 
367 0.008 0.005 0.009 0.010 0.008 
368 0.006 0.012 0.018 0.013 0.012 
369 0.018 0.010 0.013 0.017 0.012 
370 0.012 0.012 0.008 0.012 0.015 
371 0.007 0.010 0.008 0.012 0.010 
372 0.017 0.014 0.012 0.010 0.015 
373 0.014 0.018 0.009 0.017 0.011 
374 0.007 0.005 0.005 0.010 0.016 
375 0.009 0.016 0.014 0.014 0.012 
376 0.013 0.011 0.009 0.009 0.012 
377 0.021 0.005 0.025 0.003 0.009 
378 0.007 0.013 0.008 0.010 0.012 
379 0.006 0.014 0.019 0.005 0.004 
380 0.008 0.000 0.006 0.005 0.014 
381 0.005 0.014 0.017 0.016 0.017 
382 0.008 0.006 0.011 0.013 0.013 
383 0.019 0.023 0.013 0.025 0.017 
384 0.012 0.011 0.011 0.013 0.016 
385 0.010 0.018 0.014 0.012 0.007 
386 0.010 0.011 0.010 0.007 0.016 
387 0.009 0.010 0.006 0.007 0.010 
388 0.012 0.013 0.010 0.006 0.011 
389 0.011 0.010 0.011 0.010 0.012 
390 0.008 0.010 0.013 0.012 0.015 
391 0.015 0.021 0.026 0.006 0.010 
392 0.020 0.004 0.008 0.017 0.017 
393 0.020 0.018 0.018 0.016 0.023 
394 0.014 0.012 0.014 0.011 0.012 
395 0.011 0.008 0.010 0.013 0.023 
396 0.010 0.010 0.008 0.008 0.008 
397 0.009 0.010 0.009 0.009 0.012 
398 0.012 0.005 0.006 0.005 0.011 
399 0.011 0.010 0.011 0.012 0.010 
400 0.000 0.000 0.000 0.000 0.000 
401 0.016 0.004 0.002 0.013 0.012 
402 0.012 0.012 0.011 0.014 0.008 
403 0.017 0.014 0.017 0.014 0.015 
404 0.001 0.000 0.002 0.005 0.004 
405 0.004 0.000 0.007 0.013 0.017 
406 0.021 0.014 0.017 0.015 0.022 
407 0.023 0.013 0.018 0.017 0.011 
408 0.016 0.017 0.011 0.021 0.014 
409 0.020 0.007 0.011 0.012 0.013 
410 0.007 0.004 0.006 0.005 0.004 
411 0.013 0.011 0.011 0.010 0.008 
412 0.016 0.013 0.015 0.013 0.019 
413 0.014 0.014 0.012 0.015 0.015 
414 0.010 0.008 0.011 0.014 0.019 
415 0.013 0.013 0.017 0.012 0.014 
416 0.016 0.012 0.013 0.012 0.013 
417 0.011 0.015 0.014 0.013 0.018 
418 0.012 0.015 0.014 0.012 0.017 
419 0.008 0.009 0.009 0.013 0.017 
420 0.013 0.014 0.012 0.015 0.011 
421 0.012 0.012 0.012 0.011 0.014 
422 0.011 0.010 0.011 0.007 0.002 
423 0.016 0.012 0.009 0.015 0.018 
424 0.007 0.006 0.006 0.004 0.005 
425 0.009 0.011 0.015 0.011 0.017 
426 0.009 0.005 0.012 0.005 0.007 
427 0.003 0.003 0.007 0.004 0.007 
428 0.010 0.012 0.011 0.012 0.011 
429 0.015 0.044 0.030 0.048 0.007 
430 0.018 0.015 0.004 0.005 0.009 
431 0.019 0.014 0.010 0.015 0.010 
432 0.006 0.004 0.006 0.007 0.005 
433 0.009 0.013 0.013 0.016 0.022 
434 0.009 0.014 0.014 0.016 0.014 
435 0.013 0.018 0.012 0.018 0.007 
436 0.010 0.008 0.000 0.008 0.011 
437 0.016 0.011 0.015 0.007 0.019 
438 0.007 0.016 0.004 0.009 0.009 
439 0.017 0.010 0.010 0.010 0.009 
440 0.015 0.019 0.022 0.010 0.028 
441 0.007 0.017 0.014 0.027 0.029 
442 0.008 0.000 0.008 0.014 0.017 
443 0.017 0.015 0.011 0.010 0.012 
444 0.015 0.025 0.010 0.027 0.008 
445 0.006 0.008 0.009 0.011 0.014 
446 0.011 0.010 0.015 0.013 0.007 
447 0.005 0.012 0.004 0.011 0.006 
448 0.017 0.027 0.024 0.026 0.039 
449 0.020 0.013 0.011 0.008 0.009 
45 0.013 0.015 0.014 0.015 0.011 
450 0.016 0.011 0.014 0.006 0.014 
451 0.005 0.005 0.013 0.012 0.016 
452 0.014 0.018 0.013 0.012 0.024 
453 0.031 0.031 0.013 0.015 0.010 
454 0.025 0.015 0.009 0.016 0.015 
455 0.018 0.002 0.000 0.009 0.015 
456 0.006 0.000 0.006 0.009 0.010 
457 0.009 0.021 0.014 0.019 0.016 
458 0.007 0.007 0.015 0.014 0.014 
459 0.011 0.017 0.012 0.013 0.014 
46 0.009 0.010 0.013 0.014 0.006 
460 0.011 0.011 0.009 0.001 0.009 
461 0.010 0.019 0.016 0.013 0.017 
462 0.007 0.006 0.006 0.004 0.005 
463 0.022 0.017 0.026 0.020 0.010 
464 0.015 0.013 0.021 0.011 0.012 
465 0.008 0.012 0.009 0.009 0.018 
466 0.014 0.011 0.004 0.009 0.049 
467 0.000 0.000 0.000 0.000 0.000 
468 0.000 0.000 0.000 0.000 0.000 
469 0.015 0.021 0.016 0.014 0.010 
47 0.009 0.000 0.000 0.022 0.023 
470 0.021 0.016 0.013 0.014 0.025 
471 0.013 0.011 0.015 0.013 0.014 
472 0.008 0.008 0.006 0.012 0.012 
473 0.007 0.008 0.007 0.011 0.013 
474 0.012 0.018 0.011 0.014 0.012 
475 0.016 0.016 0.017 0.013 0.011 
476 0.014 0.008 0.021 0.017 0.008 
477 0.014 0.006 0.007 0.007 0.012 
478 0.013 0.006 0.010 0.010 0.008 
479 0.017 0.008 0.007 0.010 0.017 
48 0.011 0.025 0.009 0.015 0.013 
480 0.000 0.000 0.000 0.000 0.000 
481 0.013 0.014 0.011 0.011 0.009 
482 0.011 0.009 0.008 0.011 0.009 
483 0.011 0.017 0.027 0.017 0.008 
484 0.003 0.009 0.022 0.014 0.009 
485 0.014 0.007 0.011 0.012 0.023 
486 0.018 0.015 0.011 0.009 0.017 
487 0.014 0.012 0.015 0.008 0.011 
488 0.013 0.010 0.012 0.019 0.016 
489 0.012 0.014 0.021 0.015 0.020 
49 0.014 0.018 0.017 0.013 0.023 
490 0.011 0.011 0.012 0.011 0.011 
491 0.012 0.010 0.009 0.015 0.012 
492 0.006 0.006 0.008 0.018 0.018 
493 0.016 0.014 0.012 0.012 0.011 
494 0.014 0.020 0.012 0.015 0.001 
495 0.001 0.013 0.011 0.009 0.011 
496 0.006 0.006 0.008 0.002 0.006 
497 0.007 0.006 0.006 0.007 0.005 
498 0.021 0.017 0.009 0.009 0.010 
499 0.020 0.010 0.010 0.012 0.013 
50 0.013 0.011 0.009 0.010 0.011 
500 0.009 0.012 0.009 0.008 0.010 
501 0.017 0.006 0.006 0.006 0.009 
502 0.008 0.012 0.003 0.009 0.005 
503 0.010 0.010 0.022 0.018 0.022 
504 0.009 0.010 0.006 0.008 0.019 
505 0.010 0.010 0.011 0.012 0.005 
506 0.011 0.010 0.019 0.009 0.009 
507 0.023 0.020 0.026 0.023 0.017 
508 0.008 0.008 0.008 0.009 0.009 
509 0.004 0.006 0.006 0.011 0.009 
51 0.012 0.009 0.007 0.017 0.010 
510 0.010 0.009 0.019 0.002 0.001 
511 0.012 0.015 0.014 0.015 0.008 
512 0.013 0.007 0.014 0.008 0.009 
513 0.016 0.011 0.014 0.017 0.012 
514 0.013 0.014 0.011 0.008 0.010 
515 0.012 0.038 0.056 0.055 0.014 
516 0.005 0.005 0.005 0.005 0.008 
517 0.010 0.010 0.012 0.018 0.009 
518 0.012 0.010 0.018 0.014 0.012 
519 0.008 0.004 0.021 0.010 0.018 
52 0.013 0.015 0.013 0.020 0.014 
520 0.017 0.009 0.009 0.001 0.012 
521 0.013 0.013 0.012 0.012 0.015 
522 0.016 0.020 0.018 0.010 0.006 
523 0.013 0.012 0.016 0.017 0.016 
524 0.013 0.017 0.010 0.016 0.012 
525 0.031 0.012 0.015 0.016 0.019 
526 0.012 0.012 0.013 0.012 0.009 
527 0.027 0.014 0.008 0.007 0.013 
528 0.003 0.001 0.001 0.001 0.002 
529 0.016 0.021 0.011 0.010 0.009 
53 0.017 0.015 0.016 0.019 0.017 
530 0.015 0.007 0.017 0.013 0.014 
531 0.005 0.011 0.006 0.010 0.012 
532 0.000 0.000 0.000 0.000 0.000 
533 0.000 0.000 0.000 0.000 0.000 
534 0.009 0.007 0.010 0.008 0.010 
535 0.011 0.012 0.010 0.014 0.008 
536 0.016 0.015 0.016 0.011 0.010 
537 0.013 0.013 0.010 0.017 0.012 
538 0.008 0.013 0.006 0.016 0.005 
539 0.010 0.009 0.010 0.010 0.015 
54 0.011 0.012 0.013 0.016 0.009 
540 0.002 0.012 0.016 0.020 0.013 
541 0.008 0.013 0.005 0.013 0.022 
542 0.008 0.015 0.007 0.014 0.011 
543 0.010 0.012 0.010 0.010 0.010 
544 0.009 0.012 0.020 0.026 0.005 
545 0.020 0.016 0.012 0.023 0.009 
546 0.012 0.010 0.006 0.009 0.005 
547 0.008 0.009 0.017 0.018 0.011 
548 0.016 0.021 0.021 0.021 0.021 
549 0.017 0.016 0.013 0.009 0.015 
55 0.013 0.014 0.008 0.009 0.010 
550 0.012 0.010 0.010 0.013 0.014 
551 0.015 0.027 0.008 0.021 0.010 
552 0.013 0.013 0.013 0.010 0.009 
553 0.005 0.008 0.008 0.007 0.006 
554 0.012 0.010 0.010 0.013 0.010 
555 0.010 0.013 0.011 0.012 0.011 
556 0.008 0.011 0.005 0.004 0.012 
557 0.007 0.013 0.015 0.014 0.035 
558 0.024 0.012 0.008 0.012 0.021 
559 0.013 0.013 0.017 0.013 0.015 
56 0.017 0.017 0.016 0.016 0.016 
560 0.000 0.000 0.000 0.000 0.000 
561 0.012 0.001 0.000 0.008 0.008 
562 0.019 0.012 0.022 0.011 0.012 
563 0.007 0.010 0.010 0.009 0.007 
564 0.030 0.020 0.025 0.014 0.011 
565 0.017 0.020 0.025 0.021 0.029 
566 0.010 0.009 0.008 0.014 0.013 
567 0.017 0.016 0.011 0.008 0.006 
568 0.025 0.011 0.009 0.019 0.023 
569 0.023 0.059 0.052 0.050 0.027 
57 0.008 0.014 0.009 0.013 0.017 
570 0.015 0.012 0.028 0.019 0.003 
571 0.013 0.016 0.014 0.012 0.018 
572 0.005 0.010 0.005 0.002 0.011 
573 0.011 0.014 0.014 0.014 0.010 
574 0.011 0.007 0.006 0.006 0.003 
575 0.012 0.009 0.010 0.007 0.011 
576 0.023 0.033 0.034 0.034 0.034 
577 0.014 0.016 0.008 0.025 0.010 
578 0.015 0.012 0.007 0.013 0.013 
579 0.008 0.007 0.007 0.011 0.015 
58 0.013 0.012 0.013 0.024 0.012 
580 0.000 0.000 0.000 0.000 0.000 
581 0.010 0.015 0.010 0.011 0.009 
582 0.004 0.014 0.010 0.014 0.006 
583 0.016 0.013 0.015 0.012 0.009 
584 0.013 0.013 0.020 0.012 0.019 
585 0.000 0.000 0.011 0.012 0.015 
586 0.009 0.010 0.008 0.009 0.009 
587 0.009 0.009 0.005 0.011 0.015 
588 0.011 0.009 0.006 0.007 0.005 
589 0.015 0.012 0.012 0.012 0.009 
59 0.008 0.013 0.016 0.009 0.012 
590 0.011 0.009 0.006 0.004 0.006 
591 0.013 0.011 0.012 0.022 0.012 
592 0.008 0.016 0.014 0.015 0.014 
593 0.007 0.016 0.008 0.013 0.012 
594 0.007 0.009 0.010 0.014 0.010 
595 0.006 0.004 0.009 0.007 0.014 
596 0.013 0.009 0.011 0.011 0.023 
597 0.014 0.017 0.017 0.010 0.011 
598 0.007 0.010 0.009 0.009 0.012 
599 0.010 0.013 0.015 0.017 0.013 
60 0.011 0.014 0.014 0.012 0.010 
600 0.009 0.008 0.008 0.007 0.010 
601 0.003 0.004 0.004 0.005 0.006 
602 0.001 0.031 0.008 0.018 0.004 
603 0.013 0.012 0.010 0.009 0.016 
604 0.008 0.008 0.012 0.009 0.012 
605 0.009 0.013 0.010 0.006 0.014 
606 0.013 0.010 0.012 0.012 0.020 
607 0.014 0.016 0.012 0.017 0.007 
608 0.015 0.011 0.009 0.010 0.012 
609 0.017 0.015 0.004 0.006 0.017 
61 0.015 0.017 0.017 0.009 0.010 
610 0.019 0.016 0.015 0.019 0.014 
611 0.022 0.011 0.006 0.013 0.004 
612 0.018 0.015 0.004 0.009 0.016 
613 0.014 0.008 0.012 0.011 0.008 
614 0.009 0.009 0.017 0.015 0.018 
615 0.015 0.011 0.013 0.006 0.015 
616 0.013 0.018 0.016 0.013 0.015 
617 0.008 0.009 0.007 0.012 0.004 
618 0.016 0.015 0.014 0.011 0.018 
619 0.009 0.014 0.014 0.012 0.013 
62 0.012 0.011 0.010 0.013 0.012 
620 0.014 0.022 0.012 0.015 0.015 
621 0.005 0.025 0.058 0.080 0.073 
622 0.006 0.012 0.008 0.006 0.008 
623 0.000 0.000 0.011 0.011 0.009 
624 0.026 0.016 0.026 0.016 0.013 
625 0.018 0.014 0.009 0.014 0.012 
626 0.006 0.016 0.006 0.005 0.006 
627 0.019 0.014 0.010 0.012 0.009 
628 0.003 0.003 0.002 0.004 0.009 
629 0.006 0.008 0.009 0.014 0.013 
63 0.016 0.016 0.014 0.012 0.016 
630 0.005 0.007 0.008 0.012 0.026 
631 0.008 0.006 0.017 0.015 0.011 
632 0.012 0.013 0.008 0.008 0.011 
633 0.007 0.011 0.015 0.011 0.014 
634 0.007 0.013 0.012 0.012 0.012 
635 0.011 0.009 0.009 0.005 0.001 
636 0.007 0.013 0.010 0.017 0.011 
637 0.006 0.023 0.012 0.017 0.016 
638 0.019 0.019 0.034 0.009 0.019 
639 0.011 0.000 0.000 0.005 0.020 
64 0.014 0.008 0.014 0.011 0.016 
640 0.000 0.000 0.000 0.000 0.000 
641 0.007 0.006 0.013 0.013 0.008 
642 0.026 0.030 0.011 0.009 0.027 
643 0.012 0.015 0.013 0.018 0.012 
644 0.007 0.000 0.013 0.010 0.006 
645 0.010 0.016 0.014 0.010 0.013 
646 0.009 0.004 0.006 0.006 0.006 
647 0.011 0.006 0.011 0.014 0.018 
648 0.009 0.011 0.008 0.009 0.006 
649 0.015 0.010 0.020 0.013 0.012 
65 0.009 0.007 0.006 0.009 0.009 
650 0.009 0.016 0.008 0.018 0.016 
651 0.009 0.014 0.001 0.006 0.007 
652 0.008 0.013 0.012 0.016 0.004 
653 0.011 0.010 0.012 0.011 0.009 
654 0.016 0.014 0.011 0.011 0.010 
655 0.012 0.012 0.008 0.000 0.004 
656 0.007 0.012 0.009 0.009 0.014 
657 0.016 0.014 0.010 0.015 0.013 
658 0.009 0.012 0.014 0.008 0.010 
659 0.010 0.010 0.019 0.036 0.028 
66 0.015 0.008 0.004 0.008 0.005 
660 0.000 0.000 0.000 0.000 0.000 
661 0.000 0.000 0.000 0.000 0.000 
662 0.000 0.000 0.000 0.000 0.000 
663 0.000 0.000 0.000 0.000 0.000 
664 0.008 0.012 0.009 0.010 0.008 
665 0.011 0.011 0.014 0.007 0.018 
666 0.028 0.034 0.017 0.021 0.021 
67 0.020 0.021 0.016 0.019 0.019 
68 0.010 0.016 0.013 0.005 0.014 
69 0.016 0.015 0.022 0.014 0.011 
70 0.012 0.019 0.016 0.020 0.016 
71 0.007 0.014 0.017 0.009 0.012 
72 0.013 0.009 0.015 0.010 0.018 
73 0.031 0.016 0.013 0.015 0.009 
74 0.005 0.004 0.004 0.015 0.005 
75 0.027 0.016 0.013 0.015 0.010 
76 0.007 0.015 0.014 0.010 0.011 
77 0.011 0.011 0.002 0.011 0.013 
78 0.006 0.014 0.016 0.012 0.016 
79 0.017 0.011 0.010 0.023 0.019 
80 0.000 0.000 0.000 0.000 0.000 
81 0.022 0.011 0.009 0.013 0.005 
82 0.016 0.011 0.000 0.021 0.070 
83 0.014 0.012 0.010 0.009 0.012 
84 0.014 0.010 0.010 0.008 0.006 
85 0.000 0.000 0.008 0.016 0.009 
86 0.009 0.013 0.015 0.015 0.010 
87 0.007 0.008 0.012 0.014 0.008 
88 0.056 0.009 0.014 0.012 0.011 
89 0.012 0.011 0.011 0.011 0.012 
90 0.014 0.010 0.006 0.012 0.014 
91 0.026 0.012 0.013 0.016 0.015 
92 0.000 0.000 0.000 0.000 0.000 
93 0.029 0.013 0.014 0.017 0.015 
94 0.011 0.011 0.012 0.010 0.009 
95 0.019 0.027 0.022 0.028 0.021 
96 0.012 0.008 0.008 0.008 0.008 
97 0.012 0.011 0.011 0.012 0.013 
98 0.015 0.012 0.010 0.011 0.006 
99 0.016 0.018 0.015 0.014 0.009 
